<!DOCTYPE html>
<html>
<head>
<meta http-equiv="Content-Type" content="text/html; charset=utf-8"/>
<meta http-equiv="x-ua-compatible" content="IE=edge"/>
<title>Test results - InitializeRegistrationRetriesIntegrationTest</title>
<link href="../css/base-style.css" rel="stylesheet" type="text/css"/>
<link href="../css/style.css" rel="stylesheet" type="text/css"/>
<script src="../js/report.js" type="text/javascript"></script>
</head>
<body>
<div id="content">
<h1>InitializeRegistrationRetriesIntegrationTest</h1>
<div class="breadcrumbs">
<a href="../index.html">all</a> &gt; 
<a href="../packages/com.meawallet.sdkregistry.itest.registration.initialize.html">com.meawallet.sdkregistry.itest.registration.initialize</a> &gt; InitializeRegistrationRetriesIntegrationTest</div>
<div id="summary">
<table>
<tr>
<td>
<div class="summaryGroup">
<table>
<tr>
<td>
<div class="infoBox" id="tests">
<div class="counter">10</div>
<p>tests</p>
</div>
</td>
<td>
<div class="infoBox" id="failures">
<div class="counter">6</div>
<p>failures</p>
</div>
</td>
<td>
<div class="infoBox" id="ignored">
<div class="counter">0</div>
<p>ignored</p>
</div>
</td>
<td>
<div class="infoBox" id="duration">
<div class="counter">7.298s</div>
<p>duration</p>
</div>
</td>
</tr>
</table>
</div>
</td>
<td>
<div class="infoBox failures" id="successRate">
<div class="percent">40%</div>
<p>successful</p>
</div>
</td>
</tr>
</table>
</div>
<div id="tabs">
<ul class="tabLinks">
<li>
<a href="#tab0">Failed tests</a>
</li>
<li>
<a href="#tab1">Tests</a>
</li>
<li>
<a href="#tab2">Standard output</a>
</li>
</ul>
<div id="tab0" class="tab">
<h2>Failed tests</h2>
<div class="test">
<a name="shouldEncryptKeysAndSkipAllOtherStepsWhen1stAttemptWasSuccessful()"></a>
<h3 class="failures">shouldEncryptKeysAndSkipAllOtherStepsWhen1stAttemptWasSuccessful()</h3>
<span class="code">
<pre>java.lang.AssertionError: Status expected:&lt;200 OK&gt; but was:&lt;400 BAD_REQUEST&gt;
	at org.springframework.test.util.AssertionErrors.fail(AssertionErrors.java:59)
	at org.springframework.test.util.AssertionErrors.assertEquals(AssertionErrors.java:122)
	at org.springframework.test.web.reactive.server.StatusAssertions.lambda$assertStatusAndReturn$4(StatusAssertions.java:225)
	at org.springframework.test.web.reactive.server.ExchangeResult.assertWithDiagnostics(ExchangeResult.java:227)
	at org.springframework.test.web.reactive.server.StatusAssertions.assertStatusAndReturn(StatusAssertions.java:225)
	at org.springframework.test.web.reactive.server.StatusAssertions.isOk(StatusAssertions.java:67)
	at com.meawallet.sdkregistry.itest.registration.initialize.InitializeRegistrationRetriesIntegrationTest.shouldEncryptKeysAndSkipAllOtherStepsWhen1stAttemptWasSuccessful(InitializeRegistrationRetriesIntegrationTest.java:233)
	at java.base/jdk.internal.reflect.NativeMethodAccessorImpl.invoke0(Native Method)
	at java.base/jdk.internal.reflect.NativeMethodAccessorImpl.invoke(NativeMethodAccessorImpl.java:62)
	at java.base/jdk.internal.reflect.DelegatingMethodAccessorImpl.invoke(DelegatingMethodAccessorImpl.java:43)
	at java.base/java.lang.reflect.Method.invoke(Method.java:566)
	at org.junit.platform.commons.util.ReflectionUtils.invokeMethod(ReflectionUtils.java:688)
	at org.junit.jupiter.engine.execution.MethodInvocation.proceed(MethodInvocation.java:60)
	at org.junit.jupiter.engine.execution.InvocationInterceptorChain$ValidatingInvocation.proceed(InvocationInterceptorChain.java:131)
	at org.junit.jupiter.engine.extension.TimeoutExtension.intercept(TimeoutExtension.java:149)
	at org.junit.jupiter.engine.extension.TimeoutExtension.interceptTestableMethod(TimeoutExtension.java:140)
	at org.junit.jupiter.engine.extension.TimeoutExtension.interceptTestMethod(TimeoutExtension.java:84)
	at org.junit.jupiter.engine.execution.ExecutableInvoker$ReflectiveInterceptorCall.lambda$ofVoidMethod$0(ExecutableInvoker.java:115)
	at org.junit.jupiter.engine.execution.ExecutableInvoker.lambda$invoke$0(ExecutableInvoker.java:105)
	at org.junit.jupiter.engine.execution.InvocationInterceptorChain$InterceptedInvocation.proceed(InvocationInterceptorChain.java:106)
	at org.junit.jupiter.engine.execution.InvocationInterceptorChain.proceed(InvocationInterceptorChain.java:64)
	at org.junit.jupiter.engine.execution.InvocationInterceptorChain.chainAndInvoke(InvocationInterceptorChain.java:45)
	at org.junit.jupiter.engine.execution.InvocationInterceptorChain.invoke(InvocationInterceptorChain.java:37)
	at org.junit.jupiter.engine.execution.ExecutableInvoker.invoke(ExecutableInvoker.java:104)
	at org.junit.jupiter.engine.execution.ExecutableInvoker.invoke(ExecutableInvoker.java:98)
	at org.junit.jupiter.engine.descriptor.TestMethodTestDescriptor.lambda$invokeTestMethod$6(TestMethodTestDescriptor.java:210)
	at org.junit.platform.engine.support.hierarchical.ThrowableCollector.execute(ThrowableCollector.java:73)
	at org.junit.jupiter.engine.descriptor.TestMethodTestDescriptor.invokeTestMethod(TestMethodTestDescriptor.java:206)
	at org.junit.jupiter.engine.descriptor.TestMethodTestDescriptor.execute(TestMethodTestDescriptor.java:131)
	at org.junit.jupiter.engine.descriptor.TestMethodTestDescriptor.execute(TestMethodTestDescriptor.java:65)
	at org.junit.platform.engine.support.hierarchical.NodeTestTask.lambda$executeRecursively$5(NodeTestTask.java:139)
	at org.junit.platform.engine.support.hierarchical.ThrowableCollector.execute(ThrowableCollector.java:73)
	at org.junit.platform.engine.support.hierarchical.NodeTestTask.lambda$executeRecursively$7(NodeTestTask.java:129)
	at org.junit.platform.engine.support.hierarchical.Node.around(Node.java:137)
	at org.junit.platform.engine.support.hierarchical.NodeTestTask.lambda$executeRecursively$8(NodeTestTask.java:127)
	at org.junit.platform.engine.support.hierarchical.ThrowableCollector.execute(ThrowableCollector.java:73)
	at org.junit.platform.engine.support.hierarchical.NodeTestTask.executeRecursively(NodeTestTask.java:126)
	at org.junit.platform.engine.support.hierarchical.NodeTestTask.execute(NodeTestTask.java:84)
	at java.base/java.util.ArrayList.forEach(ArrayList.java:1541)
	at org.junit.platform.engine.support.hierarchical.SameThreadHierarchicalTestExecutorService.invokeAll(SameThreadHierarchicalTestExecutorService.java:38)
	at org.junit.platform.engine.support.hierarchical.NodeTestTask.lambda$executeRecursively$5(NodeTestTask.java:143)
	at org.junit.platform.engine.support.hierarchical.ThrowableCollector.execute(ThrowableCollector.java:73)
	at org.junit.platform.engine.support.hierarchical.NodeTestTask.lambda$executeRecursively$7(NodeTestTask.java:129)
	at org.junit.platform.engine.support.hierarchical.Node.around(Node.java:137)
	at org.junit.platform.engine.support.hierarchical.NodeTestTask.lambda$executeRecursively$8(NodeTestTask.java:127)
	at org.junit.platform.engine.support.hierarchical.ThrowableCollector.execute(ThrowableCollector.java:73)
	at org.junit.platform.engine.support.hierarchical.NodeTestTask.executeRecursively(NodeTestTask.java:126)
	at org.junit.platform.engine.support.hierarchical.NodeTestTask.execute(NodeTestTask.java:84)
	at java.base/java.util.ArrayList.forEach(ArrayList.java:1541)
	at org.junit.platform.engine.support.hierarchical.SameThreadHierarchicalTestExecutorService.invokeAll(SameThreadHierarchicalTestExecutorService.java:38)
	at org.junit.platform.engine.support.hierarchical.NodeTestTask.lambda$executeRecursively$5(NodeTestTask.java:143)
	at org.junit.platform.engine.support.hierarchical.ThrowableCollector.execute(ThrowableCollector.java:73)
	at org.junit.platform.engine.support.hierarchical.NodeTestTask.lambda$executeRecursively$7(NodeTestTask.java:129)
	at org.junit.platform.engine.support.hierarchical.Node.around(Node.java:137)
	at org.junit.platform.engine.support.hierarchical.NodeTestTask.lambda$executeRecursively$8(NodeTestTask.java:127)
	at org.junit.platform.engine.support.hierarchical.ThrowableCollector.execute(ThrowableCollector.java:73)
	at org.junit.platform.engine.support.hierarchical.NodeTestTask.executeRecursively(NodeTestTask.java:126)
	at org.junit.platform.engine.support.hierarchical.NodeTestTask.execute(NodeTestTask.java:84)
	at org.junit.platform.engine.support.hierarchical.SameThreadHierarchicalTestExecutorService.submit(SameThreadHierarchicalTestExecutorService.java:32)
	at org.junit.platform.engine.support.hierarchical.HierarchicalTestExecutor.execute(HierarchicalTestExecutor.java:57)
	at org.junit.platform.engine.support.hierarchical.HierarchicalTestEngine.execute(HierarchicalTestEngine.java:51)
	at org.junit.platform.launcher.core.EngineExecutionOrchestrator.execute(EngineExecutionOrchestrator.java:108)
	at org.junit.platform.launcher.core.EngineExecutionOrchestrator.execute(EngineExecutionOrchestrator.java:88)
	at org.junit.platform.launcher.core.EngineExecutionOrchestrator.lambda$execute$0(EngineExecutionOrchestrator.java:54)
	at org.junit.platform.launcher.core.EngineExecutionOrchestrator.withInterceptedStreams(EngineExecutionOrchestrator.java:67)
	at org.junit.platform.launcher.core.EngineExecutionOrchestrator.execute(EngineExecutionOrchestrator.java:52)
	at org.junit.platform.launcher.core.DefaultLauncher.execute(DefaultLauncher.java:96)
	at org.junit.platform.launcher.core.DefaultLauncher.execute(DefaultLauncher.java:75)
	at org.gradle.api.internal.tasks.testing.junitplatform.JUnitPlatformTestClassProcessor$CollectAllTestClassesExecutor.processAllTestClasses(JUnitPlatformTestClassProcessor.java:99)
	at org.gradle.api.internal.tasks.testing.junitplatform.JUnitPlatformTestClassProcessor$CollectAllTestClassesExecutor.access$000(JUnitPlatformTestClassProcessor.java:79)
	at org.gradle.api.internal.tasks.testing.junitplatform.JUnitPlatformTestClassProcessor.stop(JUnitPlatformTestClassProcessor.java:75)
	at org.gradle.api.internal.tasks.testing.SuiteTestClassProcessor.stop(SuiteTestClassProcessor.java:61)
	at java.base/jdk.internal.reflect.NativeMethodAccessorImpl.invoke0(Native Method)
	at java.base/jdk.internal.reflect.NativeMethodAccessorImpl.invoke(NativeMethodAccessorImpl.java:62)
	at java.base/jdk.internal.reflect.DelegatingMethodAccessorImpl.invoke(DelegatingMethodAccessorImpl.java:43)
	at java.base/java.lang.reflect.Method.invoke(Method.java:566)
	at org.gradle.internal.dispatch.ReflectionDispatch.dispatch(ReflectionDispatch.java:36)
	at org.gradle.internal.dispatch.ReflectionDispatch.dispatch(ReflectionDispatch.java:24)
	at org.gradle.internal.dispatch.ContextClassLoaderDispatch.dispatch(ContextClassLoaderDispatch.java:33)
	at org.gradle.internal.dispatch.ProxyDispatchAdapter$DispatchingInvocationHandler.invoke(ProxyDispatchAdapter.java:94)
	at com.sun.proxy.$Proxy2.stop(Unknown Source)
	at org.gradle.api.internal.tasks.testing.worker.TestWorker.stop(TestWorker.java:133)
	at java.base/jdk.internal.reflect.NativeMethodAccessorImpl.invoke0(Native Method)
	at java.base/jdk.internal.reflect.NativeMethodAccessorImpl.invoke(NativeMethodAccessorImpl.java:62)
	at java.base/jdk.internal.reflect.DelegatingMethodAccessorImpl.invoke(DelegatingMethodAccessorImpl.java:43)
	at java.base/java.lang.reflect.Method.invoke(Method.java:566)
	at org.gradle.internal.dispatch.ReflectionDispatch.dispatch(ReflectionDispatch.java:36)
	at org.gradle.internal.dispatch.ReflectionDispatch.dispatch(ReflectionDispatch.java:24)
	at org.gradle.internal.remote.internal.hub.MessageHubBackedObjectConnection$DispatchWrapper.dispatch(MessageHubBackedObjectConnection.java:182)
	at org.gradle.internal.remote.internal.hub.MessageHubBackedObjectConnection$DispatchWrapper.dispatch(MessageHubBackedObjectConnection.java:164)
	at org.gradle.internal.remote.internal.hub.MessageHub$Handler.run(MessageHub.java:414)
	at org.gradle.internal.concurrent.ExecutorPolicy$CatchAndRecordFailures.onExecute(ExecutorPolicy.java:64)
	at org.gradle.internal.concurrent.ManagedExecutorImpl$1.run(ManagedExecutorImpl.java:48)
	at java.base/java.util.concurrent.ThreadPoolExecutor.runWorker(ThreadPoolExecutor.java:1128)
	at java.base/java.util.concurrent.ThreadPoolExecutor$Worker.run(ThreadPoolExecutor.java:628)
	at org.gradle.internal.concurrent.ThreadFactoryImpl$ManagedThreadRunnable.run(ThreadFactoryImpl.java:56)
	at java.base/java.lang.Thread.run(Thread.java:834)
</pre>
</span>
</div>
<div class="test">
<a name="shouldFailWhenRegistrationWasCompleted()"></a>
<h3 class="failures">shouldFailWhenRegistrationWasCompleted()</h3>
<span class="code">
<pre>java.lang.AssertionError: Status expected:&lt;400 BAD_REQUEST&gt; but was:&lt;500 INTERNAL_SERVER_ERROR&gt;
	at org.springframework.test.util.AssertionErrors.fail(AssertionErrors.java:59)
	at org.springframework.test.util.AssertionErrors.assertEquals(AssertionErrors.java:122)
	at org.springframework.test.web.reactive.server.StatusAssertions.lambda$assertStatusAndReturn$4(StatusAssertions.java:225)
	at org.springframework.test.web.reactive.server.ExchangeResult.assertWithDiagnostics(ExchangeResult.java:227)
	at org.springframework.test.web.reactive.server.StatusAssertions.assertStatusAndReturn(StatusAssertions.java:225)
	at org.springframework.test.web.reactive.server.StatusAssertions.isBadRequest(StatusAssertions.java:130)
	at com.meawallet.sdkregistry.itest.registration.initialize.InitializeRegistrationRetriesIntegrationTest.shouldFailWhenRegistrationWasCompleted(InitializeRegistrationRetriesIntegrationTest.java:171)
	at java.base/jdk.internal.reflect.NativeMethodAccessorImpl.invoke0(Native Method)
	at java.base/jdk.internal.reflect.NativeMethodAccessorImpl.invoke(NativeMethodAccessorImpl.java:62)
	at java.base/jdk.internal.reflect.DelegatingMethodAccessorImpl.invoke(DelegatingMethodAccessorImpl.java:43)
	at java.base/java.lang.reflect.Method.invoke(Method.java:566)
	at org.junit.platform.commons.util.ReflectionUtils.invokeMethod(ReflectionUtils.java:688)
	at org.junit.jupiter.engine.execution.MethodInvocation.proceed(MethodInvocation.java:60)
	at org.junit.jupiter.engine.execution.InvocationInterceptorChain$ValidatingInvocation.proceed(InvocationInterceptorChain.java:131)
	at org.junit.jupiter.engine.extension.TimeoutExtension.intercept(TimeoutExtension.java:149)
	at org.junit.jupiter.engine.extension.TimeoutExtension.interceptTestableMethod(TimeoutExtension.java:140)
	at org.junit.jupiter.engine.extension.TimeoutExtension.interceptTestMethod(TimeoutExtension.java:84)
	at org.junit.jupiter.engine.execution.ExecutableInvoker$ReflectiveInterceptorCall.lambda$ofVoidMethod$0(ExecutableInvoker.java:115)
	at org.junit.jupiter.engine.execution.ExecutableInvoker.lambda$invoke$0(ExecutableInvoker.java:105)
	at org.junit.jupiter.engine.execution.InvocationInterceptorChain$InterceptedInvocation.proceed(InvocationInterceptorChain.java:106)
	at org.junit.jupiter.engine.execution.InvocationInterceptorChain.proceed(InvocationInterceptorChain.java:64)
	at org.junit.jupiter.engine.execution.InvocationInterceptorChain.chainAndInvoke(InvocationInterceptorChain.java:45)
	at org.junit.jupiter.engine.execution.InvocationInterceptorChain.invoke(InvocationInterceptorChain.java:37)
	at org.junit.jupiter.engine.execution.ExecutableInvoker.invoke(ExecutableInvoker.java:104)
	at org.junit.jupiter.engine.execution.ExecutableInvoker.invoke(ExecutableInvoker.java:98)
	at org.junit.jupiter.engine.descriptor.TestMethodTestDescriptor.lambda$invokeTestMethod$6(TestMethodTestDescriptor.java:210)
	at org.junit.platform.engine.support.hierarchical.ThrowableCollector.execute(ThrowableCollector.java:73)
	at org.junit.jupiter.engine.descriptor.TestMethodTestDescriptor.invokeTestMethod(TestMethodTestDescriptor.java:206)
	at org.junit.jupiter.engine.descriptor.TestMethodTestDescriptor.execute(TestMethodTestDescriptor.java:131)
	at org.junit.jupiter.engine.descriptor.TestMethodTestDescriptor.execute(TestMethodTestDescriptor.java:65)
	at org.junit.platform.engine.support.hierarchical.NodeTestTask.lambda$executeRecursively$5(NodeTestTask.java:139)
	at org.junit.platform.engine.support.hierarchical.ThrowableCollector.execute(ThrowableCollector.java:73)
	at org.junit.platform.engine.support.hierarchical.NodeTestTask.lambda$executeRecursively$7(NodeTestTask.java:129)
	at org.junit.platform.engine.support.hierarchical.Node.around(Node.java:137)
	at org.junit.platform.engine.support.hierarchical.NodeTestTask.lambda$executeRecursively$8(NodeTestTask.java:127)
	at org.junit.platform.engine.support.hierarchical.ThrowableCollector.execute(ThrowableCollector.java:73)
	at org.junit.platform.engine.support.hierarchical.NodeTestTask.executeRecursively(NodeTestTask.java:126)
	at org.junit.platform.engine.support.hierarchical.NodeTestTask.execute(NodeTestTask.java:84)
	at java.base/java.util.ArrayList.forEach(ArrayList.java:1541)
	at org.junit.platform.engine.support.hierarchical.SameThreadHierarchicalTestExecutorService.invokeAll(SameThreadHierarchicalTestExecutorService.java:38)
	at org.junit.platform.engine.support.hierarchical.NodeTestTask.lambda$executeRecursively$5(NodeTestTask.java:143)
	at org.junit.platform.engine.support.hierarchical.ThrowableCollector.execute(ThrowableCollector.java:73)
	at org.junit.platform.engine.support.hierarchical.NodeTestTask.lambda$executeRecursively$7(NodeTestTask.java:129)
	at org.junit.platform.engine.support.hierarchical.Node.around(Node.java:137)
	at org.junit.platform.engine.support.hierarchical.NodeTestTask.lambda$executeRecursively$8(NodeTestTask.java:127)
	at org.junit.platform.engine.support.hierarchical.ThrowableCollector.execute(ThrowableCollector.java:73)
	at org.junit.platform.engine.support.hierarchical.NodeTestTask.executeRecursively(NodeTestTask.java:126)
	at org.junit.platform.engine.support.hierarchical.NodeTestTask.execute(NodeTestTask.java:84)
	at java.base/java.util.ArrayList.forEach(ArrayList.java:1541)
	at org.junit.platform.engine.support.hierarchical.SameThreadHierarchicalTestExecutorService.invokeAll(SameThreadHierarchicalTestExecutorService.java:38)
	at org.junit.platform.engine.support.hierarchical.NodeTestTask.lambda$executeRecursively$5(NodeTestTask.java:143)
	at org.junit.platform.engine.support.hierarchical.ThrowableCollector.execute(ThrowableCollector.java:73)
	at org.junit.platform.engine.support.hierarchical.NodeTestTask.lambda$executeRecursively$7(NodeTestTask.java:129)
	at org.junit.platform.engine.support.hierarchical.Node.around(Node.java:137)
	at org.junit.platform.engine.support.hierarchical.NodeTestTask.lambda$executeRecursively$8(NodeTestTask.java:127)
	at org.junit.platform.engine.support.hierarchical.ThrowableCollector.execute(ThrowableCollector.java:73)
	at org.junit.platform.engine.support.hierarchical.NodeTestTask.executeRecursively(NodeTestTask.java:126)
	at org.junit.platform.engine.support.hierarchical.NodeTestTask.execute(NodeTestTask.java:84)
	at org.junit.platform.engine.support.hierarchical.SameThreadHierarchicalTestExecutorService.submit(SameThreadHierarchicalTestExecutorService.java:32)
	at org.junit.platform.engine.support.hierarchical.HierarchicalTestExecutor.execute(HierarchicalTestExecutor.java:57)
	at org.junit.platform.engine.support.hierarchical.HierarchicalTestEngine.execute(HierarchicalTestEngine.java:51)
	at org.junit.platform.launcher.core.EngineExecutionOrchestrator.execute(EngineExecutionOrchestrator.java:108)
	at org.junit.platform.launcher.core.EngineExecutionOrchestrator.execute(EngineExecutionOrchestrator.java:88)
	at org.junit.platform.launcher.core.EngineExecutionOrchestrator.lambda$execute$0(EngineExecutionOrchestrator.java:54)
	at org.junit.platform.launcher.core.EngineExecutionOrchestrator.withInterceptedStreams(EngineExecutionOrchestrator.java:67)
	at org.junit.platform.launcher.core.EngineExecutionOrchestrator.execute(EngineExecutionOrchestrator.java:52)
	at org.junit.platform.launcher.core.DefaultLauncher.execute(DefaultLauncher.java:96)
	at org.junit.platform.launcher.core.DefaultLauncher.execute(DefaultLauncher.java:75)
	at org.gradle.api.internal.tasks.testing.junitplatform.JUnitPlatformTestClassProcessor$CollectAllTestClassesExecutor.processAllTestClasses(JUnitPlatformTestClassProcessor.java:99)
	at org.gradle.api.internal.tasks.testing.junitplatform.JUnitPlatformTestClassProcessor$CollectAllTestClassesExecutor.access$000(JUnitPlatformTestClassProcessor.java:79)
	at org.gradle.api.internal.tasks.testing.junitplatform.JUnitPlatformTestClassProcessor.stop(JUnitPlatformTestClassProcessor.java:75)
	at org.gradle.api.internal.tasks.testing.SuiteTestClassProcessor.stop(SuiteTestClassProcessor.java:61)
	at java.base/jdk.internal.reflect.NativeMethodAccessorImpl.invoke0(Native Method)
	at java.base/jdk.internal.reflect.NativeMethodAccessorImpl.invoke(NativeMethodAccessorImpl.java:62)
	at java.base/jdk.internal.reflect.DelegatingMethodAccessorImpl.invoke(DelegatingMethodAccessorImpl.java:43)
	at java.base/java.lang.reflect.Method.invoke(Method.java:566)
	at org.gradle.internal.dispatch.ReflectionDispatch.dispatch(ReflectionDispatch.java:36)
	at org.gradle.internal.dispatch.ReflectionDispatch.dispatch(ReflectionDispatch.java:24)
	at org.gradle.internal.dispatch.ContextClassLoaderDispatch.dispatch(ContextClassLoaderDispatch.java:33)
	at org.gradle.internal.dispatch.ProxyDispatchAdapter$DispatchingInvocationHandler.invoke(ProxyDispatchAdapter.java:94)
	at com.sun.proxy.$Proxy2.stop(Unknown Source)
	at org.gradle.api.internal.tasks.testing.worker.TestWorker.stop(TestWorker.java:133)
	at java.base/jdk.internal.reflect.NativeMethodAccessorImpl.invoke0(Native Method)
	at java.base/jdk.internal.reflect.NativeMethodAccessorImpl.invoke(NativeMethodAccessorImpl.java:62)
	at java.base/jdk.internal.reflect.DelegatingMethodAccessorImpl.invoke(DelegatingMethodAccessorImpl.java:43)
	at java.base/java.lang.reflect.Method.invoke(Method.java:566)
	at org.gradle.internal.dispatch.ReflectionDispatch.dispatch(ReflectionDispatch.java:36)
	at org.gradle.internal.dispatch.ReflectionDispatch.dispatch(ReflectionDispatch.java:24)
	at org.gradle.internal.remote.internal.hub.MessageHubBackedObjectConnection$DispatchWrapper.dispatch(MessageHubBackedObjectConnection.java:182)
	at org.gradle.internal.remote.internal.hub.MessageHubBackedObjectConnection$DispatchWrapper.dispatch(MessageHubBackedObjectConnection.java:164)
	at org.gradle.internal.remote.internal.hub.MessageHub$Handler.run(MessageHub.java:414)
	at org.gradle.internal.concurrent.ExecutorPolicy$CatchAndRecordFailures.onExecute(ExecutorPolicy.java:64)
	at org.gradle.internal.concurrent.ManagedExecutorImpl$1.run(ManagedExecutorImpl.java:48)
	at java.base/java.util.concurrent.ThreadPoolExecutor.runWorker(ThreadPoolExecutor.java:1128)
	at java.base/java.util.concurrent.ThreadPoolExecutor$Worker.run(ThreadPoolExecutor.java:628)
	at org.gradle.internal.concurrent.ThreadFactoryImpl$ManagedThreadRunnable.run(ThreadFactoryImpl.java:56)
	at java.base/java.lang.Thread.run(Thread.java:834)
</pre>
</span>
</div>
<div class="test">
<a name="shouldRetryAfterFailedAttestationRegistration()"></a>
<h3 class="failures">shouldRetryAfterFailedAttestationRegistration()</h3>
<span class="code">
<pre>org.opentest4j.AssertionFailedError: JSON documents are different:
Different value found in node &quot;error.code&quot;, expected: &lt;&quot;INTERNAL_RETRYABLE&quot;&gt; but was: &lt;&quot;INTERNAL&quot;&gt;.

	at net.javacrumbs.jsonunit.core.internal.Opentest4jExceptionFactory.createException(ExceptionFactory.java:34)
	at net.javacrumbs.jsonunit.core.internal.ExceptionUtils.createException(ExceptionUtils.java:45)
	at net.javacrumbs.jsonunit.core.internal.Diff.failIfDifferent(Diff.java:617)
	at net.javacrumbs.jsonunit.assertj.JsonAssert.isEqualTo(JsonAssert.java:118)
	at com.meawallet.sdkregistry.itest.utils.JsonAssertion.lambda$accept$1(JsonAssertion.java:30)
	at org.springframework.test.web.reactive.server.ExchangeResult.assertWithDiagnostics(ExchangeResult.java:227)
	at com.meawallet.sdkregistry.itest.utils.JsonAssertion.accept(JsonAssertion.java:25)
	at com.meawallet.sdkregistry.itest.utils.JsonAssertion.accept(JsonAssertion.java:11)
	at org.springframework.test.web.reactive.server.DefaultWebTestClient$DefaultBodyContentSpec.lambda$consumeWith$3(DefaultWebTestClient.java:682)
	at org.springframework.test.web.reactive.server.ExchangeResult.assertWithDiagnostics(ExchangeResult.java:227)
	at org.springframework.test.web.reactive.server.DefaultWebTestClient$DefaultBodyContentSpec.consumeWith(DefaultWebTestClient.java:682)
	at com.meawallet.sdkregistry.itest.registration.initialize.InitializeRegistrationRetriesIntegrationTest.shouldRetryAfterFailedAttestationRegistration(InitializeRegistrationRetriesIntegrationTest.java:336)
	at java.base/jdk.internal.reflect.NativeMethodAccessorImpl.invoke0(Native Method)
	at java.base/jdk.internal.reflect.NativeMethodAccessorImpl.invoke(NativeMethodAccessorImpl.java:62)
	at java.base/jdk.internal.reflect.DelegatingMethodAccessorImpl.invoke(DelegatingMethodAccessorImpl.java:43)
	at java.base/java.lang.reflect.Method.invoke(Method.java:566)
	at org.junit.platform.commons.util.ReflectionUtils.invokeMethod(ReflectionUtils.java:688)
	at org.junit.jupiter.engine.execution.MethodInvocation.proceed(MethodInvocation.java:60)
	at org.junit.jupiter.engine.execution.InvocationInterceptorChain$ValidatingInvocation.proceed(InvocationInterceptorChain.java:131)
	at org.junit.jupiter.engine.extension.TimeoutExtension.intercept(TimeoutExtension.java:149)
	at org.junit.jupiter.engine.extension.TimeoutExtension.interceptTestableMethod(TimeoutExtension.java:140)
	at org.junit.jupiter.engine.extension.TimeoutExtension.interceptTestMethod(TimeoutExtension.java:84)
	at org.junit.jupiter.engine.execution.ExecutableInvoker$ReflectiveInterceptorCall.lambda$ofVoidMethod$0(ExecutableInvoker.java:115)
	at org.junit.jupiter.engine.execution.ExecutableInvoker.lambda$invoke$0(ExecutableInvoker.java:105)
	at org.junit.jupiter.engine.execution.InvocationInterceptorChain$InterceptedInvocation.proceed(InvocationInterceptorChain.java:106)
	at org.junit.jupiter.engine.execution.InvocationInterceptorChain.proceed(InvocationInterceptorChain.java:64)
	at org.junit.jupiter.engine.execution.InvocationInterceptorChain.chainAndInvoke(InvocationInterceptorChain.java:45)
	at org.junit.jupiter.engine.execution.InvocationInterceptorChain.invoke(InvocationInterceptorChain.java:37)
	at org.junit.jupiter.engine.execution.ExecutableInvoker.invoke(ExecutableInvoker.java:104)
	at org.junit.jupiter.engine.execution.ExecutableInvoker.invoke(ExecutableInvoker.java:98)
	at org.junit.jupiter.engine.descriptor.TestMethodTestDescriptor.lambda$invokeTestMethod$6(TestMethodTestDescriptor.java:210)
	at org.junit.platform.engine.support.hierarchical.ThrowableCollector.execute(ThrowableCollector.java:73)
	at org.junit.jupiter.engine.descriptor.TestMethodTestDescriptor.invokeTestMethod(TestMethodTestDescriptor.java:206)
	at org.junit.jupiter.engine.descriptor.TestMethodTestDescriptor.execute(TestMethodTestDescriptor.java:131)
	at org.junit.jupiter.engine.descriptor.TestMethodTestDescriptor.execute(TestMethodTestDescriptor.java:65)
	at org.junit.platform.engine.support.hierarchical.NodeTestTask.lambda$executeRecursively$5(NodeTestTask.java:139)
	at org.junit.platform.engine.support.hierarchical.ThrowableCollector.execute(ThrowableCollector.java:73)
	at org.junit.platform.engine.support.hierarchical.NodeTestTask.lambda$executeRecursively$7(NodeTestTask.java:129)
	at org.junit.platform.engine.support.hierarchical.Node.around(Node.java:137)
	at org.junit.platform.engine.support.hierarchical.NodeTestTask.lambda$executeRecursively$8(NodeTestTask.java:127)
	at org.junit.platform.engine.support.hierarchical.ThrowableCollector.execute(ThrowableCollector.java:73)
	at org.junit.platform.engine.support.hierarchical.NodeTestTask.executeRecursively(NodeTestTask.java:126)
	at org.junit.platform.engine.support.hierarchical.NodeTestTask.execute(NodeTestTask.java:84)
	at java.base/java.util.ArrayList.forEach(ArrayList.java:1541)
	at org.junit.platform.engine.support.hierarchical.SameThreadHierarchicalTestExecutorService.invokeAll(SameThreadHierarchicalTestExecutorService.java:38)
	at org.junit.platform.engine.support.hierarchical.NodeTestTask.lambda$executeRecursively$5(NodeTestTask.java:143)
	at org.junit.platform.engine.support.hierarchical.ThrowableCollector.execute(ThrowableCollector.java:73)
	at org.junit.platform.engine.support.hierarchical.NodeTestTask.lambda$executeRecursively$7(NodeTestTask.java:129)
	at org.junit.platform.engine.support.hierarchical.Node.around(Node.java:137)
	at org.junit.platform.engine.support.hierarchical.NodeTestTask.lambda$executeRecursively$8(NodeTestTask.java:127)
	at org.junit.platform.engine.support.hierarchical.ThrowableCollector.execute(ThrowableCollector.java:73)
	at org.junit.platform.engine.support.hierarchical.NodeTestTask.executeRecursively(NodeTestTask.java:126)
	at org.junit.platform.engine.support.hierarchical.NodeTestTask.execute(NodeTestTask.java:84)
	at java.base/java.util.ArrayList.forEach(ArrayList.java:1541)
	at org.junit.platform.engine.support.hierarchical.SameThreadHierarchicalTestExecutorService.invokeAll(SameThreadHierarchicalTestExecutorService.java:38)
	at org.junit.platform.engine.support.hierarchical.NodeTestTask.lambda$executeRecursively$5(NodeTestTask.java:143)
	at org.junit.platform.engine.support.hierarchical.ThrowableCollector.execute(ThrowableCollector.java:73)
	at org.junit.platform.engine.support.hierarchical.NodeTestTask.lambda$executeRecursively$7(NodeTestTask.java:129)
	at org.junit.platform.engine.support.hierarchical.Node.around(Node.java:137)
	at org.junit.platform.engine.support.hierarchical.NodeTestTask.lambda$executeRecursively$8(NodeTestTask.java:127)
	at org.junit.platform.engine.support.hierarchical.ThrowableCollector.execute(ThrowableCollector.java:73)
	at org.junit.platform.engine.support.hierarchical.NodeTestTask.executeRecursively(NodeTestTask.java:126)
	at org.junit.platform.engine.support.hierarchical.NodeTestTask.execute(NodeTestTask.java:84)
	at org.junit.platform.engine.support.hierarchical.SameThreadHierarchicalTestExecutorService.submit(SameThreadHierarchicalTestExecutorService.java:32)
	at org.junit.platform.engine.support.hierarchical.HierarchicalTestExecutor.execute(HierarchicalTestExecutor.java:57)
	at org.junit.platform.engine.support.hierarchical.HierarchicalTestEngine.execute(HierarchicalTestEngine.java:51)
	at org.junit.platform.launcher.core.EngineExecutionOrchestrator.execute(EngineExecutionOrchestrator.java:108)
	at org.junit.platform.launcher.core.EngineExecutionOrchestrator.execute(EngineExecutionOrchestrator.java:88)
	at org.junit.platform.launcher.core.EngineExecutionOrchestrator.lambda$execute$0(EngineExecutionOrchestrator.java:54)
	at org.junit.platform.launcher.core.EngineExecutionOrchestrator.withInterceptedStreams(EngineExecutionOrchestrator.java:67)
	at org.junit.platform.launcher.core.EngineExecutionOrchestrator.execute(EngineExecutionOrchestrator.java:52)
	at org.junit.platform.launcher.core.DefaultLauncher.execute(DefaultLauncher.java:96)
	at org.junit.platform.launcher.core.DefaultLauncher.execute(DefaultLauncher.java:75)
	at org.gradle.api.internal.tasks.testing.junitplatform.JUnitPlatformTestClassProcessor$CollectAllTestClassesExecutor.processAllTestClasses(JUnitPlatformTestClassProcessor.java:99)
	at org.gradle.api.internal.tasks.testing.junitplatform.JUnitPlatformTestClassProcessor$CollectAllTestClassesExecutor.access$000(JUnitPlatformTestClassProcessor.java:79)
	at org.gradle.api.internal.tasks.testing.junitplatform.JUnitPlatformTestClassProcessor.stop(JUnitPlatformTestClassProcessor.java:75)
	at org.gradle.api.internal.tasks.testing.SuiteTestClassProcessor.stop(SuiteTestClassProcessor.java:61)
	at java.base/jdk.internal.reflect.NativeMethodAccessorImpl.invoke0(Native Method)
	at java.base/jdk.internal.reflect.NativeMethodAccessorImpl.invoke(NativeMethodAccessorImpl.java:62)
	at java.base/jdk.internal.reflect.DelegatingMethodAccessorImpl.invoke(DelegatingMethodAccessorImpl.java:43)
	at java.base/java.lang.reflect.Method.invoke(Method.java:566)
	at org.gradle.internal.dispatch.ReflectionDispatch.dispatch(ReflectionDispatch.java:36)
	at org.gradle.internal.dispatch.ReflectionDispatch.dispatch(ReflectionDispatch.java:24)
	at org.gradle.internal.dispatch.ContextClassLoaderDispatch.dispatch(ContextClassLoaderDispatch.java:33)
	at org.gradle.internal.dispatch.ProxyDispatchAdapter$DispatchingInvocationHandler.invoke(ProxyDispatchAdapter.java:94)
	at com.sun.proxy.$Proxy2.stop(Unknown Source)
	at org.gradle.api.internal.tasks.testing.worker.TestWorker.stop(TestWorker.java:133)
	at java.base/jdk.internal.reflect.NativeMethodAccessorImpl.invoke0(Native Method)
	at java.base/jdk.internal.reflect.NativeMethodAccessorImpl.invoke(NativeMethodAccessorImpl.java:62)
	at java.base/jdk.internal.reflect.DelegatingMethodAccessorImpl.invoke(DelegatingMethodAccessorImpl.java:43)
	at java.base/java.lang.reflect.Method.invoke(Method.java:566)
	at org.gradle.internal.dispatch.ReflectionDispatch.dispatch(ReflectionDispatch.java:36)
	at org.gradle.internal.dispatch.ReflectionDispatch.dispatch(ReflectionDispatch.java:24)
	at org.gradle.internal.remote.internal.hub.MessageHubBackedObjectConnection$DispatchWrapper.dispatch(MessageHubBackedObjectConnection.java:182)
	at org.gradle.internal.remote.internal.hub.MessageHubBackedObjectConnection$DispatchWrapper.dispatch(MessageHubBackedObjectConnection.java:164)
	at org.gradle.internal.remote.internal.hub.MessageHub$Handler.run(MessageHub.java:414)
	at org.gradle.internal.concurrent.ExecutorPolicy$CatchAndRecordFailures.onExecute(ExecutorPolicy.java:64)
	at org.gradle.internal.concurrent.ManagedExecutorImpl$1.run(ManagedExecutorImpl.java:48)
	at java.base/java.util.concurrent.ThreadPoolExecutor.runWorker(ThreadPoolExecutor.java:1128)
	at java.base/java.util.concurrent.ThreadPoolExecutor$Worker.run(ThreadPoolExecutor.java:628)
	at org.gradle.internal.concurrent.ThreadFactoryImpl$ManagedThreadRunnable.run(ThreadFactoryImpl.java:56)
	at java.base/java.lang.Thread.run(Thread.java:834)
</pre>
</span>
</div>
<div class="test">
<a name="shouldRetryAfterFailedCloudMessagingRegistration()"></a>
<h3 class="failures">shouldRetryAfterFailedCloudMessagingRegistration()</h3>
<span class="code">
<pre>org.opentest4j.AssertionFailedError: JSON documents are different:
Different value found in node &quot;error.code&quot;, expected: &lt;&quot;INTERNAL_RETRYABLE&quot;&gt; but was: &lt;&quot;INTERNAL&quot;&gt;.

	at net.javacrumbs.jsonunit.core.internal.Opentest4jExceptionFactory.createException(ExceptionFactory.java:34)
	at net.javacrumbs.jsonunit.core.internal.ExceptionUtils.createException(ExceptionUtils.java:45)
	at net.javacrumbs.jsonunit.core.internal.Diff.failIfDifferent(Diff.java:617)
	at net.javacrumbs.jsonunit.assertj.JsonAssert.isEqualTo(JsonAssert.java:118)
	at com.meawallet.sdkregistry.itest.utils.JsonAssertion.lambda$accept$1(JsonAssertion.java:30)
	at org.springframework.test.web.reactive.server.ExchangeResult.assertWithDiagnostics(ExchangeResult.java:227)
	at com.meawallet.sdkregistry.itest.utils.JsonAssertion.accept(JsonAssertion.java:25)
	at com.meawallet.sdkregistry.itest.utils.JsonAssertion.accept(JsonAssertion.java:11)
	at org.springframework.test.web.reactive.server.DefaultWebTestClient$DefaultBodyContentSpec.lambda$consumeWith$3(DefaultWebTestClient.java:682)
	at org.springframework.test.web.reactive.server.ExchangeResult.assertWithDiagnostics(ExchangeResult.java:227)
	at org.springframework.test.web.reactive.server.DefaultWebTestClient$DefaultBodyContentSpec.consumeWith(DefaultWebTestClient.java:682)
	at com.meawallet.sdkregistry.itest.registration.initialize.InitializeRegistrationRetriesIntegrationTest.shouldRetryAfterFailedCloudMessagingRegistration(InitializeRegistrationRetriesIntegrationTest.java:396)
	at java.base/jdk.internal.reflect.NativeMethodAccessorImpl.invoke0(Native Method)
	at java.base/jdk.internal.reflect.NativeMethodAccessorImpl.invoke(NativeMethodAccessorImpl.java:62)
	at java.base/jdk.internal.reflect.DelegatingMethodAccessorImpl.invoke(DelegatingMethodAccessorImpl.java:43)
	at java.base/java.lang.reflect.Method.invoke(Method.java:566)
	at org.junit.platform.commons.util.ReflectionUtils.invokeMethod(ReflectionUtils.java:688)
	at org.junit.jupiter.engine.execution.MethodInvocation.proceed(MethodInvocation.java:60)
	at org.junit.jupiter.engine.execution.InvocationInterceptorChain$ValidatingInvocation.proceed(InvocationInterceptorChain.java:131)
	at org.junit.jupiter.engine.extension.TimeoutExtension.intercept(TimeoutExtension.java:149)
	at org.junit.jupiter.engine.extension.TimeoutExtension.interceptTestableMethod(TimeoutExtension.java:140)
	at org.junit.jupiter.engine.extension.TimeoutExtension.interceptTestMethod(TimeoutExtension.java:84)
	at org.junit.jupiter.engine.execution.ExecutableInvoker$ReflectiveInterceptorCall.lambda$ofVoidMethod$0(ExecutableInvoker.java:115)
	at org.junit.jupiter.engine.execution.ExecutableInvoker.lambda$invoke$0(ExecutableInvoker.java:105)
	at org.junit.jupiter.engine.execution.InvocationInterceptorChain$InterceptedInvocation.proceed(InvocationInterceptorChain.java:106)
	at org.junit.jupiter.engine.execution.InvocationInterceptorChain.proceed(InvocationInterceptorChain.java:64)
	at org.junit.jupiter.engine.execution.InvocationInterceptorChain.chainAndInvoke(InvocationInterceptorChain.java:45)
	at org.junit.jupiter.engine.execution.InvocationInterceptorChain.invoke(InvocationInterceptorChain.java:37)
	at org.junit.jupiter.engine.execution.ExecutableInvoker.invoke(ExecutableInvoker.java:104)
	at org.junit.jupiter.engine.execution.ExecutableInvoker.invoke(ExecutableInvoker.java:98)
	at org.junit.jupiter.engine.descriptor.TestMethodTestDescriptor.lambda$invokeTestMethod$6(TestMethodTestDescriptor.java:210)
	at org.junit.platform.engine.support.hierarchical.ThrowableCollector.execute(ThrowableCollector.java:73)
	at org.junit.jupiter.engine.descriptor.TestMethodTestDescriptor.invokeTestMethod(TestMethodTestDescriptor.java:206)
	at org.junit.jupiter.engine.descriptor.TestMethodTestDescriptor.execute(TestMethodTestDescriptor.java:131)
	at org.junit.jupiter.engine.descriptor.TestMethodTestDescriptor.execute(TestMethodTestDescriptor.java:65)
	at org.junit.platform.engine.support.hierarchical.NodeTestTask.lambda$executeRecursively$5(NodeTestTask.java:139)
	at org.junit.platform.engine.support.hierarchical.ThrowableCollector.execute(ThrowableCollector.java:73)
	at org.junit.platform.engine.support.hierarchical.NodeTestTask.lambda$executeRecursively$7(NodeTestTask.java:129)
	at org.junit.platform.engine.support.hierarchical.Node.around(Node.java:137)
	at org.junit.platform.engine.support.hierarchical.NodeTestTask.lambda$executeRecursively$8(NodeTestTask.java:127)
	at org.junit.platform.engine.support.hierarchical.ThrowableCollector.execute(ThrowableCollector.java:73)
	at org.junit.platform.engine.support.hierarchical.NodeTestTask.executeRecursively(NodeTestTask.java:126)
	at org.junit.platform.engine.support.hierarchical.NodeTestTask.execute(NodeTestTask.java:84)
	at java.base/java.util.ArrayList.forEach(ArrayList.java:1541)
	at org.junit.platform.engine.support.hierarchical.SameThreadHierarchicalTestExecutorService.invokeAll(SameThreadHierarchicalTestExecutorService.java:38)
	at org.junit.platform.engine.support.hierarchical.NodeTestTask.lambda$executeRecursively$5(NodeTestTask.java:143)
	at org.junit.platform.engine.support.hierarchical.ThrowableCollector.execute(ThrowableCollector.java:73)
	at org.junit.platform.engine.support.hierarchical.NodeTestTask.lambda$executeRecursively$7(NodeTestTask.java:129)
	at org.junit.platform.engine.support.hierarchical.Node.around(Node.java:137)
	at org.junit.platform.engine.support.hierarchical.NodeTestTask.lambda$executeRecursively$8(NodeTestTask.java:127)
	at org.junit.platform.engine.support.hierarchical.ThrowableCollector.execute(ThrowableCollector.java:73)
	at org.junit.platform.engine.support.hierarchical.NodeTestTask.executeRecursively(NodeTestTask.java:126)
	at org.junit.platform.engine.support.hierarchical.NodeTestTask.execute(NodeTestTask.java:84)
	at java.base/java.util.ArrayList.forEach(ArrayList.java:1541)
	at org.junit.platform.engine.support.hierarchical.SameThreadHierarchicalTestExecutorService.invokeAll(SameThreadHierarchicalTestExecutorService.java:38)
	at org.junit.platform.engine.support.hierarchical.NodeTestTask.lambda$executeRecursively$5(NodeTestTask.java:143)
	at org.junit.platform.engine.support.hierarchical.ThrowableCollector.execute(ThrowableCollector.java:73)
	at org.junit.platform.engine.support.hierarchical.NodeTestTask.lambda$executeRecursively$7(NodeTestTask.java:129)
	at org.junit.platform.engine.support.hierarchical.Node.around(Node.java:137)
	at org.junit.platform.engine.support.hierarchical.NodeTestTask.lambda$executeRecursively$8(NodeTestTask.java:127)
	at org.junit.platform.engine.support.hierarchical.ThrowableCollector.execute(ThrowableCollector.java:73)
	at org.junit.platform.engine.support.hierarchical.NodeTestTask.executeRecursively(NodeTestTask.java:126)
	at org.junit.platform.engine.support.hierarchical.NodeTestTask.execute(NodeTestTask.java:84)
	at org.junit.platform.engine.support.hierarchical.SameThreadHierarchicalTestExecutorService.submit(SameThreadHierarchicalTestExecutorService.java:32)
	at org.junit.platform.engine.support.hierarchical.HierarchicalTestExecutor.execute(HierarchicalTestExecutor.java:57)
	at org.junit.platform.engine.support.hierarchical.HierarchicalTestEngine.execute(HierarchicalTestEngine.java:51)
	at org.junit.platform.launcher.core.EngineExecutionOrchestrator.execute(EngineExecutionOrchestrator.java:108)
	at org.junit.platform.launcher.core.EngineExecutionOrchestrator.execute(EngineExecutionOrchestrator.java:88)
	at org.junit.platform.launcher.core.EngineExecutionOrchestrator.lambda$execute$0(EngineExecutionOrchestrator.java:54)
	at org.junit.platform.launcher.core.EngineExecutionOrchestrator.withInterceptedStreams(EngineExecutionOrchestrator.java:67)
	at org.junit.platform.launcher.core.EngineExecutionOrchestrator.execute(EngineExecutionOrchestrator.java:52)
	at org.junit.platform.launcher.core.DefaultLauncher.execute(DefaultLauncher.java:96)
	at org.junit.platform.launcher.core.DefaultLauncher.execute(DefaultLauncher.java:75)
	at org.gradle.api.internal.tasks.testing.junitplatform.JUnitPlatformTestClassProcessor$CollectAllTestClassesExecutor.processAllTestClasses(JUnitPlatformTestClassProcessor.java:99)
	at org.gradle.api.internal.tasks.testing.junitplatform.JUnitPlatformTestClassProcessor$CollectAllTestClassesExecutor.access$000(JUnitPlatformTestClassProcessor.java:79)
	at org.gradle.api.internal.tasks.testing.junitplatform.JUnitPlatformTestClassProcessor.stop(JUnitPlatformTestClassProcessor.java:75)
	at org.gradle.api.internal.tasks.testing.SuiteTestClassProcessor.stop(SuiteTestClassProcessor.java:61)
	at java.base/jdk.internal.reflect.NativeMethodAccessorImpl.invoke0(Native Method)
	at java.base/jdk.internal.reflect.NativeMethodAccessorImpl.invoke(NativeMethodAccessorImpl.java:62)
	at java.base/jdk.internal.reflect.DelegatingMethodAccessorImpl.invoke(DelegatingMethodAccessorImpl.java:43)
	at java.base/java.lang.reflect.Method.invoke(Method.java:566)
	at org.gradle.internal.dispatch.ReflectionDispatch.dispatch(ReflectionDispatch.java:36)
	at org.gradle.internal.dispatch.ReflectionDispatch.dispatch(ReflectionDispatch.java:24)
	at org.gradle.internal.dispatch.ContextClassLoaderDispatch.dispatch(ContextClassLoaderDispatch.java:33)
	at org.gradle.internal.dispatch.ProxyDispatchAdapter$DispatchingInvocationHandler.invoke(ProxyDispatchAdapter.java:94)
	at com.sun.proxy.$Proxy2.stop(Unknown Source)
	at org.gradle.api.internal.tasks.testing.worker.TestWorker.stop(TestWorker.java:133)
	at java.base/jdk.internal.reflect.NativeMethodAccessorImpl.invoke0(Native Method)
	at java.base/jdk.internal.reflect.NativeMethodAccessorImpl.invoke(NativeMethodAccessorImpl.java:62)
	at java.base/jdk.internal.reflect.DelegatingMethodAccessorImpl.invoke(DelegatingMethodAccessorImpl.java:43)
	at java.base/java.lang.reflect.Method.invoke(Method.java:566)
	at org.gradle.internal.dispatch.ReflectionDispatch.dispatch(ReflectionDispatch.java:36)
	at org.gradle.internal.dispatch.ReflectionDispatch.dispatch(ReflectionDispatch.java:24)
	at org.gradle.internal.remote.internal.hub.MessageHubBackedObjectConnection$DispatchWrapper.dispatch(MessageHubBackedObjectConnection.java:182)
	at org.gradle.internal.remote.internal.hub.MessageHubBackedObjectConnection$DispatchWrapper.dispatch(MessageHubBackedObjectConnection.java:164)
	at org.gradle.internal.remote.internal.hub.MessageHub$Handler.run(MessageHub.java:414)
	at org.gradle.internal.concurrent.ExecutorPolicy$CatchAndRecordFailures.onExecute(ExecutorPolicy.java:64)
	at org.gradle.internal.concurrent.ManagedExecutorImpl$1.run(ManagedExecutorImpl.java:48)
	at java.base/java.util.concurrent.ThreadPoolExecutor.runWorker(ThreadPoolExecutor.java:1128)
	at java.base/java.util.concurrent.ThreadPoolExecutor$Worker.run(ThreadPoolExecutor.java:628)
	at org.gradle.internal.concurrent.ThreadFactoryImpl$ManagedThreadRunnable.run(ThreadFactoryImpl.java:56)
	at java.base/java.lang.Thread.run(Thread.java:834)
</pre>
</span>
</div>
<div class="test">
<a name="shouldRetryAfterFailedMultipleRegistrations()"></a>
<h3 class="failures">shouldRetryAfterFailedMultipleRegistrations()</h3>
<span class="code">
<pre>org.opentest4j.AssertionFailedError: JSON documents are different:
Different value found in node &quot;error.code&quot;, expected: &lt;&quot;INTERNAL_RETRYABLE&quot;&gt; but was: &lt;&quot;INTERNAL&quot;&gt;.

	at net.javacrumbs.jsonunit.core.internal.Opentest4jExceptionFactory.createException(ExceptionFactory.java:34)
	at net.javacrumbs.jsonunit.core.internal.ExceptionUtils.createException(ExceptionUtils.java:45)
	at net.javacrumbs.jsonunit.core.internal.Diff.failIfDifferent(Diff.java:617)
	at net.javacrumbs.jsonunit.assertj.JsonAssert.isEqualTo(JsonAssert.java:118)
	at com.meawallet.sdkregistry.itest.utils.JsonAssertion.lambda$accept$1(JsonAssertion.java:30)
	at org.springframework.test.web.reactive.server.ExchangeResult.assertWithDiagnostics(ExchangeResult.java:227)
	at com.meawallet.sdkregistry.itest.utils.JsonAssertion.accept(JsonAssertion.java:25)
	at com.meawallet.sdkregistry.itest.utils.JsonAssertion.accept(JsonAssertion.java:11)
	at org.springframework.test.web.reactive.server.DefaultWebTestClient$DefaultBodyContentSpec.lambda$consumeWith$3(DefaultWebTestClient.java:682)
	at org.springframework.test.web.reactive.server.ExchangeResult.assertWithDiagnostics(ExchangeResult.java:227)
	at org.springframework.test.web.reactive.server.DefaultWebTestClient$DefaultBodyContentSpec.consumeWith(DefaultWebTestClient.java:682)
	at com.meawallet.sdkregistry.itest.registration.initialize.InitializeRegistrationRetriesIntegrationTest.shouldRetryAfterFailedMultipleRegistrations(InitializeRegistrationRetriesIntegrationTest.java:456)
	at java.base/jdk.internal.reflect.NativeMethodAccessorImpl.invoke0(Native Method)
	at java.base/jdk.internal.reflect.NativeMethodAccessorImpl.invoke(NativeMethodAccessorImpl.java:62)
	at java.base/jdk.internal.reflect.DelegatingMethodAccessorImpl.invoke(DelegatingMethodAccessorImpl.java:43)
	at java.base/java.lang.reflect.Method.invoke(Method.java:566)
	at org.junit.platform.commons.util.ReflectionUtils.invokeMethod(ReflectionUtils.java:688)
	at org.junit.jupiter.engine.execution.MethodInvocation.proceed(MethodInvocation.java:60)
	at org.junit.jupiter.engine.execution.InvocationInterceptorChain$ValidatingInvocation.proceed(InvocationInterceptorChain.java:131)
	at org.junit.jupiter.engine.extension.TimeoutExtension.intercept(TimeoutExtension.java:149)
	at org.junit.jupiter.engine.extension.TimeoutExtension.interceptTestableMethod(TimeoutExtension.java:140)
	at org.junit.jupiter.engine.extension.TimeoutExtension.interceptTestMethod(TimeoutExtension.java:84)
	at org.junit.jupiter.engine.execution.ExecutableInvoker$ReflectiveInterceptorCall.lambda$ofVoidMethod$0(ExecutableInvoker.java:115)
	at org.junit.jupiter.engine.execution.ExecutableInvoker.lambda$invoke$0(ExecutableInvoker.java:105)
	at org.junit.jupiter.engine.execution.InvocationInterceptorChain$InterceptedInvocation.proceed(InvocationInterceptorChain.java:106)
	at org.junit.jupiter.engine.execution.InvocationInterceptorChain.proceed(InvocationInterceptorChain.java:64)
	at org.junit.jupiter.engine.execution.InvocationInterceptorChain.chainAndInvoke(InvocationInterceptorChain.java:45)
	at org.junit.jupiter.engine.execution.InvocationInterceptorChain.invoke(InvocationInterceptorChain.java:37)
	at org.junit.jupiter.engine.execution.ExecutableInvoker.invoke(ExecutableInvoker.java:104)
	at org.junit.jupiter.engine.execution.ExecutableInvoker.invoke(ExecutableInvoker.java:98)
	at org.junit.jupiter.engine.descriptor.TestMethodTestDescriptor.lambda$invokeTestMethod$6(TestMethodTestDescriptor.java:210)
	at org.junit.platform.engine.support.hierarchical.ThrowableCollector.execute(ThrowableCollector.java:73)
	at org.junit.jupiter.engine.descriptor.TestMethodTestDescriptor.invokeTestMethod(TestMethodTestDescriptor.java:206)
	at org.junit.jupiter.engine.descriptor.TestMethodTestDescriptor.execute(TestMethodTestDescriptor.java:131)
	at org.junit.jupiter.engine.descriptor.TestMethodTestDescriptor.execute(TestMethodTestDescriptor.java:65)
	at org.junit.platform.engine.support.hierarchical.NodeTestTask.lambda$executeRecursively$5(NodeTestTask.java:139)
	at org.junit.platform.engine.support.hierarchical.ThrowableCollector.execute(ThrowableCollector.java:73)
	at org.junit.platform.engine.support.hierarchical.NodeTestTask.lambda$executeRecursively$7(NodeTestTask.java:129)
	at org.junit.platform.engine.support.hierarchical.Node.around(Node.java:137)
	at org.junit.platform.engine.support.hierarchical.NodeTestTask.lambda$executeRecursively$8(NodeTestTask.java:127)
	at org.junit.platform.engine.support.hierarchical.ThrowableCollector.execute(ThrowableCollector.java:73)
	at org.junit.platform.engine.support.hierarchical.NodeTestTask.executeRecursively(NodeTestTask.java:126)
	at org.junit.platform.engine.support.hierarchical.NodeTestTask.execute(NodeTestTask.java:84)
	at java.base/java.util.ArrayList.forEach(ArrayList.java:1541)
	at org.junit.platform.engine.support.hierarchical.SameThreadHierarchicalTestExecutorService.invokeAll(SameThreadHierarchicalTestExecutorService.java:38)
	at org.junit.platform.engine.support.hierarchical.NodeTestTask.lambda$executeRecursively$5(NodeTestTask.java:143)
	at org.junit.platform.engine.support.hierarchical.ThrowableCollector.execute(ThrowableCollector.java:73)
	at org.junit.platform.engine.support.hierarchical.NodeTestTask.lambda$executeRecursively$7(NodeTestTask.java:129)
	at org.junit.platform.engine.support.hierarchical.Node.around(Node.java:137)
	at org.junit.platform.engine.support.hierarchical.NodeTestTask.lambda$executeRecursively$8(NodeTestTask.java:127)
	at org.junit.platform.engine.support.hierarchical.ThrowableCollector.execute(ThrowableCollector.java:73)
	at org.junit.platform.engine.support.hierarchical.NodeTestTask.executeRecursively(NodeTestTask.java:126)
	at org.junit.platform.engine.support.hierarchical.NodeTestTask.execute(NodeTestTask.java:84)
	at java.base/java.util.ArrayList.forEach(ArrayList.java:1541)
	at org.junit.platform.engine.support.hierarchical.SameThreadHierarchicalTestExecutorService.invokeAll(SameThreadHierarchicalTestExecutorService.java:38)
	at org.junit.platform.engine.support.hierarchical.NodeTestTask.lambda$executeRecursively$5(NodeTestTask.java:143)
	at org.junit.platform.engine.support.hierarchical.ThrowableCollector.execute(ThrowableCollector.java:73)
	at org.junit.platform.engine.support.hierarchical.NodeTestTask.lambda$executeRecursively$7(NodeTestTask.java:129)
	at org.junit.platform.engine.support.hierarchical.Node.around(Node.java:137)
	at org.junit.platform.engine.support.hierarchical.NodeTestTask.lambda$executeRecursively$8(NodeTestTask.java:127)
	at org.junit.platform.engine.support.hierarchical.ThrowableCollector.execute(ThrowableCollector.java:73)
	at org.junit.platform.engine.support.hierarchical.NodeTestTask.executeRecursively(NodeTestTask.java:126)
	at org.junit.platform.engine.support.hierarchical.NodeTestTask.execute(NodeTestTask.java:84)
	at org.junit.platform.engine.support.hierarchical.SameThreadHierarchicalTestExecutorService.submit(SameThreadHierarchicalTestExecutorService.java:32)
	at org.junit.platform.engine.support.hierarchical.HierarchicalTestExecutor.execute(HierarchicalTestExecutor.java:57)
	at org.junit.platform.engine.support.hierarchical.HierarchicalTestEngine.execute(HierarchicalTestEngine.java:51)
	at org.junit.platform.launcher.core.EngineExecutionOrchestrator.execute(EngineExecutionOrchestrator.java:108)
	at org.junit.platform.launcher.core.EngineExecutionOrchestrator.execute(EngineExecutionOrchestrator.java:88)
	at org.junit.platform.launcher.core.EngineExecutionOrchestrator.lambda$execute$0(EngineExecutionOrchestrator.java:54)
	at org.junit.platform.launcher.core.EngineExecutionOrchestrator.withInterceptedStreams(EngineExecutionOrchestrator.java:67)
	at org.junit.platform.launcher.core.EngineExecutionOrchestrator.execute(EngineExecutionOrchestrator.java:52)
	at org.junit.platform.launcher.core.DefaultLauncher.execute(DefaultLauncher.java:96)
	at org.junit.platform.launcher.core.DefaultLauncher.execute(DefaultLauncher.java:75)
	at org.gradle.api.internal.tasks.testing.junitplatform.JUnitPlatformTestClassProcessor$CollectAllTestClassesExecutor.processAllTestClasses(JUnitPlatformTestClassProcessor.java:99)
	at org.gradle.api.internal.tasks.testing.junitplatform.JUnitPlatformTestClassProcessor$CollectAllTestClassesExecutor.access$000(JUnitPlatformTestClassProcessor.java:79)
	at org.gradle.api.internal.tasks.testing.junitplatform.JUnitPlatformTestClassProcessor.stop(JUnitPlatformTestClassProcessor.java:75)
	at org.gradle.api.internal.tasks.testing.SuiteTestClassProcessor.stop(SuiteTestClassProcessor.java:61)
	at java.base/jdk.internal.reflect.NativeMethodAccessorImpl.invoke0(Native Method)
	at java.base/jdk.internal.reflect.NativeMethodAccessorImpl.invoke(NativeMethodAccessorImpl.java:62)
	at java.base/jdk.internal.reflect.DelegatingMethodAccessorImpl.invoke(DelegatingMethodAccessorImpl.java:43)
	at java.base/java.lang.reflect.Method.invoke(Method.java:566)
	at org.gradle.internal.dispatch.ReflectionDispatch.dispatch(ReflectionDispatch.java:36)
	at org.gradle.internal.dispatch.ReflectionDispatch.dispatch(ReflectionDispatch.java:24)
	at org.gradle.internal.dispatch.ContextClassLoaderDispatch.dispatch(ContextClassLoaderDispatch.java:33)
	at org.gradle.internal.dispatch.ProxyDispatchAdapter$DispatchingInvocationHandler.invoke(ProxyDispatchAdapter.java:94)
	at com.sun.proxy.$Proxy2.stop(Unknown Source)
	at org.gradle.api.internal.tasks.testing.worker.TestWorker.stop(TestWorker.java:133)
	at java.base/jdk.internal.reflect.NativeMethodAccessorImpl.invoke0(Native Method)
	at java.base/jdk.internal.reflect.NativeMethodAccessorImpl.invoke(NativeMethodAccessorImpl.java:62)
	at java.base/jdk.internal.reflect.DelegatingMethodAccessorImpl.invoke(DelegatingMethodAccessorImpl.java:43)
	at java.base/java.lang.reflect.Method.invoke(Method.java:566)
	at org.gradle.internal.dispatch.ReflectionDispatch.dispatch(ReflectionDispatch.java:36)
	at org.gradle.internal.dispatch.ReflectionDispatch.dispatch(ReflectionDispatch.java:24)
	at org.gradle.internal.remote.internal.hub.MessageHubBackedObjectConnection$DispatchWrapper.dispatch(MessageHubBackedObjectConnection.java:182)
	at org.gradle.internal.remote.internal.hub.MessageHubBackedObjectConnection$DispatchWrapper.dispatch(MessageHubBackedObjectConnection.java:164)
	at org.gradle.internal.remote.internal.hub.MessageHub$Handler.run(MessageHub.java:414)
	at org.gradle.internal.concurrent.ExecutorPolicy$CatchAndRecordFailures.onExecute(ExecutorPolicy.java:64)
	at org.gradle.internal.concurrent.ManagedExecutorImpl$1.run(ManagedExecutorImpl.java:48)
	at java.base/java.util.concurrent.ThreadPoolExecutor.runWorker(ThreadPoolExecutor.java:1128)
	at java.base/java.util.concurrent.ThreadPoolExecutor$Worker.run(ThreadPoolExecutor.java:628)
	at org.gradle.internal.concurrent.ThreadFactoryImpl$ManagedThreadRunnable.run(ThreadFactoryImpl.java:56)
	at java.base/java.lang.Thread.run(Thread.java:834)
</pre>
</span>
</div>
<div class="test">
<a name="shouldRetryAfterFailedTransactionRegistration()"></a>
<h3 class="failures">shouldRetryAfterFailedTransactionRegistration()</h3>
<span class="code">
<pre>org.opentest4j.AssertionFailedError: JSON documents are different:
Different value found in node &quot;error.code&quot;, expected: &lt;&quot;INTERNAL_RETRYABLE&quot;&gt; but was: &lt;&quot;INTERNAL&quot;&gt;.

	at net.javacrumbs.jsonunit.core.internal.Opentest4jExceptionFactory.createException(ExceptionFactory.java:34)
	at net.javacrumbs.jsonunit.core.internal.ExceptionUtils.createException(ExceptionUtils.java:45)
	at net.javacrumbs.jsonunit.core.internal.Diff.failIfDifferent(Diff.java:617)
	at net.javacrumbs.jsonunit.assertj.JsonAssert.isEqualTo(JsonAssert.java:118)
	at com.meawallet.sdkregistry.itest.utils.JsonAssertion.lambda$accept$1(JsonAssertion.java:30)
	at org.springframework.test.web.reactive.server.ExchangeResult.assertWithDiagnostics(ExchangeResult.java:227)
	at com.meawallet.sdkregistry.itest.utils.JsonAssertion.accept(JsonAssertion.java:25)
	at com.meawallet.sdkregistry.itest.utils.JsonAssertion.accept(JsonAssertion.java:11)
	at org.springframework.test.web.reactive.server.DefaultWebTestClient$DefaultBodyContentSpec.lambda$consumeWith$3(DefaultWebTestClient.java:682)
	at org.springframework.test.web.reactive.server.ExchangeResult.assertWithDiagnostics(ExchangeResult.java:227)
	at org.springframework.test.web.reactive.server.DefaultWebTestClient$DefaultBodyContentSpec.consumeWith(DefaultWebTestClient.java:682)
	at com.meawallet.sdkregistry.itest.registration.initialize.InitializeRegistrationRetriesIntegrationTest.shouldRetryAfterFailedTransactionRegistration(InitializeRegistrationRetriesIntegrationTest.java:276)
	at java.base/jdk.internal.reflect.NativeMethodAccessorImpl.invoke0(Native Method)
	at java.base/jdk.internal.reflect.NativeMethodAccessorImpl.invoke(NativeMethodAccessorImpl.java:62)
	at java.base/jdk.internal.reflect.DelegatingMethodAccessorImpl.invoke(DelegatingMethodAccessorImpl.java:43)
	at java.base/java.lang.reflect.Method.invoke(Method.java:566)
	at org.junit.platform.commons.util.ReflectionUtils.invokeMethod(ReflectionUtils.java:688)
	at org.junit.jupiter.engine.execution.MethodInvocation.proceed(MethodInvocation.java:60)
	at org.junit.jupiter.engine.execution.InvocationInterceptorChain$ValidatingInvocation.proceed(InvocationInterceptorChain.java:131)
	at org.junit.jupiter.engine.extension.TimeoutExtension.intercept(TimeoutExtension.java:149)
	at org.junit.jupiter.engine.extension.TimeoutExtension.interceptTestableMethod(TimeoutExtension.java:140)
	at org.junit.jupiter.engine.extension.TimeoutExtension.interceptTestMethod(TimeoutExtension.java:84)
	at org.junit.jupiter.engine.execution.ExecutableInvoker$ReflectiveInterceptorCall.lambda$ofVoidMethod$0(ExecutableInvoker.java:115)
	at org.junit.jupiter.engine.execution.ExecutableInvoker.lambda$invoke$0(ExecutableInvoker.java:105)
	at org.junit.jupiter.engine.execution.InvocationInterceptorChain$InterceptedInvocation.proceed(InvocationInterceptorChain.java:106)
	at org.junit.jupiter.engine.execution.InvocationInterceptorChain.proceed(InvocationInterceptorChain.java:64)
	at org.junit.jupiter.engine.execution.InvocationInterceptorChain.chainAndInvoke(InvocationInterceptorChain.java:45)
	at org.junit.jupiter.engine.execution.InvocationInterceptorChain.invoke(InvocationInterceptorChain.java:37)
	at org.junit.jupiter.engine.execution.ExecutableInvoker.invoke(ExecutableInvoker.java:104)
	at org.junit.jupiter.engine.execution.ExecutableInvoker.invoke(ExecutableInvoker.java:98)
	at org.junit.jupiter.engine.descriptor.TestMethodTestDescriptor.lambda$invokeTestMethod$6(TestMethodTestDescriptor.java:210)
	at org.junit.platform.engine.support.hierarchical.ThrowableCollector.execute(ThrowableCollector.java:73)
	at org.junit.jupiter.engine.descriptor.TestMethodTestDescriptor.invokeTestMethod(TestMethodTestDescriptor.java:206)
	at org.junit.jupiter.engine.descriptor.TestMethodTestDescriptor.execute(TestMethodTestDescriptor.java:131)
	at org.junit.jupiter.engine.descriptor.TestMethodTestDescriptor.execute(TestMethodTestDescriptor.java:65)
	at org.junit.platform.engine.support.hierarchical.NodeTestTask.lambda$executeRecursively$5(NodeTestTask.java:139)
	at org.junit.platform.engine.support.hierarchical.ThrowableCollector.execute(ThrowableCollector.java:73)
	at org.junit.platform.engine.support.hierarchical.NodeTestTask.lambda$executeRecursively$7(NodeTestTask.java:129)
	at org.junit.platform.engine.support.hierarchical.Node.around(Node.java:137)
	at org.junit.platform.engine.support.hierarchical.NodeTestTask.lambda$executeRecursively$8(NodeTestTask.java:127)
	at org.junit.platform.engine.support.hierarchical.ThrowableCollector.execute(ThrowableCollector.java:73)
	at org.junit.platform.engine.support.hierarchical.NodeTestTask.executeRecursively(NodeTestTask.java:126)
	at org.junit.platform.engine.support.hierarchical.NodeTestTask.execute(NodeTestTask.java:84)
	at java.base/java.util.ArrayList.forEach(ArrayList.java:1541)
	at org.junit.platform.engine.support.hierarchical.SameThreadHierarchicalTestExecutorService.invokeAll(SameThreadHierarchicalTestExecutorService.java:38)
	at org.junit.platform.engine.support.hierarchical.NodeTestTask.lambda$executeRecursively$5(NodeTestTask.java:143)
	at org.junit.platform.engine.support.hierarchical.ThrowableCollector.execute(ThrowableCollector.java:73)
	at org.junit.platform.engine.support.hierarchical.NodeTestTask.lambda$executeRecursively$7(NodeTestTask.java:129)
	at org.junit.platform.engine.support.hierarchical.Node.around(Node.java:137)
	at org.junit.platform.engine.support.hierarchical.NodeTestTask.lambda$executeRecursively$8(NodeTestTask.java:127)
	at org.junit.platform.engine.support.hierarchical.ThrowableCollector.execute(ThrowableCollector.java:73)
	at org.junit.platform.engine.support.hierarchical.NodeTestTask.executeRecursively(NodeTestTask.java:126)
	at org.junit.platform.engine.support.hierarchical.NodeTestTask.execute(NodeTestTask.java:84)
	at java.base/java.util.ArrayList.forEach(ArrayList.java:1541)
	at org.junit.platform.engine.support.hierarchical.SameThreadHierarchicalTestExecutorService.invokeAll(SameThreadHierarchicalTestExecutorService.java:38)
	at org.junit.platform.engine.support.hierarchical.NodeTestTask.lambda$executeRecursively$5(NodeTestTask.java:143)
	at org.junit.platform.engine.support.hierarchical.ThrowableCollector.execute(ThrowableCollector.java:73)
	at org.junit.platform.engine.support.hierarchical.NodeTestTask.lambda$executeRecursively$7(NodeTestTask.java:129)
	at org.junit.platform.engine.support.hierarchical.Node.around(Node.java:137)
	at org.junit.platform.engine.support.hierarchical.NodeTestTask.lambda$executeRecursively$8(NodeTestTask.java:127)
	at org.junit.platform.engine.support.hierarchical.ThrowableCollector.execute(ThrowableCollector.java:73)
	at org.junit.platform.engine.support.hierarchical.NodeTestTask.executeRecursively(NodeTestTask.java:126)
	at org.junit.platform.engine.support.hierarchical.NodeTestTask.execute(NodeTestTask.java:84)
	at org.junit.platform.engine.support.hierarchical.SameThreadHierarchicalTestExecutorService.submit(SameThreadHierarchicalTestExecutorService.java:32)
	at org.junit.platform.engine.support.hierarchical.HierarchicalTestExecutor.execute(HierarchicalTestExecutor.java:57)
	at org.junit.platform.engine.support.hierarchical.HierarchicalTestEngine.execute(HierarchicalTestEngine.java:51)
	at org.junit.platform.launcher.core.EngineExecutionOrchestrator.execute(EngineExecutionOrchestrator.java:108)
	at org.junit.platform.launcher.core.EngineExecutionOrchestrator.execute(EngineExecutionOrchestrator.java:88)
	at org.junit.platform.launcher.core.EngineExecutionOrchestrator.lambda$execute$0(EngineExecutionOrchestrator.java:54)
	at org.junit.platform.launcher.core.EngineExecutionOrchestrator.withInterceptedStreams(EngineExecutionOrchestrator.java:67)
	at org.junit.platform.launcher.core.EngineExecutionOrchestrator.execute(EngineExecutionOrchestrator.java:52)
	at org.junit.platform.launcher.core.DefaultLauncher.execute(DefaultLauncher.java:96)
	at org.junit.platform.launcher.core.DefaultLauncher.execute(DefaultLauncher.java:75)
	at org.gradle.api.internal.tasks.testing.junitplatform.JUnitPlatformTestClassProcessor$CollectAllTestClassesExecutor.processAllTestClasses(JUnitPlatformTestClassProcessor.java:99)
	at org.gradle.api.internal.tasks.testing.junitplatform.JUnitPlatformTestClassProcessor$CollectAllTestClassesExecutor.access$000(JUnitPlatformTestClassProcessor.java:79)
	at org.gradle.api.internal.tasks.testing.junitplatform.JUnitPlatformTestClassProcessor.stop(JUnitPlatformTestClassProcessor.java:75)
	at org.gradle.api.internal.tasks.testing.SuiteTestClassProcessor.stop(SuiteTestClassProcessor.java:61)
	at java.base/jdk.internal.reflect.NativeMethodAccessorImpl.invoke0(Native Method)
	at java.base/jdk.internal.reflect.NativeMethodAccessorImpl.invoke(NativeMethodAccessorImpl.java:62)
	at java.base/jdk.internal.reflect.DelegatingMethodAccessorImpl.invoke(DelegatingMethodAccessorImpl.java:43)
	at java.base/java.lang.reflect.Method.invoke(Method.java:566)
	at org.gradle.internal.dispatch.ReflectionDispatch.dispatch(ReflectionDispatch.java:36)
	at org.gradle.internal.dispatch.ReflectionDispatch.dispatch(ReflectionDispatch.java:24)
	at org.gradle.internal.dispatch.ContextClassLoaderDispatch.dispatch(ContextClassLoaderDispatch.java:33)
	at org.gradle.internal.dispatch.ProxyDispatchAdapter$DispatchingInvocationHandler.invoke(ProxyDispatchAdapter.java:94)
	at com.sun.proxy.$Proxy2.stop(Unknown Source)
	at org.gradle.api.internal.tasks.testing.worker.TestWorker.stop(TestWorker.java:133)
	at java.base/jdk.internal.reflect.NativeMethodAccessorImpl.invoke0(Native Method)
	at java.base/jdk.internal.reflect.NativeMethodAccessorImpl.invoke(NativeMethodAccessorImpl.java:62)
	at java.base/jdk.internal.reflect.DelegatingMethodAccessorImpl.invoke(DelegatingMethodAccessorImpl.java:43)
	at java.base/java.lang.reflect.Method.invoke(Method.java:566)
	at org.gradle.internal.dispatch.ReflectionDispatch.dispatch(ReflectionDispatch.java:36)
	at org.gradle.internal.dispatch.ReflectionDispatch.dispatch(ReflectionDispatch.java:24)
	at org.gradle.internal.remote.internal.hub.MessageHubBackedObjectConnection$DispatchWrapper.dispatch(MessageHubBackedObjectConnection.java:182)
	at org.gradle.internal.remote.internal.hub.MessageHubBackedObjectConnection$DispatchWrapper.dispatch(MessageHubBackedObjectConnection.java:164)
	at org.gradle.internal.remote.internal.hub.MessageHub$Handler.run(MessageHub.java:414)
	at org.gradle.internal.concurrent.ExecutorPolicy$CatchAndRecordFailures.onExecute(ExecutorPolicy.java:64)
	at org.gradle.internal.concurrent.ManagedExecutorImpl$1.run(ManagedExecutorImpl.java:48)
	at java.base/java.util.concurrent.ThreadPoolExecutor.runWorker(ThreadPoolExecutor.java:1128)
	at java.base/java.util.concurrent.ThreadPoolExecutor$Worker.run(ThreadPoolExecutor.java:628)
	at org.gradle.internal.concurrent.ThreadFactoryImpl$ManagedThreadRunnable.run(ThreadFactoryImpl.java:56)
	at java.base/java.lang.Thread.run(Thread.java:834)
</pre>
</span>
</div>
</div>
<div id="tab1" class="tab">
<h2>Tests</h2>
<table>
<thead>
<tr>
<th>Test</th>
<th>Duration</th>
<th>Result</th>
</tr>
</thead>
<tr>
<td class="failures">shouldEncryptKeysAndSkipAllOtherStepsWhen1stAttemptWasSuccessful()</td>
<td class="failures">0.252s</td>
<td class="failures">failed</td>
</tr>
<tr>
<td class="failures">shouldFailWhenRegistrationWasCompleted()</td>
<td class="failures">0.699s</td>
<td class="failures">failed</td>
</tr>
<tr>
<td class="success">shouldFailWhenSdkAlreadyRegistered()</td>
<td class="success">0.086s</td>
<td class="success">passed</td>
</tr>
<tr>
<td class="success">shouldFailWhenSecretKeyNotFound()</td>
<td class="success">0.071s</td>
<td class="success">passed</td>
</tr>
<tr>
<td class="failures">shouldRetryAfterFailedAttestationRegistration()</td>
<td class="failures">0.126s</td>
<td class="failures">failed</td>
</tr>
<tr>
<td class="failures">shouldRetryAfterFailedCloudMessagingRegistration()</td>
<td class="failures">0.136s</td>
<td class="failures">failed</td>
</tr>
<tr>
<td class="failures">shouldRetryAfterFailedMultipleRegistrations()</td>
<td class="failures">0.087s</td>
<td class="failures">failed</td>
</tr>
<tr>
<td class="failures">shouldRetryAfterFailedTransactionRegistration()</td>
<td class="failures">0.325s</td>
<td class="failures">failed</td>
</tr>
<tr>
<td class="success">shouldSuccessfullyPassFrom1stAttempt()</td>
<td class="success">1.389s</td>
<td class="success">passed</td>
</tr>
<tr>
<td class="success">verifyParallelExecution()</td>
<td class="success">4.127s</td>
<td class="success">passed</td>
</tr>
</table>
</div>
<div id="tab2" class="tab">
<h2>Standard output</h2>
<span class="code">
<pre>12:59:24.602 [Test worker] DEBUG org.springframework.test.context.BootstrapUtils - Instantiating CacheAwareContextLoaderDelegate from class [org.springframework.test.context.cache.DefaultCacheAwareContextLoaderDelegate]
12:59:24.618 [Test worker] DEBUG org.springframework.test.context.BootstrapUtils - Instantiating BootstrapContext using constructor [public org.springframework.test.context.support.DefaultBootstrapContext(java.lang.Class,org.springframework.test.context.CacheAwareContextLoaderDelegate)]
12:59:24.687 [Test worker] DEBUG org.springframework.test.context.BootstrapUtils - Instantiating TestContextBootstrapper for test class [com.meawallet.sdkregistry.itest.registration.initialize.InitializeRegistrationRetriesIntegrationTest] from class [org.springframework.boot.test.context.SpringBootTestContextBootstrapper]
12:59:24.697 [Test worker] INFO org.springframework.boot.test.context.SpringBootTestContextBootstrapper - Neither @ContextConfiguration nor @ContextHierarchy found for test class [com.meawallet.sdkregistry.itest.registration.initialize.InitializeRegistrationRetriesIntegrationTest], using SpringBootContextLoader
12:59:24.700 [Test worker] DEBUG org.springframework.test.context.support.AbstractContextLoader - Did not detect default resource location for test class [com.meawallet.sdkregistry.itest.registration.initialize.InitializeRegistrationRetriesIntegrationTest]: class path resource [com/meawallet/sdkregistry/itest/registration/initialize/InitializeRegistrationRetriesIntegrationTest-context.xml] does not exist
12:59:24.701 [Test worker] DEBUG org.springframework.test.context.support.AbstractContextLoader - Did not detect default resource location for test class [com.meawallet.sdkregistry.itest.registration.initialize.InitializeRegistrationRetriesIntegrationTest]: class path resource [com/meawallet/sdkregistry/itest/registration/initialize/InitializeRegistrationRetriesIntegrationTestContext.groovy] does not exist
12:59:24.701 [Test worker] INFO org.springframework.test.context.support.AbstractContextLoader - Could not detect default resource locations for test class [com.meawallet.sdkregistry.itest.registration.initialize.InitializeRegistrationRetriesIntegrationTest]: no resource found for suffixes {-context.xml, Context.groovy}.
12:59:24.929 [Test worker] DEBUG org.springframework.boot.test.context.SpringBootTestContextBootstrapper - Merging default listeners with listeners configured via @TestExecutionListeners for class [com.meawallet.sdkregistry.itest.BaseIntegrationTest].
12:59:24.929 [Test worker] INFO org.springframework.boot.test.context.SpringBootTestContextBootstrapper - Loaded default TestExecutionListener class names from location [META-INF/spring.factories]: [org.springframework.cloud.contract.wiremock.WireMockTestExecutionListener, org.springframework.boot.test.autoconfigure.restdocs.RestDocsTestExecutionListener, org.springframework.boot.test.autoconfigure.web.client.MockRestServiceServerResetTestExecutionListener, org.springframework.boot.test.autoconfigure.web.servlet.MockMvcPrintOnlyOnFailureTestExecutionListener, org.springframework.boot.test.autoconfigure.web.servlet.WebDriverTestExecutionListener, org.springframework.boot.test.autoconfigure.webservices.client.MockWebServiceServerTestExecutionListener, org.springframework.boot.test.mock.mockito.MockitoTestExecutionListener, org.springframework.boot.test.mock.mockito.ResetMocksTestExecutionListener, org.springframework.test.context.web.ServletTestExecutionListener, org.springframework.test.context.support.DirtiesContextBeforeModesTestExecutionListener, org.springframework.test.context.event.ApplicationEventsTestExecutionListener, org.springframework.test.context.support.DependencyInjectionTestExecutionListener, org.springframework.test.context.support.DirtiesContextTestExecutionListener, org.springframework.test.context.transaction.TransactionalTestExecutionListener, org.springframework.test.context.jdbc.SqlScriptsTestExecutionListener, org.springframework.test.context.event.EventPublishingTestExecutionListener]
12:59:24.945 [Test worker] DEBUG org.springframework.boot.test.context.SpringBootTestContextBootstrapper - Skipping candidate TestExecutionListener [org.springframework.test.context.web.ServletTestExecutionListener] due to a missing dependency. Specify custom listener classes or make the default listener classes and their required dependencies available. Offending class: [javax/servlet/ServletContext]
12:59:24.946 [Test worker] INFO org.springframework.boot.test.context.SpringBootTestContextBootstrapper - Using TestExecutionListeners: [org.springframework.test.context.support.DirtiesContextBeforeModesTestExecutionListener@15427506, org.springframework.test.context.event.ApplicationEventsTestExecutionListener@366994b5, org.springframework.boot.test.mock.mockito.MockitoTestExecutionListener@68fba482, org.springframework.test.context.support.DependencyInjectionTestExecutionListener@3dab5ccd, org.springframework.boot.test.autoconfigure.SpringBootDependencyInjectionTestExecutionListener@3bc7e43b, org.springframework.test.context.support.DirtiesContextTestExecutionListener@417113ca, org.springframework.test.context.transaction.TransactionalTestExecutionListener@741b70d2, org.springframework.test.context.jdbc.SqlScriptsTestExecutionListener@13b117a8, org.springframework.test.context.event.EventPublishingTestExecutionListener@1753cfd9, org.springframework.boot.test.autoconfigure.restdocs.RestDocsTestExecutionListener@5e7561ba, org.springframework.boot.test.autoconfigure.web.client.MockRestServiceServerResetTestExecutionListener@71c70746, org.springframework.boot.test.autoconfigure.web.servlet.MockMvcPrintOnlyOnFailureTestExecutionListener@6a504281, org.springframework.boot.test.autoconfigure.web.servlet.WebDriverTestExecutionListener@63f46515, org.springframework.boot.test.autoconfigure.webservices.client.MockWebServiceServerTestExecutionListener@16f9b060, org.springframework.boot.test.mock.mockito.ResetMocksTestExecutionListener@5fcd68ce, com.github.springtestdbunit.TransactionDbUnitTestExecutionListener@37616dfc, org.springframework.cloud.contract.wiremock.WireMockTestExecutionListener@77fd6ac8]
12:59:24.950 [Test worker] DEBUG org.springframework.test.context.support.AbstractDirtiesContextTestExecutionListener - Before test class: context [DefaultTestContext@1f0cf99b testClass = InitializeRegistrationRetriesIntegrationTest, testInstance = [null], testMethod = [null], testException = [null], mergedContextConfiguration = [ReactiveWebMergedContextConfiguration@73dfb8fe testClass = InitializeRegistrationRetriesIntegrationTest, locations = '{}', classes = '{class com.meawallet.sdkregistry.itest.TestApplication, class com.meawallet.sdkregistry.itest.config.MocksConfig}', contextInitializerClasses = '[]', activeProfiles = '{itest}', propertySourceLocations = '{}', propertySourceProperties = '{org.springframework.boot.test.context.SpringBootTestContextBootstrapper=true, server.port=0}', contextCustomizers = set[org.springframework.boot.test.autoconfigure.actuate.metrics.MetricsExportContextCustomizerFactory$DisableMetricExportContextCustomizer@2036c452, org.springframework.boot.test.autoconfigure.properties.PropertyMappingContextCustomizer@0, org.springframework.boot.test.autoconfigure.web.servlet.WebDriverContextCustomizerFactory$Customizer@5f48e0f4, org.springframework.boot.test.context.filter.ExcludeFilterContextCustomizer@61356aa0, org.springframework.boot.test.json.DuplicateJsonObjectContextCustomizerFactory$DuplicateJsonObjectContextCustomizer@6053b741, org.springframework.boot.test.mock.mockito.MockitoContextCustomizer@0, org.springframework.boot.test.web.client.TestRestTemplateContextCustomizer@1fdf94f3, org.springframework.boot.test.web.reactive.server.WebTestClientContextCustomizer@49f8e229, org.springframework.boot.test.context.SpringBootTestArgs@1, org.springframework.boot.test.context.SpringBootTestWebEnvironment@dd86ff8], contextLoader = 'org.springframework.boot.test.context.SpringBootContextLoader', parent = [null]], attributes = map['org.springframework.test.context.web.ServletTestExecutionListener.activateListener' -&gt; false]], class annotated with @DirtiesContext [false] with mode [null].
12:59:24.978 [Test worker] DEBUG org.springframework.core.env.StandardEnvironment - Activating profiles [itest]
12:59:24.983 [Test worker] DEBUG org.springframework.test.context.support.TestPropertySourceUtils - Adding inlined properties to environment: {spring.jmx.enabled=false, org.springframework.boot.test.context.SpringBootTestContextBootstrapper=true, server.port=0}

  .   ____          _            __ _ _
 /\\ / ___'_ __ _ _(_)_ __  __ _ \ \ \ \
( ( )\___ | '_ | '_| | '_ \/ _` | \ \ \ \
 \\/  ___)| |_)| | | | | || (_| |  ) ) ) )
  '  |____| .__|_| |_|_| |_\__, | / / / /
 =========|_|==============|___/=/_/_/_/
 :: Spring Boot ::                (v2.4.5)

2021-09-11 12:59:25.814  INFO 25651 --- [    Test worker] ializeRegistrationRetriesIntegrationTest : Starting InitializeRegistrationRetriesIntegrationTest using Java 11.0.10 on Olegss-MacBook-Pro-2.local with PID 25651 (started by olegssedacs in /Users/olegssedacs/IdeaProjects/java-backend-hometask/sdkregistry-itest)
2021-09-11 12:59:25.819 DEBUG 25651 --- [    Test worker] ializeRegistrationRetriesIntegrationTest : Running with Spring Boot v2.4.5, Spring v5.3.6
2021-09-11 12:59:25.819  INFO 25651 --- [    Test worker] ializeRegistrationRetriesIntegrationTest : The following profiles are active: itest
2021-09-11 12:59:26.807  INFO 25651 --- [    Test worker] .s.d.r.c.RepositoryConfigurationDelegate : Bootstrapping Spring Data R2DBC repositories in DEFAULT mode.
2021-09-11 12:59:26.971  INFO 25651 --- [    Test worker] .s.d.r.c.RepositoryConfigurationDelegate : Finished Spring Data repository scanning in 158 ms. Found 3 R2DBC repository interfaces.
2021-09-11 12:59:30.034  INFO 25651 --- [    Test worker] com.zaxxer.hikari.HikariDataSource       : HikariPool-1 - Starting...
2021-09-11 12:59:30.273  INFO 25651 --- [    Test worker] com.zaxxer.hikari.HikariDataSource       : HikariPool-1 - Start completed.
2021-09-11 12:59:30.657  INFO 25651 --- [    Test worker] liquibase.lockservice                    : Successfully acquired change log lock
2021-09-11 12:59:31.347  INFO 25651 --- [    Test worker] liquibase.changelog                      : Creating database history table with name: PUBLIC.DATABASECHANGELOG
2021-09-11 12:59:31.355  INFO 25651 --- [    Test worker] liquibase.changelog                      : Reading from PUBLIC.DATABASECHANGELOG
2021-09-11 12:59:31.442  INFO 25651 --- [    Test worker] liquibase.lockservice                    : Successfully released change log lock
2021-09-11 12:59:31.448  INFO 25651 --- [    Test worker] liquibase.lockservice                    : Successfully acquired change log lock
Skipping auto-registration
2021-09-11 12:59:31.449  WARN 25651 --- [    Test worker] liquibase.hub                            : Skipping auto-registration
2021-09-11 12:59:31.475  INFO 25651 --- [    Test worker] liquibase.changelog                      : Table sdk_shared_key created
2021-09-11 12:59:31.475  INFO 25651 --- [    Test worker] liquibase.changelog                      : ChangeSet db/sdkregistry/master-migrations-0.1.xml::create.table.sdk_shared_key::olegs.sedacs ran successfully in 17ms
2021-09-11 12:59:31.503  INFO 25651 --- [    Test worker] liquibase.changelog                      : Table sdk_instance created
2021-09-11 12:59:31.504  INFO 25651 --- [    Test worker] liquibase.changelog                      : ChangeSet db/sdkregistry/master-migrations-0.1.xml::create.table.sdk_instance::olegs.sedacs ran successfully in 9ms
2021-09-11 12:59:31.511  INFO 25651 --- [    Test worker] liquibase.changelog                      : Table sdk_instance_keys created
2021-09-11 12:59:31.512  INFO 25651 --- [    Test worker] liquibase.changelog                      : ChangeSet db/sdkregistry/master-migrations-0.1.xml::create.table.sdk_instance_keys::olegs.sedacs ran successfully in 6ms
2021-09-11 12:59:31.516  INFO 25651 --- [    Test worker] liquibase.lockservice                    : Successfully released change log lock
2021-09-11 12:59:31.913  INFO 25651 --- [    Test worker] wiremock.org.eclipse.jetty.util.log      : Logging initialized @8705ms to wiremock.org.eclipse.jetty.util.log.Slf4jLog
2021-09-11 12:59:32.840  INFO 25651 --- [    Test worker] o.s.b.web.embedded.netty.NettyWebServer  : Netty started on port 54098
2021-09-11 12:59:32.843  INFO 25651 --- [    Test worker] w.org.eclipse.jetty.server.Server        : jetty-9.4.30.v20200611; built: 2020-06-11T12:34:51.929Z; git: 271836e4c1f4612f12b7bb13ef5a92a927634b0d; jvm 11.0.10+8-LTS-162
2021-09-11 12:59:32.860  INFO 25651 --- [    Test worker] w.o.e.j.server.handler.ContextHandler    : Started w.o.e.j.s.ServletContextHandler@6787cfa5{/__admin,null,AVAILABLE}
2021-09-11 12:59:32.862  INFO 25651 --- [    Test worker] w.o.e.j.server.handler.ContextHandler    : Started w.o.e.j.s.ServletContextHandler@3e459741{/,null,AVAILABLE}
2021-09-11 12:59:32.869  INFO 25651 --- [    Test worker] w.o.e.jetty.server.AbstractConnector     : Started NetworkTrafficServerConnector@2357f32c{HTTP/1.1, (http/1.1)}{0.0.0.0:10001}
2021-09-11 12:59:32.869  INFO 25651 --- [    Test worker] w.org.eclipse.jetty.server.Server        : Started @9661ms
2021-09-11 12:59:32.869  INFO 25651 --- [    Test worker] w.org.eclipse.jetty.server.Server        : jetty-9.4.30.v20200611; built: 2020-06-11T12:34:51.929Z; git: 271836e4c1f4612f12b7bb13ef5a92a927634b0d; jvm 11.0.10+8-LTS-162
2021-09-11 12:59:32.873  INFO 25651 --- [    Test worker] w.o.e.j.server.handler.ContextHandler    : Started w.o.e.j.s.ServletContextHandler@25a6f718{/__admin,null,AVAILABLE}
2021-09-11 12:59:32.873  INFO 25651 --- [    Test worker] w.o.e.j.server.handler.ContextHandler    : Started w.o.e.j.s.ServletContextHandler@335ed480{/,null,AVAILABLE}
2021-09-11 12:59:32.874  INFO 25651 --- [    Test worker] w.o.e.jetty.server.AbstractConnector     : Started NetworkTrafficServerConnector@56e6032e{HTTP/1.1, (http/1.1)}{0.0.0.0:10002}
2021-09-11 12:59:32.876  INFO 25651 --- [    Test worker] w.org.eclipse.jetty.server.Server        : Started @9667ms
2021-09-11 12:59:32.876  INFO 25651 --- [    Test worker] w.org.eclipse.jetty.server.Server        : jetty-9.4.30.v20200611; built: 2020-06-11T12:34:51.929Z; git: 271836e4c1f4612f12b7bb13ef5a92a927634b0d; jvm 11.0.10+8-LTS-162
2021-09-11 12:59:32.878  INFO 25651 --- [    Test worker] w.o.e.j.server.handler.ContextHandler    : Started w.o.e.j.s.ServletContextHandler@c362876{/__admin,null,AVAILABLE}
2021-09-11 12:59:32.878  INFO 25651 --- [    Test worker] w.o.e.j.server.handler.ContextHandler    : Started w.o.e.j.s.ServletContextHandler@39f101b4{/,null,AVAILABLE}
2021-09-11 12:59:32.881  INFO 25651 --- [    Test worker] w.o.e.jetty.server.AbstractConnector     : Started NetworkTrafficServerConnector@3ace9c62{HTTP/1.1, (http/1.1)}{0.0.0.0:10003}
2021-09-11 12:59:32.881  INFO 25651 --- [    Test worker] w.org.eclipse.jetty.server.Server        : Started @9674ms
2021-09-11 12:59:32.899  INFO 25651 --- [    Test worker] ializeRegistrationRetriesIntegrationTest : Started InitializeRegistrationRetriesIntegrationTest in 7.911 seconds (JVM running for 9.691)
2021-09-11 12:59:33.019  INFO 25651 --- [    Test worker] com.zaxxer.hikari.HikariDataSource       : HikariPool-2 - Starting...
2021-09-11 12:59:33.024  INFO 25651 --- [    Test worker] com.zaxxer.hikari.HikariDataSource       : HikariPool-2 - Start completed.
2021-09-11 12:59:33.466 DEBUG 25651 --- [     parallel-1] .m.s.c.r.i.InitializeRegistrationService : About to initialize registration : InitializeRegistrationCommand(sdkId=POS, sdkInstanceId=771E7929535CA0DB0A63F45194B845CD, devicePublicKey=30820122300d06092a864886f70d01010105000382010f003082010a0282010100a1eb2bb2453691d721240f724dc00d4575c65d782dc05b647d4132c9d829964462e037e22720308f36c501ead79e631df930b3fab1e04e6322a82ebb49af0d0f09b06c3f1972b1ed04b66d668af5a07fbfd535c4eb23dd064a8a8708b9c95cf4d80fc7cbef80cf2d6d5115583bc6b1331c31faa62bcc93f2a2fba154264bc4cbe00493c3cfb40584542a70c290c1b16535559433c5904d8ba023f3d75fd3562880cd5b1ced844232698c5ae014de2d9b0b6a4f35b6bcc5c09b3189268b91197dc9e251955a1471ac1fbd59d49e4cb4964f453098f9f1c140f3be5a337f931d6093ba1493cd05dc8a169bd5a87105e437212f886a537b1cdb14429857e63ea3270203010001, shredKeyFingerprint=24378cdbdbdc1e226a0ce89285c30431950418174a72a7fb990bd20f1b13825a, fcmRegistrationId=APA91bHPRgkF3JUikC4ENAHEeMrd41Zxv3hVZjC9KtT8OvPVG, rgk=EncryptedRgk(encryptedEncryptionKey=ec01b2577c5b29aba408aad84316f67150bfb943789b3a5ffc05e3bc99e54dbc, encryptedMacKey=a8fd1ca3a3ac67ca92c4836752eaa93650bfb943789b3a5ffc05e3bc99e54dbc), gpsLocation=GpsLocation(latitude=56.9769399, longitude=24.1655157))
2021-09-11 12:59:33.533 ERROR 25651 --- [     parallel-1] c.m.s.i.h.e.HttpErrorResponseLogger      : internal error response status : 500 INTERNAL_SERVER_ERROR, response error : HttpError(code=INTERNAL, description=Unexpected internal error, fieldErrors=null), caused by

java.lang.NullPointerException: The Mono returned by the supplier is null
	at java.base/java.util.Objects.requireNonNull(Objects.java:246)
	Suppressed: reactor.core.publisher.FluxOnAssembly$OnAssemblyException: 
Error has been observed at the following site(s):
	|_ checkpoint  com.meawallet.sdkregistry.in.http.webfilter.TimeoutWebFilter [DefaultWebFilterChain]
	|_ checkpoint  HTTP POST &quot;/sdkregistry/v1/registration/initialize&quot; [ExceptionHandlingWebHandler]
Stack trace:
		at java.base/java.util.Objects.requireNonNull(Objects.java:246)
		at reactor.core.publisher.MonoDefer.subscribe(MonoDefer.java:44)
		at reactor.core.publisher.Mono.subscribe(Mono.java:4150)
		at reactor.core.publisher.MonoZip.subscribe(MonoZip.java:128)
		at reactor.core.publisher.InternalMonoOperator.subscribe(InternalMonoOperator.java:64)
		at reactor.core.publisher.MonoIgnoreThen$ThenIgnoreMain.subscribeNext(MonoIgnoreThen.java:236)
		at reactor.core.publisher.MonoIgnoreThen.subscribe(MonoIgnoreThen.java:51)
		at reactor.core.publisher.InternalMonoOperator.subscribe(InternalMonoOperator.java:64)
		at reactor.core.publisher.MonoFlatMap$FlatMapMain.onNext(MonoFlatMap.java:157)
		at reactor.core.publisher.Operators$MonoSubscriber.complete(Operators.java:1815)
		at reactor.core.publisher.MonoFlatMap$FlatMapMain.onNext(MonoFlatMap.java:151)
		at reactor.core.publisher.FluxHide$SuppressFuseableSubscriber.onNext(FluxHide.java:136)
		at reactor.core.publisher.FluxOnErrorResume$ResumeSubscriber.onNext(FluxOnErrorResume.java:79)
		at reactor.core.publisher.FluxOnErrorResume$ResumeSubscriber.onNext(FluxOnErrorResume.java:79)
		at reactor.core.publisher.Operators$MonoSubscriber.complete(Operators.java:1815)
		at reactor.core.publisher.MonoFlatMap$FlatMapMain.onNext(MonoFlatMap.java:151)
		at reactor.core.publisher.FluxContextWrite$ContextWriteSubscriber.onNext(FluxContextWrite.java:107)
		at reactor.core.publisher.FluxMapFuseable$MapFuseableConditionalSubscriber.onNext(FluxMapFuseable.java:295)
		at reactor.core.publisher.FluxFilterFuseable$FilterFuseableConditionalSubscriber.onNext(FluxFilterFuseable.java:337)
		at reactor.core.publisher.Operators$MonoSubscriber.complete(Operators.java:1815)
		at reactor.core.publisher.MonoCollect$CollectSubscriber.onComplete(MonoCollect.java:159)
		at reactor.core.publisher.FluxPeekFuseable$PeekFuseableSubscriber.onComplete(FluxPeekFuseable.java:277)
		at reactor.core.publisher.FluxPeekFuseable$PeekFuseableSubscriber.onComplete(FluxPeekFuseable.java:277)
		at reactor.core.publisher.FluxPeekFuseable$PeekFuseableSubscriber.onComplete(FluxPeekFuseable.java:277)
		at reactor.core.publisher.FluxPeekFuseable$PeekFuseableSubscriber.onComplete(FluxPeekFuseable.java:277)
		at reactor.core.publisher.FluxPeekFuseable$PeekFuseableSubscriber.onComplete(FluxPeekFuseable.java:277)
		at reactor.core.publisher.FluxContextWrite$ContextWriteSubscriber.onComplete(FluxContextWrite.java:126)
		at reactor.core.publisher.Operators$ScalarSubscription.request(Operators.java:2399)
		at reactor.core.publisher.FluxContextWrite$ContextWriteSubscriber.request(FluxContextWrite.java:136)
		at reactor.core.publisher.FluxPeekFuseable$PeekFuseableSubscriber.request(FluxPeekFuseable.java:144)
		at reactor.core.publisher.FluxPeekFuseable$PeekFuseableSubscriber.request(FluxPeekFuseable.java:144)
		at reactor.core.publisher.FluxPeekFuseable$PeekFuseableSubscriber.request(FluxPeekFuseable.java:144)
		at reactor.core.publisher.FluxPeekFuseable$PeekFuseableSubscriber.request(FluxPeekFuseable.java:144)
		at reactor.core.publisher.FluxPeekFuseable$PeekFuseableSubscriber.request(FluxPeekFuseable.java:144)
		at reactor.core.publisher.MonoCollect$CollectSubscriber.onSubscribe(MonoCollect.java:103)
		at reactor.core.publisher.FluxPeekFuseable$PeekFuseableSubscriber.onSubscribe(FluxPeekFuseable.java:178)
		at reactor.core.publisher.FluxPeekFuseable$PeekFuseableSubscriber.onSubscribe(FluxPeekFuseable.java:178)
		at reactor.core.publisher.FluxPeekFuseable$PeekFuseableSubscriber.onSubscribe(FluxPeekFuseable.java:178)
		at reactor.core.publisher.FluxPeekFuseable$PeekFuseableSubscriber.onSubscribe(FluxPeekFuseable.java:178)
		at reactor.core.publisher.FluxPeekFuseable$PeekFuseableSubscriber.onSubscribe(FluxPeekFuseable.java:178)
		at reactor.core.publisher.FluxContextWrite$ContextWriteSubscriber.onSubscribe(FluxContextWrite.java:101)
		at reactor.core.publisher.MonoJust.subscribe(MonoJust.java:54)
		at reactor.core.publisher.Mono.subscribe(Mono.java:4150)
		at reactor.core.publisher.FluxFlatMap.trySubscribeScalarMap(FluxFlatMap.java:203)
		at reactor.core.publisher.MonoFlatMap.subscribeOrReturn(MonoFlatMap.java:53)
		at reactor.core.publisher.InternalMonoOperator.subscribe(InternalMonoOperator.java:57)
		at reactor.core.publisher.MonoFlatMap$FlatMapMain.onNext(MonoFlatMap.java:157)
		at reactor.core.publisher.FluxSwitchIfEmpty$SwitchIfEmptySubscriber.onNext(FluxSwitchIfEmpty.java:73)
		at reactor.core.publisher.MonoNext$NextSubscriber.onNext(MonoNext.java:82)
		at reactor.core.publisher.FluxConcatMap$ConcatMapImmediate.innerNext(FluxConcatMap.java:281)
		at reactor.core.publisher.FluxConcatMap$ConcatMapInner.onNext(FluxConcatMap.java:860)
		at reactor.core.publisher.FluxMap$MapSubscriber.onNext(FluxMap.java:120)
		at reactor.core.publisher.FluxPeek$PeekSubscriber.onNext(FluxPeek.java:199)
		at reactor.core.publisher.MonoNext$NextSubscriber.onNext(MonoNext.java:82)
		at reactor.core.publisher.FluxConcatMap$ConcatMapImmediate.innerNext(FluxConcatMap.java:281)
		at reactor.core.publisher.FluxConcatMap$ConcatMapInner.onNext(FluxConcatMap.java:860)
		at reactor.core.publisher.FluxPeek$PeekSubscriber.onNext(FluxPeek.java:199)
		at reactor.core.publisher.MonoNext$NextSubscriber.onNext(MonoNext.java:82)
		at reactor.core.publisher.FluxConcatMap$ConcatMapImmediate.drain(FluxConcatMap.java:428)
		at reactor.core.publisher.FluxConcatMap$ConcatMapImmediate.onSubscribe(FluxConcatMap.java:218)
		at reactor.core.publisher.FluxIterable.subscribe(FluxIterable.java:164)
		at reactor.core.publisher.FluxIterable.subscribe(FluxIterable.java:86)
		at reactor.core.publisher.Mono.subscribe(Mono.java:4150)
		at reactor.core.publisher.FluxConcatMap$ConcatMapImmediate.drain(FluxConcatMap.java:448)
		at reactor.core.publisher.FluxConcatMap$ConcatMapImmediate.onSubscribe(FluxConcatMap.java:218)
		at reactor.core.publisher.FluxIterable.subscribe(FluxIterable.java:164)
		at reactor.core.publisher.FluxIterable.subscribe(FluxIterable.java:86)
		at reactor.core.publisher.Mono.subscribe(Mono.java:4150)
		at reactor.core.publisher.FluxConcatMap$ConcatMapImmediate.drain(FluxConcatMap.java:448)
		at reactor.core.publisher.FluxConcatMap$ConcatMapImmediate.onSubscribe(FluxConcatMap.java:218)
		at reactor.core.publisher.FluxIterable.subscribe(FluxIterable.java:164)
		at reactor.core.publisher.FluxIterable.subscribe(FluxIterable.java:86)
		at reactor.core.publisher.InternalMonoOperator.subscribe(InternalMonoOperator.java:64)
		at reactor.core.publisher.MonoDefer.subscribe(MonoDefer.java:52)
		at reactor.core.publisher.InternalMonoOperator.subscribe(InternalMonoOperator.java:64)
		at reactor.core.publisher.MonoDefer.subscribe(MonoDefer.java:52)
		at reactor.core.publisher.Mono.subscribe(Mono.java:4150)
		at reactor.core.publisher.MonoIgnoreThen$ThenIgnoreMain.subscribeNext(MonoIgnoreThen.java:255)
		at reactor.core.publisher.MonoIgnoreThen.subscribe(MonoIgnoreThen.java:51)
		at reactor.core.publisher.Mono.subscribe(Mono.java:4150)
		at reactor.core.publisher.Mono.subscribeWith(Mono.java:4265)
		at reactor.core.publisher.Mono.subscribe(Mono.java:4121)
		at reactor.core.publisher.Mono.subscribe(Mono.java:4057)
		at org.springframework.test.web.reactive.server.HttpHandlerConnector.lambda$doConnect$2(HttpHandlerConnector.java:98)
		at org.springframework.mock.http.client.reactive.MockClientHttpRequest.lambda$null$2(MockClientHttpRequest.java:125)
		at reactor.core.publisher.MonoDefer.subscribe(MonoDefer.java:44)
		at reactor.core.publisher.Mono.subscribe(Mono.java:4150)
		at reactor.core.publisher.FluxConcatIterable$ConcatIterableSubscriber.onComplete(FluxConcatIterable.java:147)
		at reactor.core.publisher.FluxConcatIterable.subscribe(FluxConcatIterable.java:60)
		at reactor.core.publisher.MonoFromFluxOperator.subscribe(MonoFromFluxOperator.java:81)
		at reactor.core.publisher.MonoFlatMap$FlatMapMain.onNext(MonoFlatMap.java:157)
		at reactor.core.publisher.FluxSwitchIfEmpty$SwitchIfEmptySubscriber.onNext(FluxSwitchIfEmpty.java:73)
		at reactor.core.publisher.Operators$MonoInnerProducerBase.complete(Operators.java:2659)
		at reactor.core.publisher.MonoSingle$SingleSubscriber.onComplete(MonoSingle.java:180)
		at reactor.core.publisher.FluxMapFuseable$MapFuseableSubscriber.onComplete(FluxMapFuseable.java:150)
		at reactor.core.publisher.Operators$ScalarSubscription.request(Operators.java:2399)
		at reactor.core.publisher.FluxMapFuseable$MapFuseableSubscriber.request(FluxMapFuseable.java:169)
		at reactor.core.publisher.MonoSingle$SingleSubscriber.doOnRequest(MonoSingle.java:103)
		at reactor.core.publisher.Operators$MonoInnerProducerBase.request(Operators.java:2726)
		at reactor.core.publisher.Operators$MultiSubscriptionSubscriber.set(Operators.java:2193)
		at reactor.core.publisher.Operators$MultiSubscriptionSubscriber.onSubscribe(Operators.java:2067)
		at reactor.core.publisher.MonoSingle$SingleSubscriber.onSubscribe(MonoSingle.java:115)
		at reactor.core.publisher.FluxMapFuseable$MapFuseableSubscriber.onSubscribe(FluxMapFuseable.java:96)
		at reactor.core.publisher.FluxJust.subscribe(FluxJust.java:68)
		at reactor.core.publisher.Mono.subscribe(Mono.java:4150)
		at reactor.core.publisher.Mono.subscribeWith(Mono.java:4265)
		at reactor.core.publisher.Mono.subscribe(Mono.java:4121)
		at reactor.core.publisher.Mono.subscribe(Mono.java:4057)
		at org.springframework.test.web.reactive.server.HttpHandlerConnector.doConnect(HttpHandlerConnector.java:112)
		at org.springframework.test.web.reactive.server.HttpHandlerConnector.lambda$connect$0(HttpHandlerConnector.java:79)
		at reactor.core.publisher.MonoDefer.subscribe(MonoDefer.java:44)
		at reactor.core.publisher.Mono.subscribe(Mono.java:4150)
		at reactor.core.publisher.MonoSubscribeOn$SubscribeOnSubscriber.run(MonoSubscribeOn.java:126)
		at reactor.core.scheduler.WorkerTask.call(WorkerTask.java:84)
		at reactor.core.scheduler.WorkerTask.call(WorkerTask.java:37)
		at java.base/java.util.concurrent.FutureTask.run(FutureTask.java:264)
		at java.base/java.util.concurrent.ScheduledThreadPoolExecutor$ScheduledFutureTask.run(ScheduledThreadPoolExecutor.java:304)
		at java.base/java.util.concurrent.ThreadPoolExecutor.runWorker(ThreadPoolExecutor.java:1128)
		at java.base/java.util.concurrent.ThreadPoolExecutor$Worker.run(ThreadPoolExecutor.java:628)
		at java.base/java.lang.Thread.run(Thread.java:834)

2021-09-11 12:59:33.614 ERROR 25651 --- [    Test worker] o.s.t.w.reactive.server.ExchangeResult   : Request details for assertion failure:

&gt; POST http://localhost:54098/sdkregistry/v1/registration/initialize
&gt; Content-Type: [application/json]
&gt; WebTestClient-Request-Id: [1]
&gt; Content-Length: [1146]

{
  &quot;sdkId&quot;: &quot;POS&quot;,
  &quot;sdkInstanceId&quot;: &quot;771E7929535CA0DB0A63F45194B845CD&quot;,
  &quot;devicePublicKey&quot;: &quot;30820122300d06092a864886f70d01010105000382010f003082010a0282010100a1eb2bb2453691d721240f724dc00d4575c65d782dc05b647d4132c9d829964462e037e22720308f36c501ead79e631df930b3fab1e04e6322a82ebb49af0d0f09b06c3f1972b1ed04b66d668af5a07fbfd535c4eb23dd064a8a8708b9c95cf4d80fc7cbef80cf2d6d5115583bc6b1331c31faa62bcc93f2a2fba154264bc4cbe00493c3cfb40584542a70c290c1b16535559433c5904d8ba023f3d75fd3562880cd5b1ced844232698c5ae014de2d9b0b6a4f35b6bcc5c09b3189268b91197dc9e251955a1471ac1fbd59d49e4cb4964f453098f9f1c140f3be5a337f931d6093ba1493cd05dc8a169bd5a87105e437212f886a537b1cdb14429857e63ea3270203010001&quot;,
  &quot;shredKeyFingerprint&quot;: &quot;24378cdbdbdc1e226a0ce89285c30431950418174a72a7fb990bd20f1b13825a&quot;,
  &quot;fcmRegistrationId&quot;: &quot;APA91bHPRgkF3JUikC4ENAHEeMrd41Zxv3hVZjC9KtT8OvPVG&quot;,
  &quot;rgk&quot;: {
    &quot;encryptedEncryptionKey&quot;: &quot;ec01b2577c5b29aba408aad84316f67150bfb943789b3a5ffc05e3bc99e54dbc&quot;,
    &quot;encryptedMacKey&quot;: &quot;a8fd1ca3a3ac67ca92c4836752eaa93650bfb943789b3a5ffc05e3bc99e54dbc&quot;
  },
  &quot;gpsLocation&quot;: {
    &quot;latitude&quot;: &quot;56.9769399&quot;,
    &quot;longitude&quot;: &quot;24.1655157&quot;
  }
}


&lt; 500 INTERNAL_SERVER_ERROR Internal Server Error
&lt; Content-Type: [application/json]
&lt; Content-Length: [71]

{&quot;error&quot;:{&quot;code&quot;:&quot;INTERNAL&quot;,&quot;description&quot;:&quot;Unexpected internal error&quot;}}

2021-09-11 12:59:34.009 DEBUG 25651 --- [     parallel-3] .m.s.c.r.i.InitializeRegistrationService : About to initialize registration : InitializeRegistrationCommand(sdkId=POS, sdkInstanceId=771E7929535CA0DB0A63F45194B845CD, devicePublicKey=30820122300d06092a864886f70d01010105000382010f003082010a0282010100a1eb2bb2453691d721240f724dc00d4575c65d782dc05b647d4132c9d829964462e037e22720308f36c501ead79e631df930b3fab1e04e6322a82ebb49af0d0f09b06c3f1972b1ed04b66d668af5a07fbfd535c4eb23dd064a8a8708b9c95cf4d80fc7cbef80cf2d6d5115583bc6b1331c31faa62bcc93f2a2fba154264bc4cbe00493c3cfb40584542a70c290c1b16535559433c5904d8ba023f3d75fd3562880cd5b1ced844232698c5ae014de2d9b0b6a4f35b6bcc5c09b3189268b91197dc9e251955a1471ac1fbd59d49e4cb4964f453098f9f1c140f3be5a337f931d6093ba1493cd05dc8a169bd5a87105e437212f886a537b1cdb14429857e63ea3270203010001, shredKeyFingerprint=24378cdbdbdc1e226a0ce89285c30431950418174a72a7fb990bd20f1b13825a, fcmRegistrationId=APA91bHPRgkF3JUikC4ENAHEeMrd41Zxv3hVZjC9KtT8OvPVG, rgk=EncryptedRgk(encryptedEncryptionKey=ec01b2577c5b29aba408aad84316f67150bfb943789b3a5ffc05e3bc99e54dbc, encryptedMacKey=a8fd1ca3a3ac67ca92c4836752eaa93650bfb943789b3a5ffc05e3bc99e54dbc), gpsLocation=GpsLocation(latitude=56.9769399, longitude=24.1655157))
2021-09-11 12:59:34.222 DEBUG 25651 --- [     parallel-3] .s.c.r.i.PlainSdkKeysetEncryptionService : Key encrypted from : f72896dc308292f6aa26711d3331e65c-&gt;7ff868751fee5e2f9eab00c83eac3304565dc904a7e892602ef84268cc8335e0
2021-09-11 12:59:34.226 DEBUG 25651 --- [     parallel-3] .s.c.r.i.PlainSdkKeysetEncryptionService : Key encrypted from : af6b62a55df6bc0ab76a50ce18088b54-&gt;ffbf022ffa1fc12ca586dea475a1ca6a565dc904a7e892602ef84268cc8335e0
2021-09-11 12:59:34.227 DEBUG 25651 --- [     parallel-3] .s.c.r.i.PlainSdkKeysetEncryptionService : Key encrypted from : c7142575feb4ebd80e43f4b4d75ffe88-&gt;d67424fb7c96096f2c3992000212b1b6565dc904a7e892602ef84268cc8335e0
2021-09-11 12:59:34.228 DEBUG 25651 --- [     parallel-3] .s.c.r.i.PlainSdkKeysetEncryptionService : Key encrypted from : acfa5a29334dd171423061574e4fabea-&gt;e8a4a8cf61c9bc80852af34dfae4339a565dc904a7e892602ef84268cc8335e0
2021-09-11 12:59:34.229 DEBUG 25651 --- [     parallel-3] .s.c.r.i.PlainSdkKeysetEncryptionService : Key encrypted from : 8232e9fd71e7ba4db3d404934d3cfc83-&gt;c35dde5a2709951624a5027118b4f73f565dc904a7e892602ef84268cc8335e0
2021-09-11 12:59:34.229 DEBUG 25651 --- [     parallel-3] .s.c.r.i.PlainSdkKeysetEncryptionService : Key encrypted from : 82af0a11de94f139cee142bf3f60cc42-&gt;2b43d3b6a66dbdf04d765813526b1e91565dc904a7e892602ef84268cc8335e0
2021-09-11 12:59:34.230 DEBUG 25651 --- [     parallel-3] .s.c.r.i.PlainSdkKeysetEncryptionService : Key encrypted from : 6790068c9db7d51b8d7371f8f21d84e0-&gt;e2ebd0fdbd382c1978d8c19007b7f611565dc904a7e892602ef84268cc8335e0
2021-09-11 12:59:34.230 DEBUG 25651 --- [     parallel-3] .s.c.r.i.PlainSdkKeysetEncryptionService : Key encrypted from : 7ba90d2e4d5e40341edfe5302aa9bfd5-&gt;202bdfd06175558302538c97c5bb1f9a565dc904a7e892602ef84268cc8335e0
2021-09-11 12:59:34.312 DEBUG 25651 --- [     parallel-3] .m.s.c.r.i.SdkInstancePersistenceService : Saved new sdk instance : SdkInstanceEntity(id=2, sdkInstanceId=771E7929535CA0DB0A63F45194B845CD, sdkId=POS, fcmRegistrationId=APA91bHPRgkF3JUikC4ENAHEeMrd41Zxv3hVZjC9KtT8OvPVG, latitude=56.9769399, longitude=24.1655157, createdAt=null)
2021-09-11 12:59:34.788  INFO 25651 --- [tp1439475644-49] w.o.e.j.s.handler.ContextHandler.ROOT    : RequestHandlerClass from context returned com.github.tomakehurst.wiremock.http.StubRequestHandler. Normalized mapped under returned 'null'
2021-09-11 12:59:34.788  INFO 25651 --- [qtp570092918-41] w.o.e.j.s.handler.ContextHandler.ROOT    : RequestHandlerClass from context returned com.github.tomakehurst.wiremock.http.StubRequestHandler. Normalized mapped under returned 'null'
2021-09-11 12:59:34.788  INFO 25651 --- [qtp274437663-33] w.o.e.j.s.handler.ContextHandler.ROOT    : RequestHandlerClass from context returned com.github.tomakehurst.wiremock.http.StubRequestHandler. Normalized mapped under returned 'null'
2021-09-11 12:59:34.918 DEBUG 25651 --- [ctor-http-nio-4] .m.s.c.r.i.InitializeRegistrationService : About to initialize registration result : InitializeRegistrationResult(keyset=EncryptedSdkKeyset(keySetId=eaa08cd1c42059975f42f20332decf0d, push=EncryptedPushKeys(dataEncryptionKey=7ff868751fee5e2f9eab00c83eac3304565dc904a7e892602ef84268cc8335e0, dataMacKey=ffbf022ffa1fc12ca586dea475a1ca6a565dc904a7e892602ef84268cc8335e0, messageMacKey=d67424fb7c96096f2c3992000212b1b6565dc904a7e892602ef84268cc8335e0), attestation=EncryptedEncMacKeys(encryptionKey=e8a4a8cf61c9bc80852af34dfae4339a565dc904a7e892602ef84268cc8335e0, macKey=c35dde5a2709951624a5027118b4f73f565dc904a7e892602ef84268cc8335e0), transaction=EncryptedEncMacKeys(encryptionKey=2b43d3b6a66dbdf04d765813526b1e91565dc904a7e892602ef84268cc8335e0, macKey=e2ebd0fdbd382c1978d8c19007b7f611565dc904a7e892602ef84268cc8335e0), secretKey=EncryptedSecretKey(key=202bdfd06175558302538c97c5bb1f9a565dc904a7e892602ef84268cc8335e0, fingerprint=0371f80a4149e86a263f233efb3a18ff911613e43f862b7e0813598bbac93fec)))
2021-09-11 12:59:35.096 DEBUG 25651 --- [     parallel-8] .m.s.c.r.i.InitializeRegistrationService : About to initialize registration : InitializeRegistrationCommand(sdkId=POS, sdkInstanceId=771E7929535CA0DB0A63F45194B845CD, devicePublicKey=30820122300d06092a864886f70d01010105000382010f003082010a0282010100a1eb2bb2453691d721240f724dc00d4575c65d782dc05b647d4132c9d829964462e037e22720308f36c501ead79e631df930b3fab1e04e6322a82ebb49af0d0f09b06c3f1972b1ed04b66d668af5a07fbfd535c4eb23dd064a8a8708b9c95cf4d80fc7cbef80cf2d6d5115583bc6b1331c31faa62bcc93f2a2fba154264bc4cbe00493c3cfb40584542a70c290c1b16535559433c5904d8ba023f3d75fd3562880cd5b1ced844232698c5ae014de2d9b0b6a4f35b6bcc5c09b3189268b91197dc9e251955a1471ac1fbd59d49e4cb4964f453098f9f1c140f3be5a337f931d6093ba1493cd05dc8a169bd5a87105e437212f886a537b1cdb14429857e63ea3270203010001, shredKeyFingerprint=wrong-secret-key, fcmRegistrationId=APA91bHPRgkF3JUikC4ENAHEeMrd41Zxv3hVZjC9KtT8OvPVG, rgk=EncryptedRgk(encryptedEncryptionKey=ec01b2577c5b29aba408aad84316f67150bfb943789b3a5ffc05e3bc99e54dbc, encryptedMacKey=a8fd1ca3a3ac67ca92c4836752eaa93650bfb943789b3a5ffc05e3bc99e54dbc), gpsLocation=GpsLocation(latitude=56.9769399, longitude=24.1655157))
2021-09-11 12:59:35.116 DEBUG 25651 --- [     parallel-8] c.m.s.i.h.e.HttpErrorResponseLogger      : exception message : Failed with : SHARED_KEY_NOT_FOUND : Private key not found by fingerprint : wrong-secret-key, response status : 400 BAD_REQUEST, response error : HttpError(code=SHARED_KEY_NOT_FOUND, description=Private key not found by fingerprint : wrong-secret-key, fieldErrors=null)
2021-09-11 12:59:35.169 DEBUG 25651 --- [     parallel-2] .m.s.c.r.i.InitializeRegistrationService : About to initialize registration : InitializeRegistrationCommand(sdkId=POS, sdkInstanceId=771E7929535CA0DB0A63F45194B845CD, devicePublicKey=30820122300d06092a864886f70d01010105000382010f003082010a0282010100a1eb2bb2453691d721240f724dc00d4575c65d782dc05b647d4132c9d829964462e037e22720308f36c501ead79e631df930b3fab1e04e6322a82ebb49af0d0f09b06c3f1972b1ed04b66d668af5a07fbfd535c4eb23dd064a8a8708b9c95cf4d80fc7cbef80cf2d6d5115583bc6b1331c31faa62bcc93f2a2fba154264bc4cbe00493c3cfb40584542a70c290c1b16535559433c5904d8ba023f3d75fd3562880cd5b1ced844232698c5ae014de2d9b0b6a4f35b6bcc5c09b3189268b91197dc9e251955a1471ac1fbd59d49e4cb4964f453098f9f1c140f3be5a337f931d6093ba1493cd05dc8a169bd5a87105e437212f886a537b1cdb14429857e63ea3270203010001, shredKeyFingerprint=24378cdbdbdc1e226a0ce89285c30431950418174a72a7fb990bd20f1b13825a, fcmRegistrationId=APA91bHPRgkF3JUikC4ENAHEeMrd41Zxv3hVZjC9KtT8OvPVG, rgk=EncryptedRgk(encryptedEncryptionKey=ec01b2577c5b29aba408aad84316f67150bfb943789b3a5ffc05e3bc99e54dbc, encryptedMacKey=a8fd1ca3a3ac67ca92c4836752eaa93650bfb943789b3a5ffc05e3bc99e54dbc), gpsLocation=GpsLocation(latitude=56.9769399, longitude=24.1655157))
2021-09-11 12:59:35.587 DEBUG 25651 --- [     parallel-6] .s.c.r.i.PlainSdkKeysetEncryptionService : Key encrypted from : c7142575feb4ebd80e43f4b4d75ffe88-&gt;d67424fb7c96096f2c3992000212b1b6565dc904a7e892602ef84268cc8335e0
2021-09-11 12:59:35.589 DEBUG 25651 --- [     parallel-2] .s.c.r.i.PlainSdkKeysetEncryptionService : Key encrypted from : 6790068c9db7d51b8d7371f8f21d84e0-&gt;e2ebd0fdbd382c1978d8c19007b7f611565dc904a7e892602ef84268cc8335e0
2021-09-11 12:59:35.588 DEBUG 25651 --- [     parallel-3] .s.c.r.i.PlainSdkKeysetEncryptionService : Key encrypted from : 7ba90d2e4d5e40341edfe5302aa9bfd5-&gt;202bdfd06175558302538c97c5bb1f9a565dc904a7e892602ef84268cc8335e0
2021-09-11 12:59:35.588 DEBUG 25651 --- [     parallel-1] .s.c.r.i.PlainSdkKeysetEncryptionService : Key encrypted from : 82af0a11de94f139cee142bf3f60cc42-&gt;2b43d3b6a66dbdf04d765813526b1e91565dc904a7e892602ef84268cc8335e0
2021-09-11 12:59:35.587 DEBUG 25651 --- [     parallel-7] .s.c.r.i.PlainSdkKeysetEncryptionService : Key encrypted from : acfa5a29334dd171423061574e4fabea-&gt;e8a4a8cf61c9bc80852af34dfae4339a565dc904a7e892602ef84268cc8335e0
2021-09-11 12:59:35.587 DEBUG 25651 --- [     parallel-5] .s.c.r.i.PlainSdkKeysetEncryptionService : Key encrypted from : af6b62a55df6bc0ab76a50ce18088b54-&gt;ffbf022ffa1fc12ca586dea475a1ca6a565dc904a7e892602ef84268cc8335e0
2021-09-11 12:59:35.588 DEBUG 25651 --- [     parallel-8] .s.c.r.i.PlainSdkKeysetEncryptionService : Key encrypted from : 8232e9fd71e7ba4db3d404934d3cfc83-&gt;c35dde5a2709951624a5027118b4f73f565dc904a7e892602ef84268cc8335e0
2021-09-11 12:59:35.587 DEBUG 25651 --- [     parallel-4] .s.c.r.i.PlainSdkKeysetEncryptionService : Key encrypted from : f72896dc308292f6aa26711d3331e65c-&gt;7ff868751fee5e2f9eab00c83eac3304565dc904a7e892602ef84268cc8335e0
2021-09-11 12:59:35.617 DEBUG 25651 --- [     parallel-4] .m.s.c.r.i.SdkInstancePersistenceService : Saved new sdk instance : SdkInstanceEntity(id=3, sdkInstanceId=771E7929535CA0DB0A63F45194B845CD, sdkId=POS, fcmRegistrationId=APA91bHPRgkF3JUikC4ENAHEeMrd41Zxv3hVZjC9KtT8OvPVG, latitude=56.9769399, longitude=24.1655157, createdAt=null)
2021-09-11 12:59:39.209 DEBUG 25651 --- [ctor-http-nio-3] .m.s.c.r.i.InitializeRegistrationService : About to initialize registration result : InitializeRegistrationResult(keyset=EncryptedSdkKeyset(keySetId=eaa08cd1c42059975f42f20332decf0d, push=EncryptedPushKeys(dataEncryptionKey=7ff868751fee5e2f9eab00c83eac3304565dc904a7e892602ef84268cc8335e0, dataMacKey=ffbf022ffa1fc12ca586dea475a1ca6a565dc904a7e892602ef84268cc8335e0, messageMacKey=d67424fb7c96096f2c3992000212b1b6565dc904a7e892602ef84268cc8335e0), attestation=EncryptedEncMacKeys(encryptionKey=e8a4a8cf61c9bc80852af34dfae4339a565dc904a7e892602ef84268cc8335e0, macKey=c35dde5a2709951624a5027118b4f73f565dc904a7e892602ef84268cc8335e0), transaction=EncryptedEncMacKeys(encryptionKey=2b43d3b6a66dbdf04d765813526b1e91565dc904a7e892602ef84268cc8335e0, macKey=e2ebd0fdbd382c1978d8c19007b7f611565dc904a7e892602ef84268cc8335e0), secretKey=EncryptedSecretKey(key=202bdfd06175558302538c97c5bb1f9a565dc904a7e892602ef84268cc8335e0, fingerprint=0371f80a4149e86a263f233efb3a18ff911613e43f862b7e0813598bbac93fec)))
2021-09-11 12:59:39.304 DEBUG 25651 --- [     parallel-7] .m.s.c.r.i.InitializeRegistrationService : About to initialize registration : InitializeRegistrationCommand(sdkId=POS, sdkInstanceId=771E7929535CA0DB0A63F45194B845CD, devicePublicKey=30820122300d06092a864886f70d01010105000382010f003082010a0282010100a1eb2bb2453691d721240f724dc00d4575c65d782dc05b647d4132c9d829964462e037e22720308f36c501ead79e631df930b3fab1e04e6322a82ebb49af0d0f09b06c3f1972b1ed04b66d668af5a07fbfd535c4eb23dd064a8a8708b9c95cf4d80fc7cbef80cf2d6d5115583bc6b1331c31faa62bcc93f2a2fba154264bc4cbe00493c3cfb40584542a70c290c1b16535559433c5904d8ba023f3d75fd3562880cd5b1ced844232698c5ae014de2d9b0b6a4f35b6bcc5c09b3189268b91197dc9e251955a1471ac1fbd59d49e4cb4964f453098f9f1c140f3be5a337f931d6093ba1493cd05dc8a169bd5a87105e437212f886a537b1cdb14429857e63ea3270203010001, shredKeyFingerprint=24378cdbdbdc1e226a0ce89285c30431950418174a72a7fb990bd20f1b13825a, fcmRegistrationId=APA91bHPRgkF3JUikC4ENAHEeMrd41Zxv3hVZjC9KtT8OvPVG, rgk=EncryptedRgk(encryptedEncryptionKey=ec01b2577c5b29aba408aad84316f67150bfb943789b3a5ffc05e3bc99e54dbc, encryptedMacKey=a8fd1ca3a3ac67ca92c4836752eaa93650bfb943789b3a5ffc05e3bc99e54dbc), gpsLocation=GpsLocation(latitude=56.9769399, longitude=24.1655157))
2021-09-11 12:59:39.327 DEBUG 25651 --- [     parallel-7] .s.c.r.i.PlainSdkKeysetEncryptionService : Key encrypted from : f72896dc308292f6aa26711d3331e65c-&gt;7ff868751fee5e2f9eab00c83eac3304565dc904a7e892602ef84268cc8335e0
2021-09-11 12:59:39.328 DEBUG 25651 --- [     parallel-7] .s.c.r.i.PlainSdkKeysetEncryptionService : Key encrypted from : af6b62a55df6bc0ab76a50ce18088b54-&gt;ffbf022ffa1fc12ca586dea475a1ca6a565dc904a7e892602ef84268cc8335e0
2021-09-11 12:59:39.328 DEBUG 25651 --- [     parallel-7] .s.c.r.i.PlainSdkKeysetEncryptionService : Key encrypted from : c7142575feb4ebd80e43f4b4d75ffe88-&gt;d67424fb7c96096f2c3992000212b1b6565dc904a7e892602ef84268cc8335e0
2021-09-11 12:59:39.329 DEBUG 25651 --- [     parallel-7] .s.c.r.i.PlainSdkKeysetEncryptionService : Key encrypted from : acfa5a29334dd171423061574e4fabea-&gt;e8a4a8cf61c9bc80852af34dfae4339a565dc904a7e892602ef84268cc8335e0
2021-09-11 12:59:39.329 DEBUG 25651 --- [     parallel-7] .s.c.r.i.PlainSdkKeysetEncryptionService : Key encrypted from : 8232e9fd71e7ba4db3d404934d3cfc83-&gt;c35dde5a2709951624a5027118b4f73f565dc904a7e892602ef84268cc8335e0
2021-09-11 12:59:39.329 DEBUG 25651 --- [     parallel-7] .s.c.r.i.PlainSdkKeysetEncryptionService : Key encrypted from : 82af0a11de94f139cee142bf3f60cc42-&gt;2b43d3b6a66dbdf04d765813526b1e91565dc904a7e892602ef84268cc8335e0
2021-09-11 12:59:39.331 DEBUG 25651 --- [     parallel-7] .s.c.r.i.PlainSdkKeysetEncryptionService : Key encrypted from : 6790068c9db7d51b8d7371f8f21d84e0-&gt;e2ebd0fdbd382c1978d8c19007b7f611565dc904a7e892602ef84268cc8335e0
2021-09-11 12:59:39.332 DEBUG 25651 --- [     parallel-7] .s.c.r.i.PlainSdkKeysetEncryptionService : Key encrypted from : 7ba90d2e4d5e40341edfe5302aa9bfd5-&gt;202bdfd06175558302538c97c5bb1f9a565dc904a7e892602ef84268cc8335e0
2021-09-11 12:59:39.343 DEBUG 25651 --- [     parallel-7] .m.s.c.r.i.SdkInstancePersistenceService : Saved new sdk instance : SdkInstanceEntity(id=4, sdkInstanceId=771E7929535CA0DB0A63F45194B845CD, sdkId=POS, fcmRegistrationId=APA91bHPRgkF3JUikC4ENAHEeMrd41Zxv3hVZjC9KtT8OvPVG, latitude=56.9769399, longitude=24.1655157, createdAt=null)
2021-09-11 12:59:39.409 ERROR 25651 --- [ctor-http-nio-5] c.m.s.i.h.e.HttpErrorResponseLogger      : internal error response status : 500 INTERNAL_SERVER_ERROR, response error : HttpError(code=INTERNAL, description=Registration failed in Transaction Service, fieldErrors=null), caused by

com.meawallet.sdkregistry.api.errors.SdkRegistryException: Failed with : INTERNAL : Registration failed in Transaction Service
	at com.meawallet.sdkregistry.api.errors.SdkRegistryException.lambda$internalError$4(SdkRegistryException.java:74)
	Suppressed: reactor.core.publisher.FluxOnAssembly$OnAssemblyException: 
Error has been observed at the following site(s):
	|_ checkpoint  500 from POST http://localhost:10003/transaction/v1/registration [DefaultWebClient]
	|_ checkpoint  com.meawallet.sdkregistry.in.http.webfilter.TimeoutWebFilter [DefaultWebFilterChain]
	|_ checkpoint  HTTP POST &quot;/sdkregistry/v1/registration/initialize&quot; [ExceptionHandlingWebHandler]
Stack trace:
		at com.meawallet.sdkregistry.api.errors.SdkRegistryException.lambda$internalError$4(SdkRegistryException.java:74)
		at reactor.core.publisher.MonoErrorSupplied.call(MonoErrorSupplied.java:76)
		at reactor.core.publisher.FluxFlatMap.trySubscribeScalarMap(FluxFlatMap.java:127)
		at reactor.core.publisher.MonoFlatMap.subscribeOrReturn(MonoFlatMap.java:53)
		at reactor.core.publisher.InternalMonoOperator.subscribe(InternalMonoOperator.java:57)
		at reactor.core.publisher.MonoFlatMap$FlatMapMain.onNext(MonoFlatMap.java:157)
		at reactor.core.publisher.FluxSwitchIfEmpty$SwitchIfEmptySubscriber.onNext(FluxSwitchIfEmpty.java:73)
		at reactor.core.publisher.FluxMap$MapSubscriber.onNext(FluxMap.java:120)
		at reactor.core.publisher.FluxOnErrorResume$ResumeSubscriber.onNext(FluxOnErrorResume.java:79)
		at reactor.core.publisher.FluxPeek$PeekSubscriber.onNext(FluxPeek.java:199)
		at reactor.core.publisher.FluxPeek$PeekSubscriber.onNext(FluxPeek.java:199)
		at reactor.core.publisher.FluxPeek$PeekSubscriber.onNext(FluxPeek.java:199)
		at reactor.core.publisher.MonoNext$NextSubscriber.onNext(MonoNext.java:82)
		at reactor.core.publisher.Operators$ScalarSubscription.request(Operators.java:2397)
		at reactor.core.publisher.MonoFlatMapMany$FlatMapManyMain.onSubscribeInner(MonoFlatMapMany.java:150)
		at reactor.core.publisher.MonoFlatMapMany$FlatMapManyMain.onNext(MonoFlatMapMany.java:189)
		at reactor.core.publisher.SerializedSubscriber.onNext(SerializedSubscriber.java:99)
		at reactor.core.publisher.FluxRetryWhen$RetryWhenMainSubscriber.onNext(FluxRetryWhen.java:173)
		at reactor.core.publisher.MonoCreate$DefaultMonoSink.success(MonoCreate.java:160)
		at reactor.netty.http.client.HttpClientConnect$HttpIOHandlerObserver.onStateChange(HttpClientConnect.java:388)
		at reactor.netty.ReactorNetty$CompositeConnectionObserver.onStateChange(ReactorNetty.java:654)
		at reactor.netty.resources.DefaultPooledConnectionProvider$DisposableAcquire.onStateChange(DefaultPooledConnectionProvider.java:196)
		at reactor.netty.resources.DefaultPooledConnectionProvider$PooledConnection.onStateChange(DefaultPooledConnectionProvider.java:452)
		at reactor.netty.http.client.HttpClientOperations.onInboundNext(HttpClientOperations.java:629)
		at reactor.netty.channel.ChannelOperationsHandler.channelRead(ChannelOperationsHandler.java:94)
		at io.netty.channel.AbstractChannelHandlerContext.invokeChannelRead(AbstractChannelHandlerContext.java:379)
		at io.netty.channel.AbstractChannelHandlerContext.invokeChannelRead(AbstractChannelHandlerContext.java:365)
		at io.netty.channel.AbstractChannelHandlerContext.fireChannelRead(AbstractChannelHandlerContext.java:357)
		at io.netty.handler.codec.MessageToMessageDecoder.channelRead(MessageToMessageDecoder.java:103)
		at io.netty.channel.AbstractChannelHandlerContext.invokeChannelRead(AbstractChannelHandlerContext.java:379)
		at io.netty.channel.AbstractChannelHandlerContext.invokeChannelRead(AbstractChannelHandlerContext.java:365)
		at io.netty.channel.AbstractChannelHandlerContext.fireChannelRead(AbstractChannelHandlerContext.java:357)
		at io.netty.channel.CombinedChannelDuplexHandler$DelegatingChannelHandlerContext.fireChannelRead(CombinedChannelDuplexHandler.java:436)
		at io.netty.handler.codec.ByteToMessageDecoder.fireChannelRead(ByteToMessageDecoder.java:324)
		at io.netty.handler.codec.ByteToMessageDecoder.fireChannelRead(ByteToMessageDecoder.java:311)
		at io.netty.handler.codec.ByteToMessageDecoder.callDecode(ByteToMessageDecoder.java:432)
		at io.netty.handler.codec.ByteToMessageDecoder.channelRead(ByteToMessageDecoder.java:276)
		at io.netty.channel.CombinedChannelDuplexHandler.channelRead(CombinedChannelDuplexHandler.java:251)
		at io.netty.channel.AbstractChannelHandlerContext.invokeChannelRead(AbstractChannelHandlerContext.java:379)
		at io.netty.channel.AbstractChannelHandlerContext.invokeChannelRead(AbstractChannelHandlerContext.java:365)
		at io.netty.channel.AbstractChannelHandlerContext.fireChannelRead(AbstractChannelHandlerContext.java:357)
		at io.netty.channel.DefaultChannelPipeline$HeadContext.channelRead(DefaultChannelPipeline.java:1410)
		at io.netty.channel.AbstractChannelHandlerContext.invokeChannelRead(AbstractChannelHandlerContext.java:379)
		at io.netty.channel.AbstractChannelHandlerContext.invokeChannelRead(AbstractChannelHandlerContext.java:365)
		at io.netty.channel.DefaultChannelPipeline.fireChannelRead(DefaultChannelPipeline.java:919)
		at io.netty.channel.nio.AbstractNioByteChannel$NioByteUnsafe.read(AbstractNioByteChannel.java:166)
		at io.netty.channel.nio.NioEventLoop.processSelectedKey(NioEventLoop.java:719)
		at io.netty.channel.nio.NioEventLoop.processSelectedKeysOptimized(NioEventLoop.java:655)
		at io.netty.channel.nio.NioEventLoop.processSelectedKeys(NioEventLoop.java:581)
		at io.netty.channel.nio.NioEventLoop.run(NioEventLoop.java:493)
		at io.netty.util.concurrent.SingleThreadEventExecutor$4.run(SingleThreadEventExecutor.java:989)
		at io.netty.util.internal.ThreadExecutorMap$2.run(ThreadExecutorMap.java:74)
		at io.netty.util.concurrent.FastThreadLocalRunnable.run(FastThreadLocalRunnable.java:30)
		at java.base/java.lang.Thread.run(Thread.java:834)

2021-09-11 12:59:39.546 ERROR 25651 --- [    Test worker] o.s.t.w.reactive.server.ExchangeResult   : Request details for assertion failure:

&gt; POST http://localhost:54098/sdkregistry/v1/registration/initialize
&gt; Content-Type: [application/json]
&gt; WebTestClient-Request-Id: [1]
&gt; Content-Length: [1146]

{
  &quot;sdkId&quot;: &quot;POS&quot;,
  &quot;sdkInstanceId&quot;: &quot;771E7929535CA0DB0A63F45194B845CD&quot;,
  &quot;devicePublicKey&quot;: &quot;30820122300d06092a864886f70d01010105000382010f003082010a0282010100a1eb2bb2453691d721240f724dc00d4575c65d782dc05b647d4132c9d829964462e037e22720308f36c501ead79e631df930b3fab1e04e6322a82ebb49af0d0f09b06c3f1972b1ed04b66d668af5a07fbfd535c4eb23dd064a8a8708b9c95cf4d80fc7cbef80cf2d6d5115583bc6b1331c31faa62bcc93f2a2fba154264bc4cbe00493c3cfb40584542a70c290c1b16535559433c5904d8ba023f3d75fd3562880cd5b1ced844232698c5ae014de2d9b0b6a4f35b6bcc5c09b3189268b91197dc9e251955a1471ac1fbd59d49e4cb4964f453098f9f1c140f3be5a337f931d6093ba1493cd05dc8a169bd5a87105e437212f886a537b1cdb14429857e63ea3270203010001&quot;,
  &quot;shredKeyFingerprint&quot;: &quot;24378cdbdbdc1e226a0ce89285c30431950418174a72a7fb990bd20f1b13825a&quot;,
  &quot;fcmRegistrationId&quot;: &quot;APA91bHPRgkF3JUikC4ENAHEeMrd41Zxv3hVZjC9KtT8OvPVG&quot;,
  &quot;rgk&quot;: {
    &quot;encryptedEncryptionKey&quot;: &quot;ec01b2577c5b29aba408aad84316f67150bfb943789b3a5ffc05e3bc99e54dbc&quot;,
    &quot;encryptedMacKey&quot;: &quot;a8fd1ca3a3ac67ca92c4836752eaa93650bfb943789b3a5ffc05e3bc99e54dbc&quot;
  },
  &quot;gpsLocation&quot;: {
    &quot;latitude&quot;: &quot;56.9769399&quot;,
    &quot;longitude&quot;: &quot;24.1655157&quot;
  }
}


&lt; 500 INTERNAL_SERVER_ERROR Internal Server Error
&lt; Content-Type: [application/json]
&lt; Content-Length: [88]

{&quot;error&quot;:{&quot;code&quot;:&quot;INTERNAL&quot;,&quot;description&quot;:&quot;Registration failed in Transaction Service&quot;}}

2021-09-11 12:59:39.552 ERROR 25651 --- [    Test worker] o.s.t.w.reactive.server.ExchangeResult   : Request details for assertion failure:

&gt; POST http://localhost:54098/sdkregistry/v1/registration/initialize
&gt; Content-Type: [application/json]
&gt; WebTestClient-Request-Id: [1]
&gt; Content-Length: [1146]

{
  &quot;sdkId&quot;: &quot;POS&quot;,
  &quot;sdkInstanceId&quot;: &quot;771E7929535CA0DB0A63F45194B845CD&quot;,
  &quot;devicePublicKey&quot;: &quot;30820122300d06092a864886f70d01010105000382010f003082010a0282010100a1eb2bb2453691d721240f724dc00d4575c65d782dc05b647d4132c9d829964462e037e22720308f36c501ead79e631df930b3fab1e04e6322a82ebb49af0d0f09b06c3f1972b1ed04b66d668af5a07fbfd535c4eb23dd064a8a8708b9c95cf4d80fc7cbef80cf2d6d5115583bc6b1331c31faa62bcc93f2a2fba154264bc4cbe00493c3cfb40584542a70c290c1b16535559433c5904d8ba023f3d75fd3562880cd5b1ced844232698c5ae014de2d9b0b6a4f35b6bcc5c09b3189268b91197dc9e251955a1471ac1fbd59d49e4cb4964f453098f9f1c140f3be5a337f931d6093ba1493cd05dc8a169bd5a87105e437212f886a537b1cdb14429857e63ea3270203010001&quot;,
  &quot;shredKeyFingerprint&quot;: &quot;24378cdbdbdc1e226a0ce89285c30431950418174a72a7fb990bd20f1b13825a&quot;,
  &quot;fcmRegistrationId&quot;: &quot;APA91bHPRgkF3JUikC4ENAHEeMrd41Zxv3hVZjC9KtT8OvPVG&quot;,
  &quot;rgk&quot;: {
    &quot;encryptedEncryptionKey&quot;: &quot;ec01b2577c5b29aba408aad84316f67150bfb943789b3a5ffc05e3bc99e54dbc&quot;,
    &quot;encryptedMacKey&quot;: &quot;a8fd1ca3a3ac67ca92c4836752eaa93650bfb943789b3a5ffc05e3bc99e54dbc&quot;
  },
  &quot;gpsLocation&quot;: {
    &quot;latitude&quot;: &quot;56.9769399&quot;,
    &quot;longitude&quot;: &quot;24.1655157&quot;
  }
}


&lt; 500 INTERNAL_SERVER_ERROR Internal Server Error
&lt; Content-Type: [application/json]
&lt; Content-Length: [88]

{&quot;error&quot;:{&quot;code&quot;:&quot;INTERNAL&quot;,&quot;description&quot;:&quot;Registration failed in Transaction Service&quot;}}

2021-09-11 12:59:39.714 DEBUG 25651 --- [     parallel-4] .m.s.c.r.i.InitializeRegistrationService : About to initialize registration : InitializeRegistrationCommand(sdkId=POS, sdkInstanceId=771E7929535CA0DB0A63F45194B845CD, devicePublicKey=30820122300d06092a864886f70d01010105000382010f003082010a0282010100a1eb2bb2453691d721240f724dc00d4575c65d782dc05b647d4132c9d829964462e037e22720308f36c501ead79e631df930b3fab1e04e6322a82ebb49af0d0f09b06c3f1972b1ed04b66d668af5a07fbfd535c4eb23dd064a8a8708b9c95cf4d80fc7cbef80cf2d6d5115583bc6b1331c31faa62bcc93f2a2fba154264bc4cbe00493c3cfb40584542a70c290c1b16535559433c5904d8ba023f3d75fd3562880cd5b1ced844232698c5ae014de2d9b0b6a4f35b6bcc5c09b3189268b91197dc9e251955a1471ac1fbd59d49e4cb4964f453098f9f1c140f3be5a337f931d6093ba1493cd05dc8a169bd5a87105e437212f886a537b1cdb14429857e63ea3270203010001, shredKeyFingerprint=24378cdbdbdc1e226a0ce89285c30431950418174a72a7fb990bd20f1b13825a, fcmRegistrationId=APA91bHPRgkF3JUikC4ENAHEeMrd41Zxv3hVZjC9KtT8OvPVG, rgk=EncryptedRgk(encryptedEncryptionKey=ec01b2577c5b29aba408aad84316f67150bfb943789b3a5ffc05e3bc99e54dbc, encryptedMacKey=a8fd1ca3a3ac67ca92c4836752eaa93650bfb943789b3a5ffc05e3bc99e54dbc), gpsLocation=GpsLocation(latitude=56.9769399, longitude=24.1655157))
2021-09-11 12:59:39.738 DEBUG 25651 --- [     parallel-4] .s.c.r.i.PlainSdkKeysetEncryptionService : Key encrypted from : f72896dc308292f6aa26711d3331e65c-&gt;7ff868751fee5e2f9eab00c83eac3304565dc904a7e892602ef84268cc8335e0
2021-09-11 12:59:39.739 DEBUG 25651 --- [     parallel-4] .s.c.r.i.PlainSdkKeysetEncryptionService : Key encrypted from : af6b62a55df6bc0ab76a50ce18088b54-&gt;ffbf022ffa1fc12ca586dea475a1ca6a565dc904a7e892602ef84268cc8335e0
2021-09-11 12:59:39.739 DEBUG 25651 --- [     parallel-4] .s.c.r.i.PlainSdkKeysetEncryptionService : Key encrypted from : c7142575feb4ebd80e43f4b4d75ffe88-&gt;d67424fb7c96096f2c3992000212b1b6565dc904a7e892602ef84268cc8335e0
2021-09-11 12:59:39.740 DEBUG 25651 --- [     parallel-4] .s.c.r.i.PlainSdkKeysetEncryptionService : Key encrypted from : acfa5a29334dd171423061574e4fabea-&gt;e8a4a8cf61c9bc80852af34dfae4339a565dc904a7e892602ef84268cc8335e0
2021-09-11 12:59:39.740 DEBUG 25651 --- [     parallel-4] .s.c.r.i.PlainSdkKeysetEncryptionService : Key encrypted from : 8232e9fd71e7ba4db3d404934d3cfc83-&gt;c35dde5a2709951624a5027118b4f73f565dc904a7e892602ef84268cc8335e0
2021-09-11 12:59:39.740 DEBUG 25651 --- [     parallel-4] .s.c.r.i.PlainSdkKeysetEncryptionService : Key encrypted from : 82af0a11de94f139cee142bf3f60cc42-&gt;2b43d3b6a66dbdf04d765813526b1e91565dc904a7e892602ef84268cc8335e0
2021-09-11 12:59:39.741 DEBUG 25651 --- [     parallel-4] .s.c.r.i.PlainSdkKeysetEncryptionService : Key encrypted from : 6790068c9db7d51b8d7371f8f21d84e0-&gt;e2ebd0fdbd382c1978d8c19007b7f611565dc904a7e892602ef84268cc8335e0
2021-09-11 12:59:39.741 DEBUG 25651 --- [     parallel-4] .s.c.r.i.PlainSdkKeysetEncryptionService : Key encrypted from : 7ba90d2e4d5e40341edfe5302aa9bfd5-&gt;202bdfd06175558302538c97c5bb1f9a565dc904a7e892602ef84268cc8335e0
2021-09-11 12:59:39.751 DEBUG 25651 --- [     parallel-4] .m.s.c.r.i.SdkInstancePersistenceService : Saved new sdk instance : SdkInstanceEntity(id=5, sdkInstanceId=771E7929535CA0DB0A63F45194B845CD, sdkId=POS, fcmRegistrationId=APA91bHPRgkF3JUikC4ENAHEeMrd41Zxv3hVZjC9KtT8OvPVG, latitude=56.9769399, longitude=24.1655157, createdAt=null)
2021-09-11 12:59:39.809 DEBUG 25651 --- [ctor-http-nio-4] .m.s.c.r.i.InitializeRegistrationService : About to initialize registration result : InitializeRegistrationResult(keyset=EncryptedSdkKeyset(keySetId=eaa08cd1c42059975f42f20332decf0d, push=EncryptedPushKeys(dataEncryptionKey=7ff868751fee5e2f9eab00c83eac3304565dc904a7e892602ef84268cc8335e0, dataMacKey=ffbf022ffa1fc12ca586dea475a1ca6a565dc904a7e892602ef84268cc8335e0, messageMacKey=d67424fb7c96096f2c3992000212b1b6565dc904a7e892602ef84268cc8335e0), attestation=EncryptedEncMacKeys(encryptionKey=e8a4a8cf61c9bc80852af34dfae4339a565dc904a7e892602ef84268cc8335e0, macKey=c35dde5a2709951624a5027118b4f73f565dc904a7e892602ef84268cc8335e0), transaction=EncryptedEncMacKeys(encryptionKey=2b43d3b6a66dbdf04d765813526b1e91565dc904a7e892602ef84268cc8335e0, macKey=e2ebd0fdbd382c1978d8c19007b7f611565dc904a7e892602ef84268cc8335e0), secretKey=EncryptedSecretKey(key=202bdfd06175558302538c97c5bb1f9a565dc904a7e892602ef84268cc8335e0, fingerprint=0371f80a4149e86a263f233efb3a18ff911613e43f862b7e0813598bbac93fec)))
2021-09-11 12:59:39.837 DEBUG 25651 --- [     parallel-1] .m.s.c.r.i.InitializeRegistrationService : About to initialize registration : InitializeRegistrationCommand(sdkId=POS, sdkInstanceId=771E7929535CA0DB0A63F45194B845CD, devicePublicKey=30820122300d06092a864886f70d01010105000382010f003082010a0282010100a1eb2bb2453691d721240f724dc00d4575c65d782dc05b647d4132c9d829964462e037e22720308f36c501ead79e631df930b3fab1e04e6322a82ebb49af0d0f09b06c3f1972b1ed04b66d668af5a07fbfd535c4eb23dd064a8a8708b9c95cf4d80fc7cbef80cf2d6d5115583bc6b1331c31faa62bcc93f2a2fba154264bc4cbe00493c3cfb40584542a70c290c1b16535559433c5904d8ba023f3d75fd3562880cd5b1ced844232698c5ae014de2d9b0b6a4f35b6bcc5c09b3189268b91197dc9e251955a1471ac1fbd59d49e4cb4964f453098f9f1c140f3be5a337f931d6093ba1493cd05dc8a169bd5a87105e437212f886a537b1cdb14429857e63ea3270203010001, shredKeyFingerprint=24378cdbdbdc1e226a0ce89285c30431950418174a72a7fb990bd20f1b13825a, fcmRegistrationId=APA91bHPRgkF3JUikC4ENAHEeMrd41Zxv3hVZjC9KtT8OvPVG, rgk=EncryptedRgk(encryptedEncryptionKey=4cc45b222a7b97e22b1e7fd1e812309950bfb943789b3a5ffc05e3bc99e54dbc, encryptedMacKey=698956944be08829c0377ce7633a738150bfb943789b3a5ffc05e3bc99e54dbc), gpsLocation=GpsLocation(latitude=56.9769399, longitude=24.1655157))
2021-09-11 12:59:39.846 DEBUG 25651 --- [     parallel-1] .s.c.r.i.PlainSdkKeysetEncryptionService : Key encrypted from : f72896dc308292f6aa26711d3331e65c-&gt;6128b25d60169384c426b6baf3ea1d7c90b786a94460ec7e661d6b6e7ee6cbc6
2021-09-11 12:59:39.847 DEBUG 25651 --- [     parallel-1] .s.c.r.i.PlainSdkKeysetEncryptionService : Key encrypted from : af6b62a55df6bc0ab76a50ce18088b54-&gt;3788153de02d59ae72eddcae72f8e2d690b786a94460ec7e661d6b6e7ee6cbc6
2021-09-11 12:59:39.847 DEBUG 25651 --- [     parallel-1] .s.c.r.i.PlainSdkKeysetEncryptionService : Key encrypted from : c7142575feb4ebd80e43f4b4d75ffe88-&gt;3a758101e8a25cd77b9cbd09e35f210490b786a94460ec7e661d6b6e7ee6cbc6
2021-09-11 12:59:39.847 DEBUG 25651 --- [     parallel-1] .s.c.r.i.PlainSdkKeysetEncryptionService : Key encrypted from : acfa5a29334dd171423061574e4fabea-&gt;ed712395d4c1c26f12713def0ffd30e090b786a94460ec7e661d6b6e7ee6cbc6
2021-09-11 12:59:39.847 DEBUG 25651 --- [     parallel-1] .s.c.r.i.PlainSdkKeysetEncryptionService : Key encrypted from : 8232e9fd71e7ba4db3d404934d3cfc83-&gt;6f3fc10ceefd533fa57b449790c1493c90b786a94460ec7e661d6b6e7ee6cbc6
2021-09-11 12:59:39.848 DEBUG 25651 --- [     parallel-1] .s.c.r.i.PlainSdkKeysetEncryptionService : Key encrypted from : 82af0a11de94f139cee142bf3f60cc42-&gt;d0180b6b332d7eab2e109028c521e6ec90b786a94460ec7e661d6b6e7ee6cbc6
2021-09-11 12:59:39.848 DEBUG 25651 --- [     parallel-1] .s.c.r.i.PlainSdkKeysetEncryptionService : Key encrypted from : 6790068c9db7d51b8d7371f8f21d84e0-&gt;b5585cd8443c6540afb74e7f644969d090b786a94460ec7e661d6b6e7ee6cbc6
2021-09-11 12:59:39.848 DEBUG 25651 --- [     parallel-1] .s.c.r.i.PlainSdkKeysetEncryptionService : Key encrypted from : 7ba90d2e4d5e40341edfe5302aa9bfd5-&gt;6904f672941163c8b24e5f7d17d4dbe290b786a94460ec7e661d6b6e7ee6cbc6
2021-09-11 12:59:39.859 DEBUG 25651 --- [     parallel-1] .m.s.c.r.i.SdkInstancePersistenceService : Unable to save sdk instance as it already exists : 771E7929535CA0DB0A63F45194B845CD
2021-09-11 12:59:39.862 DEBUG 25651 --- [     parallel-1] c.m.s.i.h.e.HttpErrorResponseLogger      : exception message : Failed with : SDK_INSTANCE_ALREADY_EXISTS : Sdk instance id '771E7929535CA0DB0A63F45194B845CD' is already registered. Generate another sdk instance id and start registration again, response status : 400 BAD_REQUEST, response error : HttpError(code=SDK_INSTANCE_ALREADY_EXISTS, description=Sdk instance id '771E7929535CA0DB0A63F45194B845CD' is already registered. Generate another sdk instance id and start registration again, fieldErrors=null)
2021-09-11 12:59:39.865 ERROR 25651 --- [    Test worker] o.s.t.w.reactive.server.ExchangeResult   : Request details for assertion failure:

&gt; POST http://localhost:54098/sdkregistry/v1/registration/initialize
&gt; Content-Type: [application/json]
&gt; WebTestClient-Request-Id: [1]
&gt; Content-Length: [1146]

{
  &quot;sdkId&quot;: &quot;POS&quot;,
  &quot;sdkInstanceId&quot;: &quot;771E7929535CA0DB0A63F45194B845CD&quot;,
  &quot;devicePublicKey&quot;: &quot;30820122300d06092a864886f70d01010105000382010f003082010a0282010100a1eb2bb2453691d721240f724dc00d4575c65d782dc05b647d4132c9d829964462e037e22720308f36c501ead79e631df930b3fab1e04e6322a82ebb49af0d0f09b06c3f1972b1ed04b66d668af5a07fbfd535c4eb23dd064a8a8708b9c95cf4d80fc7cbef80cf2d6d5115583bc6b1331c31faa62bcc93f2a2fba154264bc4cbe00493c3cfb40584542a70c290c1b16535559433c5904d8ba023f3d75fd3562880cd5b1ced844232698c5ae014de2d9b0b6a4f35b6bcc5c09b3189268b91197dc9e251955a1471ac1fbd59d49e4cb4964f453098f9f1c140f3be5a337f931d6093ba1493cd05dc8a169bd5a87105e437212f886a537b1cdb14429857e63ea3270203010001&quot;,
  &quot;shredKeyFingerprint&quot;: &quot;24378cdbdbdc1e226a0ce89285c30431950418174a72a7fb990bd20f1b13825a&quot;,
  &quot;fcmRegistrationId&quot;: &quot;APA91bHPRgkF3JUikC4ENAHEeMrd41Zxv3hVZjC9KtT8OvPVG&quot;,
  &quot;rgk&quot;: {
    &quot;encryptedEncryptionKey&quot;: &quot;4cc45b222a7b97e22b1e7fd1e812309950bfb943789b3a5ffc05e3bc99e54dbc&quot;,
    &quot;encryptedMacKey&quot;: &quot;698956944be08829c0377ce7633a738150bfb943789b3a5ffc05e3bc99e54dbc&quot;
  },
  &quot;gpsLocation&quot;: {
    &quot;latitude&quot;: &quot;56.9769399&quot;,
    &quot;longitude&quot;: &quot;24.1655157&quot;
  }
}


&lt; 400 BAD_REQUEST Bad Request
&lt; Content-Type: [application/json]
&lt; Content-Length: [200]

{&quot;error&quot;:{&quot;code&quot;:&quot;SDK_INSTANCE_ALREADY_EXISTS&quot;,&quot;description&quot;:&quot;Sdk instance id '771E7929535CA0DB0A63F45194B845CD' is already registered. Generate another sdk instance id and start registration again&quot;}}

2021-09-11 12:59:39.913 DEBUG 25651 --- [     parallel-3] .m.s.c.r.i.InitializeRegistrationService : About to initialize registration : InitializeRegistrationCommand(sdkId=POS, sdkInstanceId=771E7929535CA0DB0A63F45194B845CD, devicePublicKey=30820122300d06092a864886f70d01010105000382010f003082010a0282010100a1eb2bb2453691d721240f724dc00d4575c65d782dc05b647d4132c9d829964462e037e22720308f36c501ead79e631df930b3fab1e04e6322a82ebb49af0d0f09b06c3f1972b1ed04b66d668af5a07fbfd535c4eb23dd064a8a8708b9c95cf4d80fc7cbef80cf2d6d5115583bc6b1331c31faa62bcc93f2a2fba154264bc4cbe00493c3cfb40584542a70c290c1b16535559433c5904d8ba023f3d75fd3562880cd5b1ced844232698c5ae014de2d9b0b6a4f35b6bcc5c09b3189268b91197dc9e251955a1471ac1fbd59d49e4cb4964f453098f9f1c140f3be5a337f931d6093ba1493cd05dc8a169bd5a87105e437212f886a537b1cdb14429857e63ea3270203010001, shredKeyFingerprint=24378cdbdbdc1e226a0ce89285c30431950418174a72a7fb990bd20f1b13825a, fcmRegistrationId=APA91bHPRgkF3JUikC4ENAHEeMrd41Zxv3hVZjC9KtT8OvPVG, rgk=EncryptedRgk(encryptedEncryptionKey=ec01b2577c5b29aba408aad84316f67150bfb943789b3a5ffc05e3bc99e54dbc, encryptedMacKey=a8fd1ca3a3ac67ca92c4836752eaa93650bfb943789b3a5ffc05e3bc99e54dbc), gpsLocation=GpsLocation(latitude=56.9769399, longitude=24.1655157))
2021-09-11 12:59:39.931 DEBUG 25651 --- [     parallel-3] .s.c.r.i.PlainSdkKeysetEncryptionService : Key encrypted from : f72896dc308292f6aa26711d3331e65c-&gt;7ff868751fee5e2f9eab00c83eac3304565dc904a7e892602ef84268cc8335e0
2021-09-11 12:59:39.932 DEBUG 25651 --- [     parallel-3] .s.c.r.i.PlainSdkKeysetEncryptionService : Key encrypted from : af6b62a55df6bc0ab76a50ce18088b54-&gt;ffbf022ffa1fc12ca586dea475a1ca6a565dc904a7e892602ef84268cc8335e0
2021-09-11 12:59:39.932 DEBUG 25651 --- [     parallel-3] .s.c.r.i.PlainSdkKeysetEncryptionService : Key encrypted from : c7142575feb4ebd80e43f4b4d75ffe88-&gt;d67424fb7c96096f2c3992000212b1b6565dc904a7e892602ef84268cc8335e0
2021-09-11 12:59:39.934 DEBUG 25651 --- [     parallel-3] .s.c.r.i.PlainSdkKeysetEncryptionService : Key encrypted from : acfa5a29334dd171423061574e4fabea-&gt;e8a4a8cf61c9bc80852af34dfae4339a565dc904a7e892602ef84268cc8335e0
2021-09-11 12:59:39.936 DEBUG 25651 --- [     parallel-3] .s.c.r.i.PlainSdkKeysetEncryptionService : Key encrypted from : 8232e9fd71e7ba4db3d404934d3cfc83-&gt;c35dde5a2709951624a5027118b4f73f565dc904a7e892602ef84268cc8335e0
2021-09-11 12:59:39.937 DEBUG 25651 --- [     parallel-3] .s.c.r.i.PlainSdkKeysetEncryptionService : Key encrypted from : 82af0a11de94f139cee142bf3f60cc42-&gt;2b43d3b6a66dbdf04d765813526b1e91565dc904a7e892602ef84268cc8335e0
2021-09-11 12:59:39.937 DEBUG 25651 --- [     parallel-3] .s.c.r.i.PlainSdkKeysetEncryptionService : Key encrypted from : 6790068c9db7d51b8d7371f8f21d84e0-&gt;e2ebd0fdbd382c1978d8c19007b7f611565dc904a7e892602ef84268cc8335e0
2021-09-11 12:59:39.940 DEBUG 25651 --- [     parallel-3] .s.c.r.i.PlainSdkKeysetEncryptionService : Key encrypted from : 7ba90d2e4d5e40341edfe5302aa9bfd5-&gt;202bdfd06175558302538c97c5bb1f9a565dc904a7e892602ef84268cc8335e0
2021-09-11 12:59:39.943 DEBUG 25651 --- [     parallel-3] .m.s.c.r.i.SdkInstancePersistenceService : Unable to save sdk instance as it already exists : 771E7929535CA0DB0A63F45194B845CD
2021-09-11 12:59:39.944 DEBUG 25651 --- [     parallel-3] c.m.s.i.h.e.HttpErrorResponseLogger      : exception message : Failed with : SDK_INSTANCE_ALREADY_EXISTS : Sdk instance id '771E7929535CA0DB0A63F45194B845CD' is already registered. Generate another sdk instance id and start registration again, response status : 400 BAD_REQUEST, response error : HttpError(code=SDK_INSTANCE_ALREADY_EXISTS, description=Sdk instance id '771E7929535CA0DB0A63F45194B845CD' is already registered. Generate another sdk instance id and start registration again, fieldErrors=null)
2021-09-11 12:59:39.991 DEBUG 25651 --- [     parallel-5] .m.s.c.r.i.InitializeRegistrationService : About to initialize registration : InitializeRegistrationCommand(sdkId=POS, sdkInstanceId=771E7929535CA0DB0A63F45194B845CD, devicePublicKey=30820122300d06092a864886f70d01010105000382010f003082010a0282010100a1eb2bb2453691d721240f724dc00d4575c65d782dc05b647d4132c9d829964462e037e22720308f36c501ead79e631df930b3fab1e04e6322a82ebb49af0d0f09b06c3f1972b1ed04b66d668af5a07fbfd535c4eb23dd064a8a8708b9c95cf4d80fc7cbef80cf2d6d5115583bc6b1331c31faa62bcc93f2a2fba154264bc4cbe00493c3cfb40584542a70c290c1b16535559433c5904d8ba023f3d75fd3562880cd5b1ced844232698c5ae014de2d9b0b6a4f35b6bcc5c09b3189268b91197dc9e251955a1471ac1fbd59d49e4cb4964f453098f9f1c140f3be5a337f931d6093ba1493cd05dc8a169bd5a87105e437212f886a537b1cdb14429857e63ea3270203010001, shredKeyFingerprint=24378cdbdbdc1e226a0ce89285c30431950418174a72a7fb990bd20f1b13825a, fcmRegistrationId=APA91bHPRgkF3JUikC4ENAHEeMrd41Zxv3hVZjC9KtT8OvPVG, rgk=EncryptedRgk(encryptedEncryptionKey=ec01b2577c5b29aba408aad84316f67150bfb943789b3a5ffc05e3bc99e54dbc, encryptedMacKey=a8fd1ca3a3ac67ca92c4836752eaa93650bfb943789b3a5ffc05e3bc99e54dbc), gpsLocation=GpsLocation(latitude=56.9769399, longitude=24.1655157))
2021-09-11 12:59:40.002 DEBUG 25651 --- [     parallel-5] .s.c.r.i.PlainSdkKeysetEncryptionService : Key encrypted from : f72896dc308292f6aa26711d3331e65c-&gt;7ff868751fee5e2f9eab00c83eac3304565dc904a7e892602ef84268cc8335e0
2021-09-11 12:59:40.002 DEBUG 25651 --- [     parallel-5] .s.c.r.i.PlainSdkKeysetEncryptionService : Key encrypted from : af6b62a55df6bc0ab76a50ce18088b54-&gt;ffbf022ffa1fc12ca586dea475a1ca6a565dc904a7e892602ef84268cc8335e0
2021-09-11 12:59:40.003 DEBUG 25651 --- [     parallel-5] .s.c.r.i.PlainSdkKeysetEncryptionService : Key encrypted from : c7142575feb4ebd80e43f4b4d75ffe88-&gt;d67424fb7c96096f2c3992000212b1b6565dc904a7e892602ef84268cc8335e0
2021-09-11 12:59:40.003 DEBUG 25651 --- [     parallel-5] .s.c.r.i.PlainSdkKeysetEncryptionService : Key encrypted from : acfa5a29334dd171423061574e4fabea-&gt;e8a4a8cf61c9bc80852af34dfae4339a565dc904a7e892602ef84268cc8335e0
2021-09-11 12:59:40.003 DEBUG 25651 --- [     parallel-5] .s.c.r.i.PlainSdkKeysetEncryptionService : Key encrypted from : 8232e9fd71e7ba4db3d404934d3cfc83-&gt;c35dde5a2709951624a5027118b4f73f565dc904a7e892602ef84268cc8335e0
2021-09-11 12:59:40.003 DEBUG 25651 --- [     parallel-5] .s.c.r.i.PlainSdkKeysetEncryptionService : Key encrypted from : 82af0a11de94f139cee142bf3f60cc42-&gt;2b43d3b6a66dbdf04d765813526b1e91565dc904a7e892602ef84268cc8335e0
2021-09-11 12:59:40.005 DEBUG 25651 --- [     parallel-5] .s.c.r.i.PlainSdkKeysetEncryptionService : Key encrypted from : 6790068c9db7d51b8d7371f8f21d84e0-&gt;e2ebd0fdbd382c1978d8c19007b7f611565dc904a7e892602ef84268cc8335e0
2021-09-11 12:59:40.006 DEBUG 25651 --- [     parallel-5] .s.c.r.i.PlainSdkKeysetEncryptionService : Key encrypted from : 7ba90d2e4d5e40341edfe5302aa9bfd5-&gt;202bdfd06175558302538c97c5bb1f9a565dc904a7e892602ef84268cc8335e0
2021-09-11 12:59:40.016 DEBUG 25651 --- [     parallel-5] .m.s.c.r.i.SdkInstancePersistenceService : Saved new sdk instance : SdkInstanceEntity(id=7, sdkInstanceId=771E7929535CA0DB0A63F45194B845CD, sdkId=POS, fcmRegistrationId=APA91bHPRgkF3JUikC4ENAHEeMrd41Zxv3hVZjC9KtT8OvPVG, latitude=56.9769399, longitude=24.1655157, createdAt=null)
2021-09-11 12:59:40.039 ERROR 25651 --- [ctor-http-nio-4] reactor.core.publisher.Operators         : Operator called default onErrorDropped

com.meawallet.sdkregistry.api.errors.SdkRegistryException: Failed with : INTERNAL : Registration failed in CloudMessaging Service
	at com.meawallet.sdkregistry.api.errors.SdkRegistryException.lambda$internalError$4(SdkRegistryException.java:74)
	Suppressed: reactor.core.publisher.FluxOnAssembly$OnAssemblyException: 
Error has been observed at the following site(s):
	|_ checkpoint  500 from POST http://localhost:10002/cloudmessaging/v1/registration [DefaultWebClient]
Stack trace:
		at com.meawallet.sdkregistry.api.errors.SdkRegistryException.lambda$internalError$4(SdkRegistryException.java:74)
		at reactor.core.publisher.MonoErrorSupplied.call(MonoErrorSupplied.java:76)
		at reactor.core.publisher.FluxFlatMap.trySubscribeScalarMap(FluxFlatMap.java:127)
		at reactor.core.publisher.MonoFlatMap.subscribeOrReturn(MonoFlatMap.java:53)
		at reactor.core.publisher.InternalMonoOperator.subscribe(InternalMonoOperator.java:57)
		at reactor.core.publisher.MonoFlatMap$FlatMapMain.onNext(MonoFlatMap.java:157)
		at reactor.core.publisher.FluxSwitchIfEmpty$SwitchIfEmptySubscriber.onNext(FluxSwitchIfEmpty.java:73)
		at reactor.core.publisher.FluxMap$MapSubscriber.onNext(FluxMap.java:120)
		at reactor.core.publisher.FluxOnErrorResume$ResumeSubscriber.onNext(FluxOnErrorResume.java:79)
		at reactor.core.publisher.FluxPeek$PeekSubscriber.onNext(FluxPeek.java:199)
		at reactor.core.publisher.FluxPeek$PeekSubscriber.onNext(FluxPeek.java:199)
		at reactor.core.publisher.FluxPeek$PeekSubscriber.onNext(FluxPeek.java:199)
		at reactor.core.publisher.MonoNext$NextSubscriber.onNext(MonoNext.java:82)
		at reactor.core.publisher.Operators$ScalarSubscription.request(Operators.java:2397)
		at reactor.core.publisher.MonoFlatMapMany$FlatMapManyMain.onSubscribeInner(MonoFlatMapMany.java:150)
		at reactor.core.publisher.MonoFlatMapMany$FlatMapManyMain.onNext(MonoFlatMapMany.java:189)
		at reactor.core.publisher.SerializedSubscriber.onNext(SerializedSubscriber.java:99)
		at reactor.core.publisher.FluxRetryWhen$RetryWhenMainSubscriber.onNext(FluxRetryWhen.java:173)
		at reactor.core.publisher.MonoCreate$DefaultMonoSink.success(MonoCreate.java:160)
		at reactor.netty.http.client.HttpClientConnect$HttpIOHandlerObserver.onStateChange(HttpClientConnect.java:388)
		at reactor.netty.ReactorNetty$CompositeConnectionObserver.onStateChange(ReactorNetty.java:654)
		at reactor.netty.resources.DefaultPooledConnectionProvider$DisposableAcquire.onStateChange(DefaultPooledConnectionProvider.java:196)
		at reactor.netty.resources.DefaultPooledConnectionProvider$PooledConnection.onStateChange(DefaultPooledConnectionProvider.java:452)
		at reactor.netty.http.client.HttpClientOperations.onInboundNext(HttpClientOperations.java:629)
		at reactor.netty.channel.ChannelOperationsHandler.channelRead(ChannelOperationsHandler.java:94)
		at io.netty.channel.AbstractChannelHandlerContext.invokeChannelRead(AbstractChannelHandlerContext.java:379)
		at io.netty.channel.AbstractChannelHandlerContext.invokeChannelRead(AbstractChannelHandlerContext.java:365)
		at io.netty.channel.AbstractChannelHandlerContext.fireChannelRead(AbstractChannelHandlerContext.java:357)
		at io.netty.handler.codec.MessageToMessageDecoder.channelRead(MessageToMessageDecoder.java:103)
		at io.netty.channel.AbstractChannelHandlerContext.invokeChannelRead(AbstractChannelHandlerContext.java:379)
		at io.netty.channel.AbstractChannelHandlerContext.invokeChannelRead(AbstractChannelHandlerContext.java:365)
		at io.netty.channel.AbstractChannelHandlerContext.fireChannelRead(AbstractChannelHandlerContext.java:357)
		at io.netty.channel.CombinedChannelDuplexHandler$DelegatingChannelHandlerContext.fireChannelRead(CombinedChannelDuplexHandler.java:436)
		at io.netty.handler.codec.ByteToMessageDecoder.fireChannelRead(ByteToMessageDecoder.java:324)
		at io.netty.handler.codec.ByteToMessageDecoder.fireChannelRead(ByteToMessageDecoder.java:311)
		at io.netty.handler.codec.ByteToMessageDecoder.callDecode(ByteToMessageDecoder.java:432)
		at io.netty.handler.codec.ByteToMessageDecoder.channelRead(ByteToMessageDecoder.java:276)
		at io.netty.channel.CombinedChannelDuplexHandler.channelRead(CombinedChannelDuplexHandler.java:251)
		at io.netty.channel.AbstractChannelHandlerContext.invokeChannelRead(AbstractChannelHandlerContext.java:379)
		at io.netty.channel.AbstractChannelHandlerContext.invokeChannelRead(AbstractChannelHandlerContext.java:365)
		at io.netty.channel.AbstractChannelHandlerContext.fireChannelRead(AbstractChannelHandlerContext.java:357)
		at io.netty.channel.DefaultChannelPipeline$HeadContext.channelRead(DefaultChannelPipeline.java:1410)
		at io.netty.channel.AbstractChannelHandlerContext.invokeChannelRead(AbstractChannelHandlerContext.java:379)
		at io.netty.channel.AbstractChannelHandlerContext.invokeChannelRead(AbstractChannelHandlerContext.java:365)
		at io.netty.channel.DefaultChannelPipeline.fireChannelRead(DefaultChannelPipeline.java:919)
		at io.netty.channel.nio.AbstractNioByteChannel$NioByteUnsafe.read(AbstractNioByteChannel.java:166)
		at io.netty.channel.nio.NioEventLoop.processSelectedKey(NioEventLoop.java:719)
		at io.netty.channel.nio.NioEventLoop.processSelectedKeysOptimized(NioEventLoop.java:655)
		at io.netty.channel.nio.NioEventLoop.processSelectedKeys(NioEventLoop.java:581)
		at io.netty.channel.nio.NioEventLoop.run(NioEventLoop.java:493)
		at io.netty.util.concurrent.SingleThreadEventExecutor$4.run(SingleThreadEventExecutor.java:989)
		at io.netty.util.internal.ThreadExecutorMap$2.run(ThreadExecutorMap.java:74)
		at io.netty.util.concurrent.FastThreadLocalRunnable.run(FastThreadLocalRunnable.java:30)
		at java.base/java.lang.Thread.run(Thread.java:834)

2021-09-11 12:59:40.039 ERROR 25651 --- [ctor-http-nio-5] c.m.s.i.h.e.HttpErrorResponseLogger      : internal error response status : 500 INTERNAL_SERVER_ERROR, response error : HttpError(code=INTERNAL, description=Registration failed in Transaction Service, fieldErrors=null), caused by

com.meawallet.sdkregistry.api.errors.SdkRegistryException: Failed with : INTERNAL : Registration failed in Transaction Service
	at com.meawallet.sdkregistry.api.errors.SdkRegistryException.lambda$internalError$4(SdkRegistryException.java:74)
	Suppressed: reactor.core.publisher.FluxOnAssembly$OnAssemblyException: 
Error has been observed at the following site(s):
	|_ checkpoint  500 from POST http://localhost:10003/transaction/v1/registration [DefaultWebClient]
	|_ checkpoint  com.meawallet.sdkregistry.in.http.webfilter.TimeoutWebFilter [DefaultWebFilterChain]
	|_ checkpoint  HTTP POST &quot;/sdkregistry/v1/registration/initialize&quot; [ExceptionHandlingWebHandler]
Stack trace:
		at com.meawallet.sdkregistry.api.errors.SdkRegistryException.lambda$internalError$4(SdkRegistryException.java:74)
		at reactor.core.publisher.MonoErrorSupplied.call(MonoErrorSupplied.java:76)
		at reactor.core.publisher.FluxFlatMap.trySubscribeScalarMap(FluxFlatMap.java:127)
		at reactor.core.publisher.MonoFlatMap.subscribeOrReturn(MonoFlatMap.java:53)
		at reactor.core.publisher.InternalMonoOperator.subscribe(InternalMonoOperator.java:57)
		at reactor.core.publisher.MonoFlatMap$FlatMapMain.onNext(MonoFlatMap.java:157)
		at reactor.core.publisher.FluxSwitchIfEmpty$SwitchIfEmptySubscriber.onNext(FluxSwitchIfEmpty.java:73)
		at reactor.core.publisher.FluxMap$MapSubscriber.onNext(FluxMap.java:120)
		at reactor.core.publisher.FluxOnErrorResume$ResumeSubscriber.onNext(FluxOnErrorResume.java:79)
		at reactor.core.publisher.FluxPeek$PeekSubscriber.onNext(FluxPeek.java:199)
		at reactor.core.publisher.FluxPeek$PeekSubscriber.onNext(FluxPeek.java:199)
		at reactor.core.publisher.FluxPeek$PeekSubscriber.onNext(FluxPeek.java:199)
		at reactor.core.publisher.MonoNext$NextSubscriber.onNext(MonoNext.java:82)
		at reactor.core.publisher.Operators$ScalarSubscription.request(Operators.java:2397)
		at reactor.core.publisher.MonoFlatMapMany$FlatMapManyMain.onSubscribeInner(MonoFlatMapMany.java:150)
		at reactor.core.publisher.MonoFlatMapMany$FlatMapManyMain.onNext(MonoFlatMapMany.java:189)
		at reactor.core.publisher.SerializedSubscriber.onNext(SerializedSubscriber.java:99)
		at reactor.core.publisher.FluxRetryWhen$RetryWhenMainSubscriber.onNext(FluxRetryWhen.java:173)
		at reactor.core.publisher.MonoCreate$DefaultMonoSink.success(MonoCreate.java:160)
		at reactor.netty.http.client.HttpClientConnect$HttpIOHandlerObserver.onStateChange(HttpClientConnect.java:388)
		at reactor.netty.ReactorNetty$CompositeConnectionObserver.onStateChange(ReactorNetty.java:654)
		at reactor.netty.resources.DefaultPooledConnectionProvider$DisposableAcquire.onStateChange(DefaultPooledConnectionProvider.java:196)
		at reactor.netty.resources.DefaultPooledConnectionProvider$PooledConnection.onStateChange(DefaultPooledConnectionProvider.java:452)
		at reactor.netty.http.client.HttpClientOperations.onInboundNext(HttpClientOperations.java:629)
		at reactor.netty.channel.ChannelOperationsHandler.channelRead(ChannelOperationsHandler.java:94)
		at io.netty.channel.AbstractChannelHandlerContext.invokeChannelRead(AbstractChannelHandlerContext.java:379)
		at io.netty.channel.AbstractChannelHandlerContext.invokeChannelRead(AbstractChannelHandlerContext.java:365)
		at io.netty.channel.AbstractChannelHandlerContext.fireChannelRead(AbstractChannelHandlerContext.java:357)
		at io.netty.handler.codec.MessageToMessageDecoder.channelRead(MessageToMessageDecoder.java:103)
		at io.netty.channel.AbstractChannelHandlerContext.invokeChannelRead(AbstractChannelHandlerContext.java:379)
		at io.netty.channel.AbstractChannelHandlerContext.invokeChannelRead(AbstractChannelHandlerContext.java:365)
		at io.netty.channel.AbstractChannelHandlerContext.fireChannelRead(AbstractChannelHandlerContext.java:357)
		at io.netty.channel.CombinedChannelDuplexHandler$DelegatingChannelHandlerContext.fireChannelRead(CombinedChannelDuplexHandler.java:436)
		at io.netty.handler.codec.ByteToMessageDecoder.fireChannelRead(ByteToMessageDecoder.java:324)
		at io.netty.handler.codec.ByteToMessageDecoder.fireChannelRead(ByteToMessageDecoder.java:311)
		at io.netty.handler.codec.ByteToMessageDecoder.callDecode(ByteToMessageDecoder.java:432)
		at io.netty.handler.codec.ByteToMessageDecoder.channelRead(ByteToMessageDecoder.java:276)
		at io.netty.channel.CombinedChannelDuplexHandler.channelRead(CombinedChannelDuplexHandler.java:251)
		at io.netty.channel.AbstractChannelHandlerContext.invokeChannelRead(AbstractChannelHandlerContext.java:379)
		at io.netty.channel.AbstractChannelHandlerContext.invokeChannelRead(AbstractChannelHandlerContext.java:365)
		at io.netty.channel.AbstractChannelHandlerContext.fireChannelRead(AbstractChannelHandlerContext.java:357)
		at io.netty.channel.DefaultChannelPipeline$HeadContext.channelRead(DefaultChannelPipeline.java:1410)
		at io.netty.channel.AbstractChannelHandlerContext.invokeChannelRead(AbstractChannelHandlerContext.java:379)
		at io.netty.channel.AbstractChannelHandlerContext.invokeChannelRead(AbstractChannelHandlerContext.java:365)
		at io.netty.channel.DefaultChannelPipeline.fireChannelRead(DefaultChannelPipeline.java:919)
		at io.netty.channel.nio.AbstractNioByteChannel$NioByteUnsafe.read(AbstractNioByteChannel.java:166)
		at io.netty.channel.nio.NioEventLoop.processSelectedKey(NioEventLoop.java:719)
		at io.netty.channel.nio.NioEventLoop.processSelectedKeysOptimized(NioEventLoop.java:655)
		at io.netty.channel.nio.NioEventLoop.processSelectedKeys(NioEventLoop.java:581)
		at io.netty.channel.nio.NioEventLoop.run(NioEventLoop.java:493)
		at io.netty.util.concurrent.SingleThreadEventExecutor$4.run(SingleThreadEventExecutor.java:989)
		at io.netty.util.internal.ThreadExecutorMap$2.run(ThreadExecutorMap.java:74)
		at io.netty.util.concurrent.FastThreadLocalRunnable.run(FastThreadLocalRunnable.java:30)
		at java.base/java.lang.Thread.run(Thread.java:834)

2021-09-11 12:59:40.050 ERROR 25651 --- [    Test worker] o.s.t.w.reactive.server.ExchangeResult   : Request details for assertion failure:

&gt; POST http://localhost:54098/sdkregistry/v1/registration/initialize
&gt; Content-Type: [application/json]
&gt; WebTestClient-Request-Id: [1]
&gt; Content-Length: [1146]

{
  &quot;sdkId&quot;: &quot;POS&quot;,
  &quot;sdkInstanceId&quot;: &quot;771E7929535CA0DB0A63F45194B845CD&quot;,
  &quot;devicePublicKey&quot;: &quot;30820122300d06092a864886f70d01010105000382010f003082010a0282010100a1eb2bb2453691d721240f724dc00d4575c65d782dc05b647d4132c9d829964462e037e22720308f36c501ead79e631df930b3fab1e04e6322a82ebb49af0d0f09b06c3f1972b1ed04b66d668af5a07fbfd535c4eb23dd064a8a8708b9c95cf4d80fc7cbef80cf2d6d5115583bc6b1331c31faa62bcc93f2a2fba154264bc4cbe00493c3cfb40584542a70c290c1b16535559433c5904d8ba023f3d75fd3562880cd5b1ced844232698c5ae014de2d9b0b6a4f35b6bcc5c09b3189268b91197dc9e251955a1471ac1fbd59d49e4cb4964f453098f9f1c140f3be5a337f931d6093ba1493cd05dc8a169bd5a87105e437212f886a537b1cdb14429857e63ea3270203010001&quot;,
  &quot;shredKeyFingerprint&quot;: &quot;24378cdbdbdc1e226a0ce89285c30431950418174a72a7fb990bd20f1b13825a&quot;,
  &quot;fcmRegistrationId&quot;: &quot;APA91bHPRgkF3JUikC4ENAHEeMrd41Zxv3hVZjC9KtT8OvPVG&quot;,
  &quot;rgk&quot;: {
    &quot;encryptedEncryptionKey&quot;: &quot;ec01b2577c5b29aba408aad84316f67150bfb943789b3a5ffc05e3bc99e54dbc&quot;,
    &quot;encryptedMacKey&quot;: &quot;a8fd1ca3a3ac67ca92c4836752eaa93650bfb943789b3a5ffc05e3bc99e54dbc&quot;
  },
  &quot;gpsLocation&quot;: {
    &quot;latitude&quot;: &quot;56.9769399&quot;,
    &quot;longitude&quot;: &quot;24.1655157&quot;
  }
}


&lt; 500 INTERNAL_SERVER_ERROR Internal Server Error
&lt; Content-Type: [application/json]
&lt; Content-Length: [88]

{&quot;error&quot;:{&quot;code&quot;:&quot;INTERNAL&quot;,&quot;description&quot;:&quot;Registration failed in Transaction Service&quot;}}

2021-09-11 12:59:40.052 ERROR 25651 --- [    Test worker] o.s.t.w.reactive.server.ExchangeResult   : Request details for assertion failure:

&gt; POST http://localhost:54098/sdkregistry/v1/registration/initialize
&gt; Content-Type: [application/json]
&gt; WebTestClient-Request-Id: [1]
&gt; Content-Length: [1146]

{
  &quot;sdkId&quot;: &quot;POS&quot;,
  &quot;sdkInstanceId&quot;: &quot;771E7929535CA0DB0A63F45194B845CD&quot;,
  &quot;devicePublicKey&quot;: &quot;30820122300d06092a864886f70d01010105000382010f003082010a0282010100a1eb2bb2453691d721240f724dc00d4575c65d782dc05b647d4132c9d829964462e037e22720308f36c501ead79e631df930b3fab1e04e6322a82ebb49af0d0f09b06c3f1972b1ed04b66d668af5a07fbfd535c4eb23dd064a8a8708b9c95cf4d80fc7cbef80cf2d6d5115583bc6b1331c31faa62bcc93f2a2fba154264bc4cbe00493c3cfb40584542a70c290c1b16535559433c5904d8ba023f3d75fd3562880cd5b1ced844232698c5ae014de2d9b0b6a4f35b6bcc5c09b3189268b91197dc9e251955a1471ac1fbd59d49e4cb4964f453098f9f1c140f3be5a337f931d6093ba1493cd05dc8a169bd5a87105e437212f886a537b1cdb14429857e63ea3270203010001&quot;,
  &quot;shredKeyFingerprint&quot;: &quot;24378cdbdbdc1e226a0ce89285c30431950418174a72a7fb990bd20f1b13825a&quot;,
  &quot;fcmRegistrationId&quot;: &quot;APA91bHPRgkF3JUikC4ENAHEeMrd41Zxv3hVZjC9KtT8OvPVG&quot;,
  &quot;rgk&quot;: {
    &quot;encryptedEncryptionKey&quot;: &quot;ec01b2577c5b29aba408aad84316f67150bfb943789b3a5ffc05e3bc99e54dbc&quot;,
    &quot;encryptedMacKey&quot;: &quot;a8fd1ca3a3ac67ca92c4836752eaa93650bfb943789b3a5ffc05e3bc99e54dbc&quot;
  },
  &quot;gpsLocation&quot;: {
    &quot;latitude&quot;: &quot;56.9769399&quot;,
    &quot;longitude&quot;: &quot;24.1655157&quot;
  }
}


&lt; 500 INTERNAL_SERVER_ERROR Internal Server Error
&lt; Content-Type: [application/json]
&lt; Content-Length: [88]

{&quot;error&quot;:{&quot;code&quot;:&quot;INTERNAL&quot;,&quot;description&quot;:&quot;Registration failed in Transaction Service&quot;}}

2021-09-11 12:59:40.113 DEBUG 25651 --- [     parallel-2] .m.s.c.r.i.InitializeRegistrationService : About to initialize registration : InitializeRegistrationCommand(sdkId=POS, sdkInstanceId=771E7929535CA0DB0A63F45194B845CD, devicePublicKey=30820122300d06092a864886f70d01010105000382010f003082010a0282010100a1eb2bb2453691d721240f724dc00d4575c65d782dc05b647d4132c9d829964462e037e22720308f36c501ead79e631df930b3fab1e04e6322a82ebb49af0d0f09b06c3f1972b1ed04b66d668af5a07fbfd535c4eb23dd064a8a8708b9c95cf4d80fc7cbef80cf2d6d5115583bc6b1331c31faa62bcc93f2a2fba154264bc4cbe00493c3cfb40584542a70c290c1b16535559433c5904d8ba023f3d75fd3562880cd5b1ced844232698c5ae014de2d9b0b6a4f35b6bcc5c09b3189268b91197dc9e251955a1471ac1fbd59d49e4cb4964f453098f9f1c140f3be5a337f931d6093ba1493cd05dc8a169bd5a87105e437212f886a537b1cdb14429857e63ea3270203010001, shredKeyFingerprint=24378cdbdbdc1e226a0ce89285c30431950418174a72a7fb990bd20f1b13825a, fcmRegistrationId=APA91bHPRgkF3JUikC4ENAHEeMrd41Zxv3hVZjC9KtT8OvPVG, rgk=EncryptedRgk(encryptedEncryptionKey=ec01b2577c5b29aba408aad84316f67150bfb943789b3a5ffc05e3bc99e54dbc, encryptedMacKey=a8fd1ca3a3ac67ca92c4836752eaa93650bfb943789b3a5ffc05e3bc99e54dbc), gpsLocation=GpsLocation(latitude=56.9769399, longitude=24.1655157))
2021-09-11 12:59:40.128 DEBUG 25651 --- [     parallel-2] .s.c.r.i.PlainSdkKeysetEncryptionService : Key encrypted from : f72896dc308292f6aa26711d3331e65c-&gt;7ff868751fee5e2f9eab00c83eac3304565dc904a7e892602ef84268cc8335e0
2021-09-11 12:59:40.133 DEBUG 25651 --- [     parallel-2] .s.c.r.i.PlainSdkKeysetEncryptionService : Key encrypted from : af6b62a55df6bc0ab76a50ce18088b54-&gt;ffbf022ffa1fc12ca586dea475a1ca6a565dc904a7e892602ef84268cc8335e0
2021-09-11 12:59:40.135 DEBUG 25651 --- [     parallel-2] .s.c.r.i.PlainSdkKeysetEncryptionService : Key encrypted from : c7142575feb4ebd80e43f4b4d75ffe88-&gt;d67424fb7c96096f2c3992000212b1b6565dc904a7e892602ef84268cc8335e0
2021-09-11 12:59:40.135 DEBUG 25651 --- [     parallel-2] .s.c.r.i.PlainSdkKeysetEncryptionService : Key encrypted from : acfa5a29334dd171423061574e4fabea-&gt;e8a4a8cf61c9bc80852af34dfae4339a565dc904a7e892602ef84268cc8335e0
2021-09-11 12:59:40.135 DEBUG 25651 --- [     parallel-2] .s.c.r.i.PlainSdkKeysetEncryptionService : Key encrypted from : 8232e9fd71e7ba4db3d404934d3cfc83-&gt;c35dde5a2709951624a5027118b4f73f565dc904a7e892602ef84268cc8335e0
2021-09-11 12:59:40.136 DEBUG 25651 --- [     parallel-2] .s.c.r.i.PlainSdkKeysetEncryptionService : Key encrypted from : 82af0a11de94f139cee142bf3f60cc42-&gt;2b43d3b6a66dbdf04d765813526b1e91565dc904a7e892602ef84268cc8335e0
2021-09-11 12:59:40.137 DEBUG 25651 --- [     parallel-2] .s.c.r.i.PlainSdkKeysetEncryptionService : Key encrypted from : 6790068c9db7d51b8d7371f8f21d84e0-&gt;e2ebd0fdbd382c1978d8c19007b7f611565dc904a7e892602ef84268cc8335e0
2021-09-11 12:59:40.138 DEBUG 25651 --- [     parallel-2] .s.c.r.i.PlainSdkKeysetEncryptionService : Key encrypted from : 7ba90d2e4d5e40341edfe5302aa9bfd5-&gt;202bdfd06175558302538c97c5bb1f9a565dc904a7e892602ef84268cc8335e0
2021-09-11 12:59:40.146 DEBUG 25651 --- [     parallel-2] .m.s.c.r.i.SdkInstancePersistenceService : Saved new sdk instance : SdkInstanceEntity(id=8, sdkInstanceId=771E7929535CA0DB0A63F45194B845CD, sdkId=POS, fcmRegistrationId=APA91bHPRgkF3JUikC4ENAHEeMrd41Zxv3hVZjC9KtT8OvPVG, latitude=56.9769399, longitude=24.1655157, createdAt=null)
2021-09-11 12:59:40.186 ERROR 25651 --- [ctor-http-nio-3] c.m.s.i.h.e.HttpErrorResponseLogger      : internal error response status : 500 INTERNAL_SERVER_ERROR, response error : HttpError(code=INTERNAL, description=Registration failed in Attestation Service, fieldErrors=null), caused by

com.meawallet.sdkregistry.api.errors.SdkRegistryException: Failed with : INTERNAL : Registration failed in Attestation Service
	at com.meawallet.sdkregistry.api.errors.SdkRegistryException.lambda$internalError$4(SdkRegistryException.java:74)
	Suppressed: reactor.core.publisher.FluxOnAssembly$OnAssemblyException: 
Error has been observed at the following site(s):
	|_ checkpoint  500 from POST http://localhost:10001/attestation/v1/registration [DefaultWebClient]
	|_ checkpoint  com.meawallet.sdkregistry.in.http.webfilter.TimeoutWebFilter [DefaultWebFilterChain]
	|_ checkpoint  HTTP POST &quot;/sdkregistry/v1/registration/initialize&quot; [ExceptionHandlingWebHandler]
Stack trace:
		at com.meawallet.sdkregistry.api.errors.SdkRegistryException.lambda$internalError$4(SdkRegistryException.java:74)
		at reactor.core.publisher.MonoErrorSupplied.call(MonoErrorSupplied.java:76)
		at reactor.core.publisher.FluxFlatMap.trySubscribeScalarMap(FluxFlatMap.java:127)
		at reactor.core.publisher.MonoFlatMap.subscribeOrReturn(MonoFlatMap.java:53)
		at reactor.core.publisher.InternalMonoOperator.subscribe(InternalMonoOperator.java:57)
		at reactor.core.publisher.MonoFlatMap$FlatMapMain.onNext(MonoFlatMap.java:157)
		at reactor.core.publisher.FluxSwitchIfEmpty$SwitchIfEmptySubscriber.onNext(FluxSwitchIfEmpty.java:73)
		at reactor.core.publisher.FluxMap$MapSubscriber.onNext(FluxMap.java:120)
		at reactor.core.publisher.FluxOnErrorResume$ResumeSubscriber.onNext(FluxOnErrorResume.java:79)
		at reactor.core.publisher.FluxPeek$PeekSubscriber.onNext(FluxPeek.java:199)
		at reactor.core.publisher.FluxPeek$PeekSubscriber.onNext(FluxPeek.java:199)
		at reactor.core.publisher.FluxPeek$PeekSubscriber.onNext(FluxPeek.java:199)
		at reactor.core.publisher.MonoNext$NextSubscriber.onNext(MonoNext.java:82)
		at reactor.core.publisher.Operators$ScalarSubscription.request(Operators.java:2397)
		at reactor.core.publisher.MonoFlatMapMany$FlatMapManyMain.onSubscribeInner(MonoFlatMapMany.java:150)
		at reactor.core.publisher.MonoFlatMapMany$FlatMapManyMain.onNext(MonoFlatMapMany.java:189)
		at reactor.core.publisher.SerializedSubscriber.onNext(SerializedSubscriber.java:99)
		at reactor.core.publisher.FluxRetryWhen$RetryWhenMainSubscriber.onNext(FluxRetryWhen.java:173)
		at reactor.core.publisher.MonoCreate$DefaultMonoSink.success(MonoCreate.java:160)
		at reactor.netty.http.client.HttpClientConnect$HttpIOHandlerObserver.onStateChange(HttpClientConnect.java:388)
		at reactor.netty.ReactorNetty$CompositeConnectionObserver.onStateChange(ReactorNetty.java:654)
		at reactor.netty.resources.DefaultPooledConnectionProvider$DisposableAcquire.onStateChange(DefaultPooledConnectionProvider.java:196)
		at reactor.netty.resources.DefaultPooledConnectionProvider$PooledConnection.onStateChange(DefaultPooledConnectionProvider.java:452)
		at reactor.netty.http.client.HttpClientOperations.onInboundNext(HttpClientOperations.java:629)
		at reactor.netty.channel.ChannelOperationsHandler.channelRead(ChannelOperationsHandler.java:94)
		at io.netty.channel.AbstractChannelHandlerContext.invokeChannelRead(AbstractChannelHandlerContext.java:379)
		at io.netty.channel.AbstractChannelHandlerContext.invokeChannelRead(AbstractChannelHandlerContext.java:365)
		at io.netty.channel.AbstractChannelHandlerContext.fireChannelRead(AbstractChannelHandlerContext.java:357)
		at io.netty.handler.codec.MessageToMessageDecoder.channelRead(MessageToMessageDecoder.java:103)
		at io.netty.channel.AbstractChannelHandlerContext.invokeChannelRead(AbstractChannelHandlerContext.java:379)
		at io.netty.channel.AbstractChannelHandlerContext.invokeChannelRead(AbstractChannelHandlerContext.java:365)
		at io.netty.channel.AbstractChannelHandlerContext.fireChannelRead(AbstractChannelHandlerContext.java:357)
		at io.netty.channel.CombinedChannelDuplexHandler$DelegatingChannelHandlerContext.fireChannelRead(CombinedChannelDuplexHandler.java:436)
		at io.netty.handler.codec.ByteToMessageDecoder.fireChannelRead(ByteToMessageDecoder.java:324)
		at io.netty.handler.codec.ByteToMessageDecoder.fireChannelRead(ByteToMessageDecoder.java:311)
		at io.netty.handler.codec.ByteToMessageDecoder.callDecode(ByteToMessageDecoder.java:432)
		at io.netty.handler.codec.ByteToMessageDecoder.channelRead(ByteToMessageDecoder.java:276)
		at io.netty.channel.CombinedChannelDuplexHandler.channelRead(CombinedChannelDuplexHandler.java:251)
		at io.netty.channel.AbstractChannelHandlerContext.invokeChannelRead(AbstractChannelHandlerContext.java:379)
		at io.netty.channel.AbstractChannelHandlerContext.invokeChannelRead(AbstractChannelHandlerContext.java:365)
		at io.netty.channel.AbstractChannelHandlerContext.fireChannelRead(AbstractChannelHandlerContext.java:357)
		at io.netty.channel.DefaultChannelPipeline$HeadContext.channelRead(DefaultChannelPipeline.java:1410)
		at io.netty.channel.AbstractChannelHandlerContext.invokeChannelRead(AbstractChannelHandlerContext.java:379)
		at io.netty.channel.AbstractChannelHandlerContext.invokeChannelRead(AbstractChannelHandlerContext.java:365)
		at io.netty.channel.DefaultChannelPipeline.fireChannelRead(DefaultChannelPipeline.java:919)
		at io.netty.channel.nio.AbstractNioByteChannel$NioByteUnsafe.read(AbstractNioByteChannel.java:166)
		at io.netty.channel.nio.NioEventLoop.processSelectedKey(NioEventLoop.java:719)
		at io.netty.channel.nio.NioEventLoop.processSelectedKeysOptimized(NioEventLoop.java:655)
		at io.netty.channel.nio.NioEventLoop.processSelectedKeys(NioEventLoop.java:581)
		at io.netty.channel.nio.NioEventLoop.run(NioEventLoop.java:493)
		at io.netty.util.concurrent.SingleThreadEventExecutor$4.run(SingleThreadEventExecutor.java:989)
		at io.netty.util.internal.ThreadExecutorMap$2.run(ThreadExecutorMap.java:74)
		at io.netty.util.concurrent.FastThreadLocalRunnable.run(FastThreadLocalRunnable.java:30)
		at java.base/java.lang.Thread.run(Thread.java:834)

2021-09-11 12:59:40.194 ERROR 25651 --- [    Test worker] o.s.t.w.reactive.server.ExchangeResult   : Request details for assertion failure:

&gt; POST http://localhost:54098/sdkregistry/v1/registration/initialize
&gt; Content-Type: [application/json]
&gt; WebTestClient-Request-Id: [1]
&gt; Content-Length: [1146]

{
  &quot;sdkId&quot;: &quot;POS&quot;,
  &quot;sdkInstanceId&quot;: &quot;771E7929535CA0DB0A63F45194B845CD&quot;,
  &quot;devicePublicKey&quot;: &quot;30820122300d06092a864886f70d01010105000382010f003082010a0282010100a1eb2bb2453691d721240f724dc00d4575c65d782dc05b647d4132c9d829964462e037e22720308f36c501ead79e631df930b3fab1e04e6322a82ebb49af0d0f09b06c3f1972b1ed04b66d668af5a07fbfd535c4eb23dd064a8a8708b9c95cf4d80fc7cbef80cf2d6d5115583bc6b1331c31faa62bcc93f2a2fba154264bc4cbe00493c3cfb40584542a70c290c1b16535559433c5904d8ba023f3d75fd3562880cd5b1ced844232698c5ae014de2d9b0b6a4f35b6bcc5c09b3189268b91197dc9e251955a1471ac1fbd59d49e4cb4964f453098f9f1c140f3be5a337f931d6093ba1493cd05dc8a169bd5a87105e437212f886a537b1cdb14429857e63ea3270203010001&quot;,
  &quot;shredKeyFingerprint&quot;: &quot;24378cdbdbdc1e226a0ce89285c30431950418174a72a7fb990bd20f1b13825a&quot;,
  &quot;fcmRegistrationId&quot;: &quot;APA91bHPRgkF3JUikC4ENAHEeMrd41Zxv3hVZjC9KtT8OvPVG&quot;,
  &quot;rgk&quot;: {
    &quot;encryptedEncryptionKey&quot;: &quot;ec01b2577c5b29aba408aad84316f67150bfb943789b3a5ffc05e3bc99e54dbc&quot;,
    &quot;encryptedMacKey&quot;: &quot;a8fd1ca3a3ac67ca92c4836752eaa93650bfb943789b3a5ffc05e3bc99e54dbc&quot;
  },
  &quot;gpsLocation&quot;: {
    &quot;latitude&quot;: &quot;56.9769399&quot;,
    &quot;longitude&quot;: &quot;24.1655157&quot;
  }
}


&lt; 500 INTERNAL_SERVER_ERROR Internal Server Error
&lt; Content-Type: [application/json]
&lt; Content-Length: [88]

{&quot;error&quot;:{&quot;code&quot;:&quot;INTERNAL&quot;,&quot;description&quot;:&quot;Registration failed in Attestation Service&quot;}}

2021-09-11 12:59:40.198 ERROR 25651 --- [    Test worker] o.s.t.w.reactive.server.ExchangeResult   : Request details for assertion failure:

&gt; POST http://localhost:54098/sdkregistry/v1/registration/initialize
&gt; Content-Type: [application/json]
&gt; WebTestClient-Request-Id: [1]
&gt; Content-Length: [1146]

{
  &quot;sdkId&quot;: &quot;POS&quot;,
  &quot;sdkInstanceId&quot;: &quot;771E7929535CA0DB0A63F45194B845CD&quot;,
  &quot;devicePublicKey&quot;: &quot;30820122300d06092a864886f70d01010105000382010f003082010a0282010100a1eb2bb2453691d721240f724dc00d4575c65d782dc05b647d4132c9d829964462e037e22720308f36c501ead79e631df930b3fab1e04e6322a82ebb49af0d0f09b06c3f1972b1ed04b66d668af5a07fbfd535c4eb23dd064a8a8708b9c95cf4d80fc7cbef80cf2d6d5115583bc6b1331c31faa62bcc93f2a2fba154264bc4cbe00493c3cfb40584542a70c290c1b16535559433c5904d8ba023f3d75fd3562880cd5b1ced844232698c5ae014de2d9b0b6a4f35b6bcc5c09b3189268b91197dc9e251955a1471ac1fbd59d49e4cb4964f453098f9f1c140f3be5a337f931d6093ba1493cd05dc8a169bd5a87105e437212f886a537b1cdb14429857e63ea3270203010001&quot;,
  &quot;shredKeyFingerprint&quot;: &quot;24378cdbdbdc1e226a0ce89285c30431950418174a72a7fb990bd20f1b13825a&quot;,
  &quot;fcmRegistrationId&quot;: &quot;APA91bHPRgkF3JUikC4ENAHEeMrd41Zxv3hVZjC9KtT8OvPVG&quot;,
  &quot;rgk&quot;: {
    &quot;encryptedEncryptionKey&quot;: &quot;ec01b2577c5b29aba408aad84316f67150bfb943789b3a5ffc05e3bc99e54dbc&quot;,
    &quot;encryptedMacKey&quot;: &quot;a8fd1ca3a3ac67ca92c4836752eaa93650bfb943789b3a5ffc05e3bc99e54dbc&quot;
  },
  &quot;gpsLocation&quot;: {
    &quot;latitude&quot;: &quot;56.9769399&quot;,
    &quot;longitude&quot;: &quot;24.1655157&quot;
  }
}


&lt; 500 INTERNAL_SERVER_ERROR Internal Server Error
&lt; Content-Type: [application/json]
&lt; Content-Length: [88]

{&quot;error&quot;:{&quot;code&quot;:&quot;INTERNAL&quot;,&quot;description&quot;:&quot;Registration failed in Attestation Service&quot;}}

2021-09-11 12:59:40.255 DEBUG 25651 --- [     parallel-7] .m.s.c.r.i.InitializeRegistrationService : About to initialize registration : InitializeRegistrationCommand(sdkId=POS, sdkInstanceId=771E7929535CA0DB0A63F45194B845CD, devicePublicKey=30820122300d06092a864886f70d01010105000382010f003082010a0282010100a1eb2bb2453691d721240f724dc00d4575c65d782dc05b647d4132c9d829964462e037e22720308f36c501ead79e631df930b3fab1e04e6322a82ebb49af0d0f09b06c3f1972b1ed04b66d668af5a07fbfd535c4eb23dd064a8a8708b9c95cf4d80fc7cbef80cf2d6d5115583bc6b1331c31faa62bcc93f2a2fba154264bc4cbe00493c3cfb40584542a70c290c1b16535559433c5904d8ba023f3d75fd3562880cd5b1ced844232698c5ae014de2d9b0b6a4f35b6bcc5c09b3189268b91197dc9e251955a1471ac1fbd59d49e4cb4964f453098f9f1c140f3be5a337f931d6093ba1493cd05dc8a169bd5a87105e437212f886a537b1cdb14429857e63ea3270203010001, shredKeyFingerprint=24378cdbdbdc1e226a0ce89285c30431950418174a72a7fb990bd20f1b13825a, fcmRegistrationId=APA91bHPRgkF3JUikC4ENAHEeMrd41Zxv3hVZjC9KtT8OvPVG, rgk=EncryptedRgk(encryptedEncryptionKey=ec01b2577c5b29aba408aad84316f67150bfb943789b3a5ffc05e3bc99e54dbc, encryptedMacKey=a8fd1ca3a3ac67ca92c4836752eaa93650bfb943789b3a5ffc05e3bc99e54dbc), gpsLocation=GpsLocation(latitude=56.9769399, longitude=24.1655157))
2021-09-11 12:59:40.274 DEBUG 25651 --- [     parallel-7] .s.c.r.i.PlainSdkKeysetEncryptionService : Key encrypted from : f72896dc308292f6aa26711d3331e65c-&gt;7ff868751fee5e2f9eab00c83eac3304565dc904a7e892602ef84268cc8335e0
2021-09-11 12:59:40.274 DEBUG 25651 --- [     parallel-7] .s.c.r.i.PlainSdkKeysetEncryptionService : Key encrypted from : af6b62a55df6bc0ab76a50ce18088b54-&gt;ffbf022ffa1fc12ca586dea475a1ca6a565dc904a7e892602ef84268cc8335e0
2021-09-11 12:59:40.275 DEBUG 25651 --- [     parallel-7] .s.c.r.i.PlainSdkKeysetEncryptionService : Key encrypted from : c7142575feb4ebd80e43f4b4d75ffe88-&gt;d67424fb7c96096f2c3992000212b1b6565dc904a7e892602ef84268cc8335e0
2021-09-11 12:59:40.275 DEBUG 25651 --- [     parallel-7] .s.c.r.i.PlainSdkKeysetEncryptionService : Key encrypted from : acfa5a29334dd171423061574e4fabea-&gt;e8a4a8cf61c9bc80852af34dfae4339a565dc904a7e892602ef84268cc8335e0
2021-09-11 12:59:40.275 DEBUG 25651 --- [     parallel-7] .s.c.r.i.PlainSdkKeysetEncryptionService : Key encrypted from : 8232e9fd71e7ba4db3d404934d3cfc83-&gt;c35dde5a2709951624a5027118b4f73f565dc904a7e892602ef84268cc8335e0
2021-09-11 12:59:40.276 DEBUG 25651 --- [     parallel-7] .s.c.r.i.PlainSdkKeysetEncryptionService : Key encrypted from : 82af0a11de94f139cee142bf3f60cc42-&gt;2b43d3b6a66dbdf04d765813526b1e91565dc904a7e892602ef84268cc8335e0
2021-09-11 12:59:40.279 DEBUG 25651 --- [     parallel-7] .s.c.r.i.PlainSdkKeysetEncryptionService : Key encrypted from : 6790068c9db7d51b8d7371f8f21d84e0-&gt;e2ebd0fdbd382c1978d8c19007b7f611565dc904a7e892602ef84268cc8335e0
2021-09-11 12:59:40.280 DEBUG 25651 --- [     parallel-7] .s.c.r.i.PlainSdkKeysetEncryptionService : Key encrypted from : 7ba90d2e4d5e40341edfe5302aa9bfd5-&gt;202bdfd06175558302538c97c5bb1f9a565dc904a7e892602ef84268cc8335e0
2021-09-11 12:59:40.288 DEBUG 25651 --- [     parallel-7] .m.s.c.r.i.SdkInstancePersistenceService : Saved new sdk instance : SdkInstanceEntity(id=9, sdkInstanceId=771E7929535CA0DB0A63F45194B845CD, sdkId=POS, fcmRegistrationId=APA91bHPRgkF3JUikC4ENAHEeMrd41Zxv3hVZjC9KtT8OvPVG, latitude=56.9769399, longitude=24.1655157, createdAt=null)
2021-09-11 12:59:40.333 ERROR 25651 --- [ctor-http-nio-4] c.m.s.i.h.e.HttpErrorResponseLogger      : internal error response status : 500 INTERNAL_SERVER_ERROR, response error : HttpError(code=INTERNAL, description=Registration failed in CloudMessaging Service, fieldErrors=null), caused by

com.meawallet.sdkregistry.api.errors.SdkRegistryException: Failed with : INTERNAL : Registration failed in CloudMessaging Service
	at com.meawallet.sdkregistry.api.errors.SdkRegistryException.lambda$internalError$4(SdkRegistryException.java:74)
	Suppressed: reactor.core.publisher.FluxOnAssembly$OnAssemblyException: 
Error has been observed at the following site(s):
	|_ checkpoint  500 from POST http://localhost:10002/cloudmessaging/v1/registration [DefaultWebClient]
	|_ checkpoint  com.meawallet.sdkregistry.in.http.webfilter.TimeoutWebFilter [DefaultWebFilterChain]
	|_ checkpoint  HTTP POST &quot;/sdkregistry/v1/registration/initialize&quot; [ExceptionHandlingWebHandler]
Stack trace:
		at com.meawallet.sdkregistry.api.errors.SdkRegistryException.lambda$internalError$4(SdkRegistryException.java:74)
		at reactor.core.publisher.MonoErrorSupplied.call(MonoErrorSupplied.java:76)
		at reactor.core.publisher.FluxFlatMap.trySubscribeScalarMap(FluxFlatMap.java:127)
		at reactor.core.publisher.MonoFlatMap.subscribeOrReturn(MonoFlatMap.java:53)
		at reactor.core.publisher.InternalMonoOperator.subscribe(InternalMonoOperator.java:57)
		at reactor.core.publisher.MonoFlatMap$FlatMapMain.onNext(MonoFlatMap.java:157)
		at reactor.core.publisher.FluxSwitchIfEmpty$SwitchIfEmptySubscriber.onNext(FluxSwitchIfEmpty.java:73)
		at reactor.core.publisher.FluxMap$MapSubscriber.onNext(FluxMap.java:120)
		at reactor.core.publisher.FluxOnErrorResume$ResumeSubscriber.onNext(FluxOnErrorResume.java:79)
		at reactor.core.publisher.FluxPeek$PeekSubscriber.onNext(FluxPeek.java:199)
		at reactor.core.publisher.FluxPeek$PeekSubscriber.onNext(FluxPeek.java:199)
		at reactor.core.publisher.FluxPeek$PeekSubscriber.onNext(FluxPeek.java:199)
		at reactor.core.publisher.MonoNext$NextSubscriber.onNext(MonoNext.java:82)
		at reactor.core.publisher.Operators$ScalarSubscription.request(Operators.java:2397)
		at reactor.core.publisher.MonoFlatMapMany$FlatMapManyMain.onSubscribeInner(MonoFlatMapMany.java:150)
		at reactor.core.publisher.MonoFlatMapMany$FlatMapManyMain.onNext(MonoFlatMapMany.java:189)
		at reactor.core.publisher.SerializedSubscriber.onNext(SerializedSubscriber.java:99)
		at reactor.core.publisher.FluxRetryWhen$RetryWhenMainSubscriber.onNext(FluxRetryWhen.java:173)
		at reactor.core.publisher.MonoCreate$DefaultMonoSink.success(MonoCreate.java:160)
		at reactor.netty.http.client.HttpClientConnect$HttpIOHandlerObserver.onStateChange(HttpClientConnect.java:388)
		at reactor.netty.ReactorNetty$CompositeConnectionObserver.onStateChange(ReactorNetty.java:654)
		at reactor.netty.resources.DefaultPooledConnectionProvider$DisposableAcquire.onStateChange(DefaultPooledConnectionProvider.java:196)
		at reactor.netty.resources.DefaultPooledConnectionProvider$PooledConnection.onStateChange(DefaultPooledConnectionProvider.java:452)
		at reactor.netty.http.client.HttpClientOperations.onInboundNext(HttpClientOperations.java:629)
		at reactor.netty.channel.ChannelOperationsHandler.channelRead(ChannelOperationsHandler.java:94)
		at io.netty.channel.AbstractChannelHandlerContext.invokeChannelRead(AbstractChannelHandlerContext.java:379)
		at io.netty.channel.AbstractChannelHandlerContext.invokeChannelRead(AbstractChannelHandlerContext.java:365)
		at io.netty.channel.AbstractChannelHandlerContext.fireChannelRead(AbstractChannelHandlerContext.java:357)
		at io.netty.handler.codec.MessageToMessageDecoder.channelRead(MessageToMessageDecoder.java:103)
		at io.netty.channel.AbstractChannelHandlerContext.invokeChannelRead(AbstractChannelHandlerContext.java:379)
		at io.netty.channel.AbstractChannelHandlerContext.invokeChannelRead(AbstractChannelHandlerContext.java:365)
		at io.netty.channel.AbstractChannelHandlerContext.fireChannelRead(AbstractChannelHandlerContext.java:357)
		at io.netty.channel.CombinedChannelDuplexHandler$DelegatingChannelHandlerContext.fireChannelRead(CombinedChannelDuplexHandler.java:436)
		at io.netty.handler.codec.ByteToMessageDecoder.fireChannelRead(ByteToMessageDecoder.java:324)
		at io.netty.handler.codec.ByteToMessageDecoder.fireChannelRead(ByteToMessageDecoder.java:311)
		at io.netty.handler.codec.ByteToMessageDecoder.callDecode(ByteToMessageDecoder.java:432)
		at io.netty.handler.codec.ByteToMessageDecoder.channelRead(ByteToMessageDecoder.java:276)
		at io.netty.channel.CombinedChannelDuplexHandler.channelRead(CombinedChannelDuplexHandler.java:251)
		at io.netty.channel.AbstractChannelHandlerContext.invokeChannelRead(AbstractChannelHandlerContext.java:379)
		at io.netty.channel.AbstractChannelHandlerContext.invokeChannelRead(AbstractChannelHandlerContext.java:365)
		at io.netty.channel.AbstractChannelHandlerContext.fireChannelRead(AbstractChannelHandlerContext.java:357)
		at io.netty.channel.DefaultChannelPipeline$HeadContext.channelRead(DefaultChannelPipeline.java:1410)
		at io.netty.channel.AbstractChannelHandlerContext.invokeChannelRead(AbstractChannelHandlerContext.java:379)
		at io.netty.channel.AbstractChannelHandlerContext.invokeChannelRead(AbstractChannelHandlerContext.java:365)
		at io.netty.channel.DefaultChannelPipeline.fireChannelRead(DefaultChannelPipeline.java:919)
		at io.netty.channel.nio.AbstractNioByteChannel$NioByteUnsafe.read(AbstractNioByteChannel.java:166)
		at io.netty.channel.nio.NioEventLoop.processSelectedKey(NioEventLoop.java:719)
		at io.netty.channel.nio.NioEventLoop.processSelectedKeysOptimized(NioEventLoop.java:655)
		at io.netty.channel.nio.NioEventLoop.processSelectedKeys(NioEventLoop.java:581)
		at io.netty.channel.nio.NioEventLoop.run(NioEventLoop.java:493)
		at io.netty.util.concurrent.SingleThreadEventExecutor$4.run(SingleThreadEventExecutor.java:989)
		at io.netty.util.internal.ThreadExecutorMap$2.run(ThreadExecutorMap.java:74)
		at io.netty.util.concurrent.FastThreadLocalRunnable.run(FastThreadLocalRunnable.java:30)
		at java.base/java.lang.Thread.run(Thread.java:834)

2021-09-11 12:59:40.338 ERROR 25651 --- [    Test worker] o.s.t.w.reactive.server.ExchangeResult   : Request details for assertion failure:

&gt; POST http://localhost:54098/sdkregistry/v1/registration/initialize
&gt; Content-Type: [application/json]
&gt; WebTestClient-Request-Id: [1]
&gt; Content-Length: [1146]

{
  &quot;sdkId&quot;: &quot;POS&quot;,
  &quot;sdkInstanceId&quot;: &quot;771E7929535CA0DB0A63F45194B845CD&quot;,
  &quot;devicePublicKey&quot;: &quot;30820122300d06092a864886f70d01010105000382010f003082010a0282010100a1eb2bb2453691d721240f724dc00d4575c65d782dc05b647d4132c9d829964462e037e22720308f36c501ead79e631df930b3fab1e04e6322a82ebb49af0d0f09b06c3f1972b1ed04b66d668af5a07fbfd535c4eb23dd064a8a8708b9c95cf4d80fc7cbef80cf2d6d5115583bc6b1331c31faa62bcc93f2a2fba154264bc4cbe00493c3cfb40584542a70c290c1b16535559433c5904d8ba023f3d75fd3562880cd5b1ced844232698c5ae014de2d9b0b6a4f35b6bcc5c09b3189268b91197dc9e251955a1471ac1fbd59d49e4cb4964f453098f9f1c140f3be5a337f931d6093ba1493cd05dc8a169bd5a87105e437212f886a537b1cdb14429857e63ea3270203010001&quot;,
  &quot;shredKeyFingerprint&quot;: &quot;24378cdbdbdc1e226a0ce89285c30431950418174a72a7fb990bd20f1b13825a&quot;,
  &quot;fcmRegistrationId&quot;: &quot;APA91bHPRgkF3JUikC4ENAHEeMrd41Zxv3hVZjC9KtT8OvPVG&quot;,
  &quot;rgk&quot;: {
    &quot;encryptedEncryptionKey&quot;: &quot;ec01b2577c5b29aba408aad84316f67150bfb943789b3a5ffc05e3bc99e54dbc&quot;,
    &quot;encryptedMacKey&quot;: &quot;a8fd1ca3a3ac67ca92c4836752eaa93650bfb943789b3a5ffc05e3bc99e54dbc&quot;
  },
  &quot;gpsLocation&quot;: {
    &quot;latitude&quot;: &quot;56.9769399&quot;,
    &quot;longitude&quot;: &quot;24.1655157&quot;
  }
}


&lt; 500 INTERNAL_SERVER_ERROR Internal Server Error
&lt; Content-Type: [application/json]
&lt; Content-Length: [91]

{&quot;error&quot;:{&quot;code&quot;:&quot;INTERNAL&quot;,&quot;description&quot;:&quot;Registration failed in CloudMessaging Service&quot;}}

2021-09-11 12:59:40.338 ERROR 25651 --- [    Test worker] o.s.t.w.reactive.server.ExchangeResult   : Request details for assertion failure:

&gt; POST http://localhost:54098/sdkregistry/v1/registration/initialize
&gt; Content-Type: [application/json]
&gt; WebTestClient-Request-Id: [1]
&gt; Content-Length: [1146]

{
  &quot;sdkId&quot;: &quot;POS&quot;,
  &quot;sdkInstanceId&quot;: &quot;771E7929535CA0DB0A63F45194B845CD&quot;,
  &quot;devicePublicKey&quot;: &quot;30820122300d06092a864886f70d01010105000382010f003082010a0282010100a1eb2bb2453691d721240f724dc00d4575c65d782dc05b647d4132c9d829964462e037e22720308f36c501ead79e631df930b3fab1e04e6322a82ebb49af0d0f09b06c3f1972b1ed04b66d668af5a07fbfd535c4eb23dd064a8a8708b9c95cf4d80fc7cbef80cf2d6d5115583bc6b1331c31faa62bcc93f2a2fba154264bc4cbe00493c3cfb40584542a70c290c1b16535559433c5904d8ba023f3d75fd3562880cd5b1ced844232698c5ae014de2d9b0b6a4f35b6bcc5c09b3189268b91197dc9e251955a1471ac1fbd59d49e4cb4964f453098f9f1c140f3be5a337f931d6093ba1493cd05dc8a169bd5a87105e437212f886a537b1cdb14429857e63ea3270203010001&quot;,
  &quot;shredKeyFingerprint&quot;: &quot;24378cdbdbdc1e226a0ce89285c30431950418174a72a7fb990bd20f1b13825a&quot;,
  &quot;fcmRegistrationId&quot;: &quot;APA91bHPRgkF3JUikC4ENAHEeMrd41Zxv3hVZjC9KtT8OvPVG&quot;,
  &quot;rgk&quot;: {
    &quot;encryptedEncryptionKey&quot;: &quot;ec01b2577c5b29aba408aad84316f67150bfb943789b3a5ffc05e3bc99e54dbc&quot;,
    &quot;encryptedMacKey&quot;: &quot;a8fd1ca3a3ac67ca92c4836752eaa93650bfb943789b3a5ffc05e3bc99e54dbc&quot;
  },
  &quot;gpsLocation&quot;: {
    &quot;latitude&quot;: &quot;56.9769399&quot;,
    &quot;longitude&quot;: &quot;24.1655157&quot;
  }
}


&lt; 500 INTERNAL_SERVER_ERROR Internal Server Error
&lt; Content-Type: [application/json]
&lt; Content-Length: [91]

{&quot;error&quot;:{&quot;code&quot;:&quot;INTERNAL&quot;,&quot;description&quot;:&quot;Registration failed in CloudMessaging Service&quot;}}

</pre>
</span>
</div>
</div>
<div id="footer">
<p>
<div>
<label class="hidden" id="label-for-line-wrapping-toggle" for="line-wrapping-toggle">Wrap lines
<input id="line-wrapping-toggle" type="checkbox" autocomplete="off"/>
</label>
</div>Generated by 
<a href="http://www.gradle.org">Gradle 6.8</a> at Sep 11, 2021, 12:59:42 PM</p>
</div>
</div>
</body>
</html>
